Information,2018-03-12 9:03:03 PM,Security,593,Detailed Tracking,"A process has exited:
 	Process ID:	320
 	Image File Name:	C:\WINDOWS\system32\cmd.exe
 	User Name:	SECURITYNIK-XP$
 	Domain:		WORKGROUP
 	Logon ID:		(0x0,0x3E7)
 	Exit Status:		%6
"
Information,2018-03-12 9:03:03 PM,Security,592,Detailed Tracking,"A new process has been created:
 	New Process ID:	320
 	Image File Name:	C:\WINDOWS\system32\cmd.exe
 	Creator Process ID:	808
 	User Name:	SECURITYNIK-XP$
 	Domain:		WORKGROUP
 	Logon ID:		(0x0,0x3E7)
 	Token Elevation Type:	%7
"
Information,2018-03-12 9:03:03 PM,Security,593,Detailed Tracking,"A process has exited:
 	Process ID:	296
 	Image File Name:	C:\WINDOWS\system32\cmd.exe
 	User Name:	SECURITYNIK-XP$
 	Domain:		WORKGROUP
 	Logon ID:		(0x0,0x3E7)
 	Exit Status:		%6
"
Information,2018-03-12 9:03:03 PM,Security,593,Detailed Tracking,"A process has exited:
 	Process ID:	252
 	Image File Name:	C:\Program Files\SplunkUniversalForwarder\bin\splunk.exe
 	User Name:	SECURITYNIK-XP$
 	Domain:		WORKGROUP
 	Logon ID:		(0x0,0x3E7)
 	Exit Status:		%6
"
Information,2018-03-12 9:03:03 PM,Security,592,Detailed Tracking,"A new process has been created:
 	New Process ID:	252
 	Image File Name:	C:\Program Files\SplunkUniversalForwarder\bin\splunk.exe
 	Creator Process ID:	296
 	User Name:	SECURITYNIK-XP$
 	Domain:		WORKGROUP
 	Logon ID:		(0x0,0x3E7)
 	Token Elevation Type:	%7
"
Information,2018-03-12 9:03:03 PM,Security,592,Detailed Tracking,"A new process has been created:
 	New Process ID:	296
 	Image File Name:	C:\WINDOWS\system32\cmd.exe
 	Creator Process ID:	808
 	User Name:	SECURITYNIK-XP$
 	Domain:		WORKGROUP
 	Logon ID:		(0x0,0x3E7)
 	Token Elevation Type:	%7
"
Information,2018-03-12 9:03:03 PM,Security,593,Detailed Tracking,"A process has exited:
 	Process ID:	340
 	Image File Name:	C:\WINDOWS\system32\cmd.exe
 	User Name:	SECURITYNIK-XP$
 	Domain:		WORKGROUP
 	Logon ID:		(0x0,0x3E7)
 	Exit Status:		%6
"
Information,2018-03-12 9:03:02 PM,Security,593,Detailed Tracking,"A process has exited:
 	Process ID:	352
 	Image File Name:	C:\Program Files\SplunkUniversalForwarder\bin\splunk.exe
 	User Name:	SECURITYNIK-XP$
 	Domain:		WORKGROUP
 	Logon ID:		(0x0,0x3E7)
 	Exit Status:		%6
"
Information,2018-03-12 9:03:02 PM,Security,593,Detailed Tracking,"A process has exited:
 	Process ID:	200
 	Image File Name:	C:\WINDOWS\system32\cmd.exe
 	User Name:	SECURITYNIK-XP$
 	Domain:		WORKGROUP
 	Logon ID:		(0x0,0x3E7)
 	Exit Status:		%6
"
Information,2018-03-12 9:03:02 PM,Security,593,Detailed Tracking,"A process has exited:
 	Process ID:	1868
 	Image File Name:	C:\Program Files\SplunkUniversalForwarder\bin\btool.exe
 	User Name:	SECURITYNIK-XP$
 	Domain:		WORKGROUP
 	Logon ID:		(0x0,0x3E7)
 	Exit Status:		%6
"
Information,2018-03-12 9:03:02 PM,Security,593,Detailed Tracking,"A process has exited:
 	Process ID:	1808
 	Image File Name:	C:\Program Files\SplunkUniversalForwarder\bin\splunkd.exe
 	User Name:	SECURITYNIK-XP$
 	Domain:		WORKGROUP
 	Logon ID:		(0x0,0x3E7)
 	Exit Status:		%6
"
Information,2018-03-12 9:03:02 PM,Security,592,Detailed Tracking,"A new process has been created:
 	New Process ID:	1808
 	Image File Name:	C:\Program Files\SplunkUniversalForwarder\bin\splunkd.exe
 	Creator Process ID:	1868
 	User Name:	SECURITYNIK-XP$
 	Domain:		WORKGROUP
 	Logon ID:		(0x0,0x3E7)
 	Token Elevation Type:	%7
"
Information,2018-03-12 9:03:02 PM,Security,592,Detailed Tracking,"A new process has been created:
 	New Process ID:	1868
 	Image File Name:	C:\Program Files\SplunkUniversalForwarder\bin\btool.exe
 	Creator Process ID:	200
 	User Name:	SECURITYNIK-XP$
 	Domain:		WORKGROUP
 	Logon ID:		(0x0,0x3E7)
 	Token Elevation Type:	%7
"
Information,2018-03-12 9:03:02 PM,Security,592,Detailed Tracking,"A new process has been created:
 	New Process ID:	200
 	Image File Name:	C:\WINDOWS\system32\cmd.exe
 	Creator Process ID:	352
 	User Name:	SECURITYNIK-XP$
 	Domain:		WORKGROUP
 	Logon ID:		(0x0,0x3E7)
 	Token Elevation Type:	%7
"
Information,2018-03-12 9:03:02 PM,Security,593,Detailed Tracking,"A process has exited:
 	Process ID:	2036
 	Image File Name:	C:\WINDOWS\system32\cmd.exe
 	User Name:	SECURITYNIK-XP$
 	Domain:		WORKGROUP
 	Logon ID:		(0x0,0x3E7)
 	Exit Status:		%6
"
Information,2018-03-12 9:03:02 PM,Security,593,Detailed Tracking,"A process has exited:
 	Process ID:	2044
 	Image File Name:	C:\Program Files\SplunkUniversalForwarder\bin\btool.exe
 	User Name:	SECURITYNIK-XP$
 	Domain:		WORKGROUP
 	Logon ID:		(0x0,0x3E7)
 	Exit Status:		%6
"
Information,2018-03-12 9:03:02 PM,Security,593,Detailed Tracking,"A process has exited:
 	Process ID:	112
 	Image File Name:	C:\Program Files\SplunkUniversalForwarder\bin\splunkd.exe
 	User Name:	SECURITYNIK-XP$
 	Domain:		WORKGROUP
 	Logon ID:		(0x0,0x3E7)
 	Exit Status:		%6
"
Information,2018-03-12 9:03:02 PM,Security,592,Detailed Tracking,"A new process has been created:
 	New Process ID:	112
 	Image File Name:	C:\Program Files\SplunkUniversalForwarder\bin\splunkd.exe
 	Creator Process ID:	2044
 	User Name:	SECURITYNIK-XP$
 	Domain:		WORKGROUP
 	Logon ID:		(0x0,0x3E7)
 	Token Elevation Type:	%7
"
Information,2018-03-12 9:03:02 PM,Security,592,Detailed Tracking,"A new process has been created:
 	New Process ID:	2044
 	Image File Name:	C:\Program Files\SplunkUniversalForwarder\bin\btool.exe
 	Creator Process ID:	2036
 	User Name:	SECURITYNIK-XP$
 	Domain:		WORKGROUP
 	Logon ID:		(0x0,0x3E7)
 	Token Elevation Type:	%7
"
Information,2018-03-12 9:03:02 PM,Security,592,Detailed Tracking,"A new process has been created:
 	New Process ID:	2036
 	Image File Name:	C:\WINDOWS\system32\cmd.exe
 	Creator Process ID:	352
 	User Name:	SECURITYNIK-XP$
 	Domain:		WORKGROUP
 	Logon ID:		(0x0,0x3E7)
 	Token Elevation Type:	%7
"
Information,2018-03-12 9:03:02 PM,Security,593,Detailed Tracking,"A process has exited:
 	Process ID:	1768
 	Image File Name:	C:\Program Files\SplunkUniversalForwarder\bin\splunkd.exe
 	User Name:	SECURITYNIK-XP$
 	Domain:		WORKGROUP
 	Logon ID:		(0x0,0x3E7)
 	Exit Status:		%6
"
Information,2018-03-12 9:03:02 PM,Security,592,Detailed Tracking,"A new process has been created:
 	New Process ID:	1768
 	Image File Name:	C:\Program Files\SplunkUniversalForwarder\bin\splunkd.exe
 	Creator Process ID:	352
 	User Name:	SECURITYNIK-XP$
 	Domain:		WORKGROUP
 	Logon ID:		(0x0,0x3E7)
 	Token Elevation Type:	%7
"
Information,2018-03-12 9:03:02 PM,Security,593,Detailed Tracking,"A process has exited:
 	Process ID:	1544
 	Image File Name:	C:\Program Files\SplunkUniversalForwarder\bin\btool.exe
 	User Name:	SECURITYNIK-XP$
 	Domain:		WORKGROUP
 	Logon ID:		(0x0,0x3E7)
 	Exit Status:		%6
"
Information,2018-03-12 9:03:02 PM,Security,593,Detailed Tracking,"A process has exited:
 	Process ID:	1540
 	Image File Name:	C:\Program Files\SplunkUniversalForwarder\bin\splunkd.exe
 	User Name:	SECURITYNIK-XP$
 	Domain:		WORKGROUP
 	Logon ID:		(0x0,0x3E7)
 	Exit Status:		%6
"
Information,2018-03-12 9:03:02 PM,Security,592,Detailed Tracking,"A new process has been created:
 	New Process ID:	1540
 	Image File Name:	C:\Program Files\SplunkUniversalForwarder\bin\splunkd.exe
 	Creator Process ID:	1544
 	User Name:	SECURITYNIK-XP$
 	Domain:		WORKGROUP
 	Logon ID:		(0x0,0x3E7)
 	Token Elevation Type:	%7
"
Information,2018-03-12 9:03:02 PM,Security,592,Detailed Tracking,"A new process has been created:
 	New Process ID:	1544
 	Image File Name:	C:\Program Files\SplunkUniversalForwarder\bin\btool.exe
 	Creator Process ID:	352
 	User Name:	SECURITYNIK-XP$
 	Domain:		WORKGROUP
 	Logon ID:		(0x0,0x3E7)
 	Token Elevation Type:	%7
"
Information,2018-03-12 9:03:02 PM,Security,593,Detailed Tracking,"A process has exited:
 	Process ID:	1288
 	Image File Name:	C:\Program Files\SplunkUniversalForwarder\bin\btool.exe
 	User Name:	SECURITYNIK-XP$
 	Domain:		WORKGROUP
 	Logon ID:		(0x0,0x3E7)
 	Exit Status:		%6
"
Information,2018-03-12 9:03:02 PM,Security,593,Detailed Tracking,"A process has exited:
 	Process ID:	1320
 	Image File Name:	C:\Program Files\SplunkUniversalForwarder\bin\splunkd.exe
 	User Name:	SECURITYNIK-XP$
 	Domain:		WORKGROUP
 	Logon ID:		(0x0,0x3E7)
 	Exit Status:		%6
"
Information,2018-03-12 9:03:01 PM,Security,592,Detailed Tracking,"A new process has been created:
 	New Process ID:	1320
 	Image File Name:	C:\Program Files\SplunkUniversalForwarder\bin\splunkd.exe
 	Creator Process ID:	1288
 	User Name:	SECURITYNIK-XP$
 	Domain:		WORKGROUP
 	Logon ID:		(0x0,0x3E7)
 	Token Elevation Type:	%7
"
Information,2018-03-12 9:03:01 PM,Security,592,Detailed Tracking,"A new process has been created:
 	New Process ID:	1288
 	Image File Name:	C:\Program Files\SplunkUniversalForwarder\bin\btool.exe
 	Creator Process ID:	352
 	User Name:	SECURITYNIK-XP$
 	Domain:		WORKGROUP
 	Logon ID:		(0x0,0x3E7)
 	Token Elevation Type:	%7
"
Information,2018-03-12 9:03:01 PM,Security,593,Detailed Tracking,"A process has exited:
 	Process ID:	1132
 	Image File Name:	C:\Program Files\SplunkUniversalForwarder\bin\btool.exe
 	User Name:	SECURITYNIK-XP$
 	Domain:		WORKGROUP
 	Logon ID:		(0x0,0x3E7)
 	Exit Status:		%6
"
Information,2018-03-12 9:03:01 PM,Security,593,Detailed Tracking,"A process has exited:
 	Process ID:	1160
 	Image File Name:	C:\Program Files\SplunkUniversalForwarder\bin\splunkd.exe
 	User Name:	SECURITYNIK-XP$
 	Domain:		WORKGROUP
 	Logon ID:		(0x0,0x3E7)
 	Exit Status:		%6
"
Information,2018-03-12 9:03:01 PM,Security,592,Detailed Tracking,"A new process has been created:
 	New Process ID:	1160
 	Image File Name:	C:\Program Files\SplunkUniversalForwarder\bin\splunkd.exe
 	Creator Process ID:	1132
 	User Name:	SECURITYNIK-XP$
 	Domain:		WORKGROUP
 	Logon ID:		(0x0,0x3E7)
 	Token Elevation Type:	%7
"
Information,2018-03-12 9:03:01 PM,Security,592,Detailed Tracking,"A new process has been created:
 	New Process ID:	1132
 	Image File Name:	C:\Program Files\SplunkUniversalForwarder\bin\btool.exe
 	Creator Process ID:	352
 	User Name:	SECURITYNIK-XP$
 	Domain:		WORKGROUP
 	Logon ID:		(0x0,0x3E7)
 	Token Elevation Type:	%7
"
Information,2018-03-12 9:03:01 PM,Security,593,Detailed Tracking,"A process has exited:
 	Process ID:	1784
 	Image File Name:	C:\Program Files\SplunkUniversalForwarder\bin\btool.exe
 	User Name:	SECURITYNIK-XP$
 	Domain:		WORKGROUP
 	Logon ID:		(0x0,0x3E7)
 	Exit Status:		%6
"
Information,2018-03-12 9:03:01 PM,Security,593,Detailed Tracking,"A process has exited:
 	Process ID:	688
 	Image File Name:	C:\Program Files\SplunkUniversalForwarder\bin\splunkd.exe
 	User Name:	SECURITYNIK-XP$
 	Domain:		WORKGROUP
 	Logon ID:		(0x0,0x3E7)
 	Exit Status:		%6
"
Information,2018-03-12 9:03:01 PM,Security,592,Detailed Tracking,"A new process has been created:
 	New Process ID:	688
 	Image File Name:	C:\Program Files\SplunkUniversalForwarder\bin\splunkd.exe
 	Creator Process ID:	1784
 	User Name:	SECURITYNIK-XP$
 	Domain:		WORKGROUP
 	Logon ID:		(0x0,0x3E7)
 	Token Elevation Type:	%7
"
Information,2018-03-12 9:03:01 PM,Security,592,Detailed Tracking,"A new process has been created:
 	New Process ID:	1784
 	Image File Name:	C:\Program Files\SplunkUniversalForwarder\bin\btool.exe
 	Creator Process ID:	352
 	User Name:	SECURITYNIK-XP$
 	Domain:		WORKGROUP
 	Logon ID:		(0x0,0x3E7)
 	Token Elevation Type:	%7
"
Information,2018-03-12 9:03:01 PM,Security,593,Detailed Tracking,"A process has exited:
 	Process ID:	580
 	Image File Name:	C:\Program Files\SplunkUniversalForwarder\bin\btool.exe
 	User Name:	SECURITYNIK-XP$
 	Domain:		WORKGROUP
 	Logon ID:		(0x0,0x3E7)
 	Exit Status:		%6
"
Information,2018-03-12 9:03:01 PM,Security,593,Detailed Tracking,"A process has exited:
 	Process ID:	588
 	Image File Name:	C:\Program Files\SplunkUniversalForwarder\bin\splunkd.exe
 	User Name:	SECURITYNIK-XP$
 	Domain:		WORKGROUP
 	Logon ID:		(0x0,0x3E7)
 	Exit Status:		%6
"
Information,2018-03-12 9:03:01 PM,Security,592,Detailed Tracking,"A new process has been created:
 	New Process ID:	588
 	Image File Name:	C:\Program Files\SplunkUniversalForwarder\bin\splunkd.exe
 	Creator Process ID:	580
 	User Name:	SECURITYNIK-XP$
 	Domain:		WORKGROUP
 	Logon ID:		(0x0,0x3E7)
 	Token Elevation Type:	%7
"
Information,2018-03-12 9:03:01 PM,Security,592,Detailed Tracking,"A new process has been created:
 	New Process ID:	580
 	Image File Name:	C:\Program Files\SplunkUniversalForwarder\bin\btool.exe
 	Creator Process ID:	352
 	User Name:	SECURITYNIK-XP$
 	Domain:		WORKGROUP
 	Logon ID:		(0x0,0x3E7)
 	Token Elevation Type:	%7
"
Information,2018-03-12 9:03:01 PM,Security,593,Detailed Tracking,"A process has exited:
 	Process ID:	492
 	Image File Name:	C:\Program Files\SplunkUniversalForwarder\bin\splunkd.exe
 	User Name:	SECURITYNIK-XP$
 	Domain:		WORKGROUP
 	Logon ID:		(0x0,0x3E7)
 	Exit Status:		%6
"
Information,2018-03-12 9:03:01 PM,Security,593,Detailed Tracking,"A process has exited:
 	Process ID:	880
 	Image File Name:	C:\WINDOWS\system32\verclsid.exe
 	User Name:	SecurityNik
 	Domain:		SECURITYNIK-XP
 	Logon ID:		(0x0,0xA8BA)
 	Exit Status:		%6
"
Information,2018-03-12 9:03:01 PM,Security,592,Detailed Tracking,"A new process has been created:
 	New Process ID:	492
 	Image File Name:	C:\Program Files\SplunkUniversalForwarder\bin\splunkd.exe
 	Creator Process ID:	352
 	User Name:	SECURITYNIK-XP$
 	Domain:		WORKGROUP
 	Logon ID:		(0x0,0x3E7)
 	Token Elevation Type:	%7
"
Information,2018-03-12 9:03:01 PM,Security,593,Detailed Tracking,"A process has exited:
 	Process ID:	360
 	Image File Name:	C:\Program Files\SplunkUniversalForwarder\bin\splunkd.exe
 	User Name:	SECURITYNIK-XP$
 	Domain:		WORKGROUP
 	Logon ID:		(0x0,0x3E7)
 	Exit Status:		%6
"
Information,2018-03-12 9:03:00 PM,Security,592,Detailed Tracking,"A new process has been created:
 	New Process ID:	880
 	Image File Name:	C:\WINDOWS\system32\verclsid.exe
 	Creator Process ID:	1640
 	User Name:	SecurityNik
 	Domain:		SECURITYNIK-XP
 	Logon ID:		(0x0,0xA8BA)
 	Token Elevation Type:	%7
"
Information,2018-03-12 9:03:00 PM,Security,593,Detailed Tracking,"A process has exited:
 	Process ID:	300
 	Image File Name:	C:\WINDOWS\system32\verclsid.exe
 	User Name:	SecurityNik
 	Domain:		SECURITYNIK-XP
 	Logon ID:		(0x0,0xA8BA)
 	Exit Status:		%6
"
Information,2018-03-12 9:03:00 PM,Security,592,Detailed Tracking,"A new process has been created:
 	New Process ID:	360
 	Image File Name:	C:\Program Files\SplunkUniversalForwarder\bin\splunkd.exe
 	Creator Process ID:	352
 	User Name:	SECURITYNIK-XP$
 	Domain:		WORKGROUP
 	Logon ID:		(0x0,0x3E7)
 	Token Elevation Type:	%7
"
Information,2018-03-12 9:03:00 PM,Security,592,Detailed Tracking,"A new process has been created:
 	New Process ID:	352
 	Image File Name:	C:\Program Files\SplunkUniversalForwarder\bin\splunk.exe
 	Creator Process ID:	340
 	User Name:	SECURITYNIK-XP$
 	Domain:		WORKGROUP
 	Logon ID:		(0x0,0x3E7)
 	Token Elevation Type:	%7
"
Information,2018-03-12 9:03:00 PM,Security,592,Detailed Tracking,"A new process has been created:
 	New Process ID:	340
 	Image File Name:	C:\WINDOWS\system32\cmd.exe
 	Creator Process ID:	808
 	User Name:	SECURITYNIK-XP$
 	Domain:		WORKGROUP
 	Logon ID:		(0x0,0x3E7)
 	Token Elevation Type:	%7
"
Information,2018-03-12 9:03:00 PM,Security,593,Detailed Tracking,"A process has exited:
 	Process ID:	1604
 	Image File Name:	C:\WINDOWS\system32\cmd.exe
 	User Name:	SECURITYNIK-XP$
 	Domain:		WORKGROUP
 	Logon ID:		(0x0,0x3E7)
 	Exit Status:		%6
"
Information,2018-03-12 9:03:00 PM,Security,593,Detailed Tracking,"A process has exited:
 	Process ID:	1380
 	Image File Name:	C:\Program Files\SplunkUniversalForwarder\bin\splunk.exe
 	User Name:	SECURITYNIK-XP$
 	Domain:		WORKGROUP
 	Logon ID:		(0x0,0x3E7)
 	Exit Status:		%6
"
Information,2018-03-12 9:03:00 PM,Security,593,Detailed Tracking,"A process has exited:
 	Process ID:	1960
 	Image File Name:	C:\WINDOWS\system32\cmd.exe
 	User Name:	SECURITYNIK-XP$
 	Domain:		WORKGROUP
 	Logon ID:		(0x0,0x3E7)
 	Exit Status:		%6
"
Information,2018-03-12 9:03:00 PM,Security,593,Detailed Tracking,"A process has exited:
 	Process ID:	240
 	Image File Name:	C:\Program Files\SplunkUniversalForwarder\bin\btool.exe
 	User Name:	SECURITYNIK-XP$
 	Domain:		WORKGROUP
 	Logon ID:		(0x0,0x3E7)
 	Exit Status:		%6
"
Information,2018-03-12 9:03:00 PM,Security,593,Detailed Tracking,"A process has exited:
 	Process ID:	248
 	Image File Name:	C:\Program Files\SplunkUniversalForwarder\bin\splunkd.exe
 	User Name:	SECURITYNIK-XP$
 	Domain:		WORKGROUP
 	Logon ID:		(0x0,0x3E7)
 	Exit Status:		%6
"
Information,2018-03-12 9:03:00 PM,Security,592,Detailed Tracking,"A new process has been created:
 	New Process ID:	300
 	Image File Name:	C:\WINDOWS\system32\verclsid.exe
 	Creator Process ID:	1640
 	User Name:	SecurityNik
 	Domain:		SECURITYNIK-XP
 	Logon ID:		(0x0,0xA8BA)
 	Token Elevation Type:	%7
"
Information,2018-03-12 9:03:00 PM,Security,592,Detailed Tracking,"A new process has been created:
 	New Process ID:	248
 	Image File Name:	C:\Program Files\SplunkUniversalForwarder\bin\splunkd.exe
 	Creator Process ID:	240
 	User Name:	SECURITYNIK-XP$
 	Domain:		WORKGROUP
 	Logon ID:		(0x0,0x3E7)
 	Token Elevation Type:	%7
"
Information,2018-03-12 9:03:00 PM,Security,592,Detailed Tracking,"A new process has been created:
 	New Process ID:	240
 	Image File Name:	C:\Program Files\SplunkUniversalForwarder\bin\btool.exe
 	Creator Process ID:	1960
 	User Name:	SECURITYNIK-XP$
 	Domain:		WORKGROUP
 	Logon ID:		(0x0,0x3E7)
 	Token Elevation Type:	%7
"
Information,2018-03-12 9:03:00 PM,Security,592,Detailed Tracking,"A new process has been created:
 	New Process ID:	1960
 	Image File Name:	C:\WINDOWS\system32\cmd.exe
 	Creator Process ID:	1380
 	User Name:	SECURITYNIK-XP$
 	Domain:		WORKGROUP
 	Logon ID:		(0x0,0x3E7)
 	Token Elevation Type:	%7
"
Information,2018-03-12 9:03:00 PM,Security,593,Detailed Tracking,"A process has exited:
 	Process ID:	1384
 	Image File Name:	C:\WINDOWS\system32\cmd.exe
 	User Name:	SECURITYNIK-XP$
 	Domain:		WORKGROUP
 	Logon ID:		(0x0,0x3E7)
 	Exit Status:		%6
"
Information,2018-03-12 9:03:00 PM,Security,593,Detailed Tracking,"A process has exited:
 	Process ID:	1808
 	Image File Name:	C:\Program Files\SplunkUniversalForwarder\bin\btool.exe
 	User Name:	SECURITYNIK-XP$
 	Domain:		WORKGROUP
 	Logon ID:		(0x0,0x3E7)
 	Exit Status:		%6
"
Information,2018-03-12 9:03:00 PM,Security,593,Detailed Tracking,"A process has exited:
 	Process ID:	1872
 	Image File Name:	C:\Program Files\SplunkUniversalForwarder\bin\splunkd.exe
 	User Name:	SECURITYNIK-XP$
 	Domain:		WORKGROUP
 	Logon ID:		(0x0,0x3E7)
 	Exit Status:		%6
"
Information,2018-03-12 9:03:00 PM,Security,592,Detailed Tracking,"A new process has been created:
 	New Process ID:	1932
 	Image File Name:	C:\WINDOWS\system32\wuauclt.exe
 	Creator Process ID:	1180
 	User Name:	SECURITYNIK-XP$
 	Domain:		WORKGROUP
 	Logon ID:		(0x0,0x3E7)
 	Token Elevation Type:	%7
"
Information,2018-03-12 9:03:00 PM,Security,592,Detailed Tracking,"A new process has been created:
 	New Process ID:	1872
 	Image File Name:	C:\Program Files\SplunkUniversalForwarder\bin\splunkd.exe
 	Creator Process ID:	1808
 	User Name:	SECURITYNIK-XP$
 	Domain:		WORKGROUP
 	Logon ID:		(0x0,0x3E7)
 	Token Elevation Type:	%7
"
Information,2018-03-12 9:03:00 PM,Security,592,Detailed Tracking,"A new process has been created:
 	New Process ID:	1808
 	Image File Name:	C:\Program Files\SplunkUniversalForwarder\bin\btool.exe
 	Creator Process ID:	1384
 	User Name:	SECURITYNIK-XP$
 	Domain:		WORKGROUP
 	Logon ID:		(0x0,0x3E7)
 	Token Elevation Type:	%7
"
Information,2018-03-12 9:03:00 PM,Security,592,Detailed Tracking,"A new process has been created:
 	New Process ID:	1384
 	Image File Name:	C:\WINDOWS\system32\cmd.exe
 	Creator Process ID:	1380
 	User Name:	SECURITYNIK-XP$
 	Domain:		WORKGROUP
 	Logon ID:		(0x0,0x3E7)
 	Token Elevation Type:	%7
"
Information,2018-03-12 9:03:00 PM,Security,592,Detailed Tracking,"A new process has been created:
 	New Process ID:	1380
 	Image File Name:	C:\Program Files\SplunkUniversalForwarder\bin\splunk.exe
 	Creator Process ID:	1604
 	User Name:	SECURITYNIK-XP$
 	Domain:		WORKGROUP
 	Logon ID:		(0x0,0x3E7)
 	Token Elevation Type:	%7
"
Information,2018-03-12 9:03:00 PM,Security,592,Detailed Tracking,"A new process has been created:
 	New Process ID:	1604
 	Image File Name:	C:\WINDOWS\system32\cmd.exe
 	Creator Process ID:	808
 	User Name:	SECURITYNIK-XP$
 	Domain:		WORKGROUP
 	Logon ID:		(0x0,0x3E7)
 	Token Elevation Type:	%7
"
Information,2018-03-12 9:02:56 PM,Security,593,Detailed Tracking,"A process has exited:
 	Process ID:	1388
 	Image File Name:	C:\WINDOWS\system32\cmd.exe
 	User Name:	SECURITYNIK-XP$
 	Domain:		WORKGROUP
 	Logon ID:		(0x0,0x3E7)
 	Exit Status:		%6
"
Information,2018-03-12 9:02:56 PM,Security,593,Detailed Tracking,"A process has exited:
 	Process ID:	1476
 	Image File Name:	C:\Program Files\SplunkUniversalForwarder\bin\splunk.exe
 	User Name:	SECURITYNIK-XP$
 	Domain:		WORKGROUP
 	Logon ID:		(0x0,0x3E7)
 	Exit Status:		%6
"
Information,2018-03-12 9:02:56 PM,Security,592,Detailed Tracking,"A new process has been created:
 	New Process ID:	1476
 	Image File Name:	C:\Program Files\SplunkUniversalForwarder\bin\splunk.exe
 	Creator Process ID:	1388
 	User Name:	SECURITYNIK-XP$
 	Domain:		WORKGROUP
 	Logon ID:		(0x0,0x3E7)
 	Token Elevation Type:	%7
"
Information,2018-03-12 9:02:56 PM,Security,592,Detailed Tracking,"A new process has been created:
 	New Process ID:	1388
 	Image File Name:	C:\WINDOWS\system32\cmd.exe
 	Creator Process ID:	808
 	User Name:	SECURITYNIK-XP$
 	Domain:		WORKGROUP
 	Logon ID:		(0x0,0x3E7)
 	Token Elevation Type:	%7
"
Information,2018-03-12 9:02:56 PM,Security,615,Policy Change,"IPSec Services has started successfully.
"
Information,2018-03-12 9:02:56 PM,Security,540,Logon/Logoff,"Successful Network Logon:
 	User Name:	
 	Domain:		
 	Logon ID:		(0x0,0x1CEE9)
 	Logon Type:	3
 	Logon Process:	NtLmSsp 
 	Authentication Package:	NTLM
 	Workstation Name:	
 	Logon GUID:	-
 	Caller User Name:	%9
 	Caller Domain:	%10
 	Caller Logon ID:	%11
 	Caller Process ID: %12
 	Transited Services: %13
 	Source Network Address:	%14
 	Source Port:	%15
 	Caller Process Name:	%16
"
Information,2018-03-12 9:02:56 PM,Security,577,Privilege Use,"Privileged Service Called:
 	Server:		NT Local Security Authority / Authentication Service
 	Service:		LsaRegisterLogonProcess()
 	Primary User Name:	SECURITYNIK-XP$
 	Primary Domain:	WORKGROUP
 	Primary Logon ID:	(0x0,0x3E7)
 	Client User Name:	SECURITYNIK-XP$
 	Client Domain:	WORKGROUP
 	Client Logon ID:	(0x0,0x3E7)
 	Privileges:	SeTcbPrivilege
 	Process ID:	%10
 	Process Name:	%11"
Information,2018-03-12 9:02:56 PM,Security,515,System Event,"A trusted logon process has registered with the Local Security Authority. This logon process will be trusted to submit logon requests. 
 
 	Logon Process Name:	Secondary Logon Service
 	Caller User Name:	%2
 	Caller Domain:	%3
 	Caller Logon ID:	%4
"
Information,2018-03-12 9:02:56 PM,Security,592,Detailed Tracking,"A new process has been created:
 	New Process ID:	808
 	Image File Name:	C:\Program Files\SplunkUniversalForwarder\bin\splunkd.exe
 	Creator Process ID:	752
 	User Name:	SECURITYNIK-XP$
 	Domain:		WORKGROUP
 	Logon ID:		(0x0,0x3E7)
 	Token Elevation Type:	%7
"
Information,2018-03-12 9:02:56 PM,Security,576,Privilege Use,"Special privileges assigned to new logon:
 	User Name:	LOCAL SERVICE
 	Domain:		NT AUTHORITY
 	Logon ID:		(0x0,0x3E5)
 	Privileges:	SeAuditPrivilege
			SeAssignPrimaryTokenPrivilege
			SeChangeNotifyPrivilege"
Information,2018-03-12 9:02:56 PM,Security,528,Logon/Logoff,"Successful Logon:
 	User Name:	LOCAL SERVICE
 	Domain:		NT AUTHORITY
 	Logon ID:		(0x0,0x3E5)
 	Logon Type:	5
 	Logon Process:	Advapi  
 	Authentication Package:	Negotiate
 	Workstation Name:	
 	Logon GUID:	-
 	Caller User Name:	%9
 	Caller Domain:	%10
 	Caller Logon ID:	%11
 	Caller Process ID: %12
 	Transited Services: %13
 	Source Network Address:	%14
 	Source Port:	%15
 	Caller Process Name:	%16
"
Information,2018-03-12 9:02:56 PM,Security,600,Detailed Tracking,"A process was assigned a primary token.
 Assigning Process Information:
 	Process ID:	752
 	Image File Name:	C:\WINDOWS\system32\services.exe
 	Primary User Name:	SECURITYNIK-XP$
 	Primary Domain:	WORKGROUP
 	Primary Logon ID:	(0x0,0x3E7)
 New Process Information:
 	Process ID:	656
 	Image File Name:	C:\WINDOWS\system32\svchost.exe
 	Target User Name:	LOCAL SERVICE
 	Target Domain:	NT AUTHORITY
 	Target Logon ID:	(0x0,0x3E5)
"
Information,2018-03-12 9:02:56 PM,Security,592,Detailed Tracking,"A new process has been created:
 	New Process ID:	656
 	Image File Name:	C:\WINDOWS\system32\svchost.exe
 	Creator Process ID:	752
 	User Name:	SECURITYNIK-XP$
 	Domain:		WORKGROUP
 	Logon ID:		(0x0,0x3E7)
 	Token Elevation Type:	%7
"
Information,2018-03-12 9:02:56 PM,Security,576,Privilege Use,"Special privileges assigned to new logon:
 	User Name:	LOCAL SERVICE
 	Domain:		NT AUTHORITY
 	Logon ID:		(0x0,0x3E5)
 	Privileges:	SeAuditPrivilege
			SeAssignPrimaryTokenPrivilege
			SeChangeNotifyPrivilege"
Information,2018-03-12 9:02:56 PM,Security,528,Logon/Logoff,"Successful Logon:
 	User Name:	LOCAL SERVICE
 	Domain:		NT AUTHORITY
 	Logon ID:		(0x0,0x3E5)
 	Logon Type:	5
 	Logon Process:	Advapi  
 	Authentication Package:	Negotiate
 	Workstation Name:	
 	Logon GUID:	-
 	Caller User Name:	%9
 	Caller Domain:	%10
 	Caller Logon ID:	%11
 	Caller Process ID: %12
 	Transited Services: %13
 	Source Network Address:	%14
 	Source Port:	%15
 	Caller Process Name:	%16
"
Information,2018-03-12 9:02:54 PM,Security,593,Detailed Tracking,"A process has exited:
 	Process ID:	1964
 	Image File Name:	C:\WINDOWS\system\svchost.exe
 	User Name:	SecurityNik
 	Domain:		SECURITYNIK-XP
 	Logon ID:		(0x0,0xA8BA)
 	Exit Status:		%6
"
Information,2018-03-12 9:02:54 PM,Security,562,Object Access,"Handle Closed:
 	Object Server:	Security
 	Handle ID:	1644
 	Process ID:	1180
 	Image File Name:	C:\WINDOWS\system32\svchost.exe
"
Information,2018-03-12 9:02:54 PM,Security,567,Object Access,"Object Access Attempt:
 	Object Server:	Security
 	Handle ID:	1644
 	Object Type:	File
 	Process ID:	1180
 	Image File Name:	C:\WINDOWS\system32\svchost.exe
 	Accesses:	WriteData (or AddFile)
			AppendData (or AddSubdirectory or CreatePipeInstance)
			
 	Access Mask:	%7
 	Object Name:	%8
 	Primary User Name:	%9
 	Primary Domain:	%10
 	Primary Logon ID:	%11
 	Client User Name:	%12
 	Client Domain:	%13
 	Client Logon ID:	%14
"
Information,2018-03-12 9:02:54 PM,Security,560,Object Access,"Object Open:
 	Object Server:	Security
 	Object Type:	File
 	Object Name:	C:\WINDOWS\Tasks\Microsoft Windows XP End of Service Notification Logon.job
 	Handle ID:	1644
 	Operation ID:	0
 	Process ID:	83833
 	Image File Name:	1180
 	Primary User Name:	C:\WINDOWS\system32\svchost.exe
 	Primary Domain:	SECURITYNIK-XP$
 	Primary Logon ID:	WORKGROUP
 	Client User Name:	(0x0,0x3E7)
 	Client Domain:	-
 	Client Logon ID:	-
 	Accesses:	-
 	Privileges:	READ_CONTROL
			SYNCHRONIZE
			WriteData (or AddFile)
			AppendData (or AddSubdirectory or CreatePipeInstance)
			WriteEA
			ReadAttributes
			WriteAttributes
			
 	Restricted Sid Count:	-
 	Access Mask:	0
"
Information,2018-03-12 9:02:54 PM,Security,593,Detailed Tracking,"A process has exited:
 	Process ID:	452
 	Image File Name:	C:\WINDOWS\system32\xp_eos.exe
 	User Name:	SecurityNik
 	Domain:		SECURITYNIK-XP
 	Logon ID:		(0x0,0xA8BA)
 	Exit Status:		%6
"
Information,2018-03-12 9:02:54 PM,Security,562,Object Access,"Handle Closed:
 	Object Server:	Security
 	Handle ID:	1656
 	Process ID:	1180
 	Image File Name:	C:\WINDOWS\system32\svchost.exe
"
Information,2018-03-12 9:02:54 PM,Security,567,Object Access,"Object Access Attempt:
 	Object Server:	Security
 	Handle ID:	1656
 	Object Type:	File
 	Process ID:	1180
 	Image File Name:	C:\WINDOWS\system32\svchost.exe
 	Accesses:	WriteData (or AddFile)
			AppendData (or AddSubdirectory or CreatePipeInstance)
			
 	Access Mask:	%7
 	Object Name:	%8
 	Primary User Name:	%9
 	Primary Domain:	%10
 	Primary Logon ID:	%11
 	Client User Name:	%12
 	Client Domain:	%13
 	Client Logon ID:	%14
"
Information,2018-03-12 9:02:54 PM,Security,560,Object Access,"Object Open:
 	Object Server:	Security
 	Object Type:	File
 	Object Name:	C:\WINDOWS\Tasks\Microsoft Windows XP End of Service Notification Logon.job
 	Handle ID:	1656
 	Operation ID:	0
 	Process ID:	83357
 	Image File Name:	1180
 	Primary User Name:	C:\WINDOWS\system32\svchost.exe
 	Primary Domain:	SECURITYNIK-XP$
 	Primary Logon ID:	WORKGROUP
 	Client User Name:	(0x0,0x3E7)
 	Client Domain:	-
 	Client Logon ID:	-
 	Accesses:	-
 	Privileges:	READ_CONTROL
			SYNCHRONIZE
			WriteData (or AddFile)
			AppendData (or AddSubdirectory or CreatePipeInstance)
			WriteEA
			ReadAttributes
			WriteAttributes
			
 	Restricted Sid Count:	-
 	Access Mask:	0
"
Information,2018-03-12 9:02:54 PM,Security,600,Detailed Tracking,"A process was assigned a primary token.
 Assigning Process Information:
 	Process ID:	1180
 	Image File Name:	C:\WINDOWS\system32\svchost.exe
 	Primary User Name:	SECURITYNIK-XP$
 	Primary Domain:	WORKGROUP
 	Primary Logon ID:	(0x0,0x3E7)
 New Process Information:
 	Process ID:	452
 	Image File Name:	C:\WINDOWS\system32\xp_eos.exe
 	Target User Name:	SecurityNik
 	Target Domain:	SECURITYNIK-XP
 	Target Logon ID:	(0x0,0xA8BA)
"
Information,2018-03-12 9:02:54 PM,Security,592,Detailed Tracking,"A new process has been created:
 	New Process ID:	452
 	Image File Name:	C:\WINDOWS\system32\xp_eos.exe
 	Creator Process ID:	1180
 	User Name:	SECURITYNIK-XP$
 	Domain:		WORKGROUP
 	Logon ID:		(0x0,0x3E7)
 	Token Elevation Type:	%7
"
Information,2018-03-12 9:02:53 PM,Security,806,Policy Change,"Per User Audit Policy table created.
 	Number of elements:	0
 	Policy ID:	(0x0,0x143F7)
"
Information,2018-03-12 9:02:51 PM,Security,593,Detailed Tracking,"A process has exited:
 	Process ID:	1968
 	Image File Name:	C:\WINDOWS\system\svchost.exe
 	User Name:	SecurityNik
 	Domain:		SECURITYNIK-XP
 	Logon ID:		(0x0,0xA8BA)
 	Exit Status:		%6
"
Information,2018-03-12 9:02:50 PM,Security,593,Detailed Tracking,"A process has exited:
 	Process ID:	1844
 	Image File Name:	C:\WINDOWS\system32\wscript.exe
 	User Name:	SecurityNik
 	Domain:		SECURITYNIK-XP
 	Logon ID:		(0x0,0xA8BA)
 	Exit Status:		%6
"
Information,2018-03-12 9:02:50 PM,Security,593,Detailed Tracking,"A process has exited:
 	Process ID:	1876
 	Image File Name:	C:\WINDOWS\system32\wscript.exe
 	User Name:	SecurityNik
 	Domain:		SECURITYNIK-XP
 	Logon ID:		(0x0,0xA8BA)
 	Exit Status:		%6
"
Information,2018-03-12 9:02:50 PM,Security,592,Detailed Tracking,"A new process has been created:
 	New Process ID:	1968
 	Image File Name:	C:\WINDOWS\system\svchost.exe
 	Creator Process ID:	1876
 	User Name:	SecurityNik
 	Domain:		SECURITYNIK-XP
 	Logon ID:		(0x0,0xA8BA)
 	Token Elevation Type:	%7
"
Information,2018-03-12 9:02:50 PM,Security,592,Detailed Tracking,"A new process has been created:
 	New Process ID:	1964
 	Image File Name:	C:\WINDOWS\system\svchost.exe
 	Creator Process ID:	1844
 	User Name:	SecurityNik
 	Domain:		SECURITYNIK-XP
 	Logon ID:		(0x0,0xA8BA)
 	Token Elevation Type:	%7
"
Information,2018-03-12 9:02:50 PM,Security,593,Detailed Tracking,"A process has exited:
 	Process ID:	1868
 	Image File Name:	C:\WINDOWS\system32\dumprep.exe
 	User Name:	SecurityNik
 	Domain:		SECURITYNIK-XP
 	Logon ID:		(0x0,0xA8BA)
 	Exit Status:		%6
"
Information,2018-03-12 9:02:50 PM,Security,592,Detailed Tracking,"A new process has been created:
 	New Process ID:	1876
 	Image File Name:	C:\WINDOWS\system32\wscript.exe
 	Creator Process ID:	1640
 	User Name:	SecurityNik
 	Domain:		SECURITYNIK-XP
 	Logon ID:		(0x0,0xA8BA)
 	Token Elevation Type:	%7
"
Information,2018-03-12 9:02:50 PM,Security,593,Detailed Tracking,"A process has exited:
 	Process ID:	1852
 	Image File Name:	C:\WINDOWS\system32\dumprep.exe
 	User Name:	SecurityNik
 	Domain:		SECURITYNIK-XP
 	Logon ID:		(0x0,0xA8BA)
 	Exit Status:		%6
"
Information,2018-03-12 9:02:50 PM,Security,592,Detailed Tracking,"A new process has been created:
 	New Process ID:	1868
 	Image File Name:	C:\WINDOWS\system32\dumprep.exe
 	Creator Process ID:	1852
 	User Name:	SecurityNik
 	Domain:		SECURITYNIK-XP
 	Logon ID:		(0x0,0xA8BA)
 	Token Elevation Type:	%7
"
Information,2018-03-12 9:02:50 PM,Security,592,Detailed Tracking,"A new process has been created:
 	New Process ID:	1852
 	Image File Name:	C:\WINDOWS\system32\dumprep.exe
 	Creator Process ID:	1640
 	User Name:	SecurityNik
 	Domain:		SECURITYNIK-XP
 	Logon ID:		(0x0,0xA8BA)
 	Token Elevation Type:	%7
"
Information,2018-03-12 9:02:50 PM,Security,592,Detailed Tracking,"A new process has been created:
 	New Process ID:	1844
 	Image File Name:	C:\WINDOWS\system32\wscript.exe
 	Creator Process ID:	1640
 	User Name:	SecurityNik
 	Domain:		SECURITYNIK-XP
 	Logon ID:		(0x0,0xA8BA)
 	Token Elevation Type:	%7
"
Information,2018-03-12 9:02:50 PM,Security,592,Detailed Tracking,"A new process has been created:
 	New Process ID:	1832
 	Image File Name:	C:\WINDOWS\system32\VBoxTray.exe
 	Creator Process ID:	1640
 	User Name:	SecurityNik
 	Domain:		SECURITYNIK-XP
 	Logon ID:		(0x0,0xA8BA)
 	Token Elevation Type:	%7
"
Information,2018-03-12 9:02:50 PM,Security,593,Detailed Tracking,"A process has exited:
 	Process ID:	1804
 	Image File Name:	C:\WINDOWS\system32\verclsid.exe
 	User Name:	SecurityNik
 	Domain:		SECURITYNIK-XP
 	Logon ID:		(0x0,0xA8BA)
 	Exit Status:		%6
"
Information,2018-03-12 9:02:50 PM,Security,592,Detailed Tracking,"A new process has been created:
 	New Process ID:	1804
 	Image File Name:	C:\WINDOWS\system32\verclsid.exe
 	Creator Process ID:	1640
 	User Name:	SecurityNik
 	Domain:		SECURITYNIK-XP
 	Logon ID:		(0x0,0xA8BA)
 	Token Elevation Type:	%7
"
Information,2018-03-12 9:02:50 PM,Security,593,Detailed Tracking,"A process has exited:
 	Process ID:	1772
 	Image File Name:	C:\WINDOWS\system32\verclsid.exe
 	User Name:	SecurityNik
 	Domain:		SECURITYNIK-XP
 	Logon ID:		(0x0,0xA8BA)
 	Exit Status:		%6
"
Information,2018-03-12 9:02:49 PM,Security,593,Detailed Tracking,"A process has exited:
 	Process ID:	1376
 	Image File Name:	C:\WINDOWS\system32\logonui.exe
 	User Name:	SECURITYNIK-XP$
 	Domain:		WORKGROUP
 	Logon ID:		(0x0,0x3E7)
 	Exit Status:		%6
"
Information,2018-03-12 9:02:49 PM,Security,577,Privilege Use,"Privileged Service Called:
 	Server:		NT Local Security Authority / Authentication Service
 	Service:		LsaRegisterLogonProcess()
 	Primary User Name:	SECURITYNIK-XP$
 	Primary Domain:	WORKGROUP
 	Primary Logon ID:	(0x0,0x3E7)
 	Client User Name:	SECURITYNIK-XP$
 	Client Domain:	WORKGROUP
 	Client Logon ID:	(0x0,0x3E7)
 	Privileges:	SeTcbPrivilege
 	Process ID:	%10
 	Process Name:	%11"
Information,2018-03-12 9:02:49 PM,Security,515,System Event,"A trusted logon process has registered with the Local Security Authority. This logon process will be trusted to submit logon requests. 
 
 	Logon Process Name:	LAN Manager Workstation Service
 	Caller User Name:	%2
 	Caller Domain:	%3
 	Caller Logon ID:	%4
"
Information,2018-03-12 9:02:49 PM,Security,592,Detailed Tracking,"A new process has been created:
 	New Process ID:	1772
 	Image File Name:	C:\WINDOWS\system32\verclsid.exe
 	Creator Process ID:	1640
 	User Name:	SecurityNik
 	Domain:		SECURITYNIK-XP
 	Logon ID:		(0x0,0xA8BA)
 	Token Elevation Type:	%7
"
Information,2018-03-12 9:02:49 PM,Security,562,Object Access,"Handle Closed:
 	Object Server:	Security
 	Handle ID:	1392
 	Process ID:	1180
 	Image File Name:	C:\WINDOWS\system32\svchost.exe
"
Information,2018-03-12 9:02:49 PM,Security,567,Object Access,"Object Access Attempt:
 	Object Server:	Security
 	Handle ID:	1392
 	Object Type:	File
 	Process ID:	1180
 	Image File Name:	C:\WINDOWS\system32\svchost.exe
 	Accesses:	WriteData (or AddFile)
			AppendData (or AddSubdirectory or CreatePipeInstance)
			
 	Access Mask:	%7
 	Object Name:	%8
 	Primary User Name:	%9
 	Primary Domain:	%10
 	Primary Logon ID:	%11
 	Client User Name:	%12
 	Client Domain:	%13
 	Client Logon ID:	%14
"
Information,2018-03-12 9:02:49 PM,Security,562,Object Access,"Handle Closed:
 	Object Server:	Security
 	Handle ID:	1400
 	Process ID:	1180
 	Image File Name:	C:\WINDOWS\system32\svchost.exe
"
Information,2018-03-12 9:02:49 PM,Security,567,Object Access,"Object Access Attempt:
 	Object Server:	Security
 	Handle ID:	1400
 	Object Type:	File
 	Process ID:	1180
 	Image File Name:	C:\WINDOWS\system32\svchost.exe
 	Accesses:	WRITE_DAC
			
 	Access Mask:	%7
 	Object Name:	%8
 	Primary User Name:	%9
 	Primary Domain:	%10
 	Primary Logon ID:	%11
 	Client User Name:	%12
 	Client Domain:	%13
 	Client Logon ID:	%14
"
Information,2018-03-12 9:02:49 PM,Security,594,Detailed Tracking,"A handle to an object has been duplicated:
 	Source Handle ID:	1392
 	Source Process ID:	1180
 	Target Handle ID:	1400
 	Target Process ID:	1180
"
Information,2018-03-12 9:02:49 PM,Security,562,Object Access,"Handle Closed:
 	Object Server:	Security
 	Handle ID:	1400
 	Process ID:	1180
 	Image File Name:	C:\WINDOWS\system32\svchost.exe
"
Information,2018-03-12 9:02:49 PM,Security,594,Detailed Tracking,"A handle to an object has been duplicated:
 	Source Handle ID:	1392
 	Source Process ID:	1180
 	Target Handle ID:	1400
 	Target Process ID:	1180
"
Information,2018-03-12 9:02:49 PM,Security,560,Object Access,"Object Open:
 	Object Server:	Security
 	Object Type:	File
 	Object Name:	C:\WINDOWS\Tasks\SA.DAT
 	Handle ID:	1392
 	Operation ID:	0
 	Process ID:	56172
 	Image File Name:	1180
 	Primary User Name:	C:\WINDOWS\system32\svchost.exe
 	Primary Domain:	SECURITYNIK-XP$
 	Primary Logon ID:	WORKGROUP
 	Client User Name:	(0x0,0x3E7)
 	Client Domain:	-
 	Client Logon ID:	-
 	Accesses:	-
 	Privileges:	READ_CONTROL
			WRITE_DAC
			SYNCHRONIZE
			ReadData (or ListDirectory)
			WriteData (or AddFile)
			AppendData (or AddSubdirectory or CreatePipeInstance)
			ReadEA
			WriteEA
			ReadAttributes
			WriteAttributes
			
 	Restricted Sid Count:	-
 	Access Mask:	0
"
Information,2018-03-12 9:02:49 PM,Security,592,Detailed Tracking,"A new process has been created:
 	New Process ID:	1672
 	Image File Name:	C:\WINDOWS\system32\spoolsv.exe
 	Creator Process ID:	752
 	User Name:	SECURITYNIK-XP$
 	Domain:		WORKGROUP
 	Logon ID:		(0x0,0x3E7)
 	Token Elevation Type:	%7
"
Information,2018-03-12 9:02:49 PM,Security,592,Detailed Tracking,"A new process has been created:
 	New Process ID:	1640
 	Image File Name:	C:\WINDOWS\explorer.exe
 	Creator Process ID:	1612
 	User Name:	SecurityNik
 	Domain:		SECURITYNIK-XP
 	Logon ID:		(0x0,0xA8BA)
 	Token Elevation Type:	%7
"
Information,2018-03-12 9:02:49 PM,Security,600,Detailed Tracking,"A process was assigned a primary token.
 Assigning Process Information:
 	Process ID:	708
 	Image File Name:	C:\WINDOWS\system32\winlogon.exe
 	Primary User Name:	SECURITYNIK-XP$
 	Primary Domain:	WORKGROUP
 	Primary Logon ID:	(0x0,0x3E7)
 New Process Information:
 	Process ID:	1612
 	Image File Name:	C:\WINDOWS\system32\userinit.exe
 	Target User Name:	SecurityNik
 	Target Domain:	SECURITYNIK-XP
 	Target Logon ID:	(0x0,0xA8BA)
"
Information,2018-03-12 9:02:49 PM,Security,592,Detailed Tracking,"A new process has been created:
 	New Process ID:	1612
 	Image File Name:	C:\WINDOWS\system32\userinit.exe
 	Creator Process ID:	708
 	User Name:	SECURITYNIK-XP$
 	Domain:		WORKGROUP
 	Logon ID:		(0x0,0x3E7)
 	Token Elevation Type:	%7
"
Information,2018-03-12 9:02:49 PM,Security,577,Privilege Use,"Privileged Service Called:
 	Server:		Security
 	Service:		-
 	Primary User Name:	SECURITYNIK-XP$
 	Primary Domain:	WORKGROUP
 	Primary Logon ID:	(0x0,0x3E7)
 	Client User Name:	SecurityNik
 	Client Domain:	SECURITYNIK-XP
 	Client Logon ID:	(0x0,0xA8BA)
 	Privileges:	SeShutdownPrivilege
 	Process ID:	%10
 	Process Name:	%11"
Information,2018-03-12 9:02:49 PM,Security,577,Privilege Use,"Privileged Service Called:
 	Server:		Security
 	Service:		-
 	Primary User Name:	SECURITYNIK-XP$
 	Primary Domain:	WORKGROUP
 	Primary Logon ID:	(0x0,0x3E7)
 	Client User Name:	SecurityNik
 	Client Domain:	SECURITYNIK-XP
 	Client Logon ID:	(0x0,0xA8BA)
 	Privileges:	SeShutdownPrivilege
 	Process ID:	%10
 	Process Name:	%11"
Information,2018-03-12 9:02:49 PM,Security,577,Privilege Use,"Privileged Service Called:
 	Server:		Security
 	Service:		-
 	Primary User Name:	SECURITYNIK-XP$
 	Primary Domain:	WORKGROUP
 	Primary Logon ID:	(0x0,0x3E7)
 	Client User Name:	SecurityNik
 	Client Domain:	SECURITYNIK-XP
 	Client Logon ID:	(0x0,0xA8BA)
 	Privileges:	SeShutdownPrivilege
 	Process ID:	%10
 	Process Name:	%11"
Information,2018-03-12 9:02:49 PM,Security,577,Privilege Use,"Privileged Service Called:
 	Server:		Security
 	Service:		-
 	Primary User Name:	SECURITYNIK-XP$
 	Primary Domain:	WORKGROUP
 	Primary Logon ID:	(0x0,0x3E7)
 	Client User Name:	SecurityNik
 	Client Domain:	SECURITYNIK-XP
 	Client Logon ID:	(0x0,0xA8BA)
 	Privileges:	SeShutdownPrivilege
 	Process ID:	%10
 	Process Name:	%11"
Information,2018-03-12 9:02:49 PM,Security,576,Privilege Use,"Special privileges assigned to new logon:
 	User Name:	
 	Domain:		
 	Logon ID:		(0x0,0xA8BA)
 	Privileges:	SeChangeNotifyPrivilege
			SeBackupPrivilege
			SeRestorePrivilege
			SeDebugPrivilege"
Information,2018-03-12 9:02:49 PM,Security,528,Logon/Logoff,"Successful Logon:
 	User Name:	SecurityNik
 	Domain:		SECURITYNIK-XP
 	Logon ID:		(0x0,0xA8BA)
 	Logon Type:	2
 	Logon Process:	User32  
 	Authentication Package:	Negotiate
 	Workstation Name:	SECURITYNIK-XP
 	Logon GUID:	-
 	Caller User Name:	%9
 	Caller Domain:	%10
 	Caller Logon ID:	%11
 	Caller Process ID: %12
 	Transited Services: %13
 	Source Network Address:	%14
 	Source Port:	%15
 	Caller Process Name:	%16
"
Information,2018-03-12 9:02:49 PM,Security,680,Account Logon,"Logon attempt by:	MICROSOFT_AUTHENTICATION_PACKAGE_V1_0
 Logon account:	SecurityNik
 Source Workstation:	SECURITYNIK-XP
 Error Code:	0x0
"
Information,2018-03-12 9:02:49 PM,Security,538,Logon/Logoff,"User Logoff:
 	User Name:	SecurityNik
 	Domain:		SECURITYNIK-XP
 	Logon ID:		(0x0,0xA87E)
 	Logon Type:	2
"
Information,2018-03-12 9:02:49 PM,Security,576,Privilege Use,"Special privileges assigned to new logon:
 	User Name:	
 	Domain:		
 	Logon ID:		(0x0,0xA87E)
 	Privileges:	SeChangeNotifyPrivilege
			SeBackupPrivilege
			SeRestorePrivilege
			SeDebugPrivilege"
Information,2018-03-12 9:02:49 PM,Security,528,Logon/Logoff,"Successful Logon:
 	User Name:	SecurityNik
 	Domain:		SECURITYNIK-XP
 	Logon ID:		(0x0,0xA87E)
 	Logon Type:	2
 	Logon Process:	Advapi  
 	Authentication Package:	Negotiate
 	Workstation Name:	SECURITYNIK-XP
 	Logon GUID:	-
 	Caller User Name:	%9
 	Caller Domain:	%10
 	Caller Logon ID:	%11
 	Caller Process ID: %12
 	Transited Services: %13
 	Source Network Address:	%14
 	Source Port:	%15
 	Caller Process Name:	%16
"
Information,2018-03-12 9:02:49 PM,Security,680,Account Logon,"Logon attempt by:	MICROSOFT_AUTHENTICATION_PACKAGE_V1_0
 Logon account:	SecurityNik
 Source Workstation:	SECURITYNIK-XP
 Error Code:	0x0
"
Information,2018-03-12 9:02:49 PM,Security,577,Privilege Use,"Privileged Service Called:
 	Server:		NT Local Security Authority / Authentication Service
 	Service:		LsaRegisterLogonProcess()
 	Primary User Name:	SECURITYNIK-XP$
 	Primary Domain:	WORKGROUP
 	Primary Logon ID:	(0x0,0x3E7)
 	Client User Name:	SECURITYNIK-XP$
 	Client Domain:	WORKGROUP
 	Client Logon ID:	(0x0,0x3E7)
 	Privileges:	SeTcbPrivilege
 	Process ID:	%10
 	Process Name:	%11"
Information,2018-03-12 9:02:49 PM,Security,577,Privilege Use,"Privileged Service Called:
 	Server:		NT Local Security Authority / Authentication Service
 	Service:		LsaRegisterLogonProcess()
 	Primary User Name:	SECURITYNIK-XP$
 	Primary Domain:	WORKGROUP
 	Primary Logon ID:	(0x0,0x3E7)
 	Client User Name:	SECURITYNIK-XP$
 	Client Domain:	WORKGROUP
 	Client Logon ID:	(0x0,0x3E7)
 	Privileges:	SeTcbPrivilege
 	Process ID:	%10
 	Process Name:	%11"
Information,2018-03-12 9:02:49 PM,Security,577,Privilege Use,"Privileged Service Called:
 	Server:		NT Local Security Authority / Authentication Service
 	Service:		LsaRegisterLogonProcess()
 	Primary User Name:	SECURITYNIK-XP$
 	Primary Domain:	WORKGROUP
 	Primary Logon ID:	(0x0,0x3E7)
 	Client User Name:	SECURITYNIK-XP$
 	Client Domain:	WORKGROUP
 	Client Logon ID:	(0x0,0x3E7)
 	Privileges:	SeTcbPrivilege
 	Process ID:	%10
 	Process Name:	%11"
Information,2018-03-12 9:02:49 PM,Security,515,System Event,"A trusted logon process has registered with the Local Security Authority. This logon process will be trusted to submit logon requests. 
 
 	Logon Process Name:	CHAP
 	Caller User Name:	%2
 	Caller Domain:	%3
 	Caller Logon ID:	%4
"
Information,2018-03-12 9:02:49 PM,Security,600,Detailed Tracking,"A process was assigned a primary token.
 Assigning Process Information:
 	Process ID:	708
 	Image File Name:	C:\WINDOWS\system32\winlogon.exe
 	Primary User Name:	SECURITYNIK-XP$
 	Primary Domain:	WORKGROUP
 	Primary Logon ID:	(0x0,0x3E7)
 New Process Information:
 	Process ID:	1376
 	Image File Name:	C:\WINDOWS\system32\logonui.exe
 	Target User Name:	SECURITYNIK-XP$
 	Target Domain:	WORKGROUP
 	Target Logon ID:	(0x0,0x3E7)
"
Information,2018-03-12 9:02:49 PM,Security,592,Detailed Tracking,"A new process has been created:
 	New Process ID:	1376
 	Image File Name:	C:\WINDOWS\system32\logonui.exe
 	Creator Process ID:	708
 	User Name:	SECURITYNIK-XP$
 	Domain:		WORKGROUP
 	Logon ID:		(0x0,0x3E7)
 	Token Elevation Type:	%7
"
Information,2018-03-12 9:02:48 PM,Security,577,Privilege Use,"Privileged Service Called:
 	Server:		NT Local Security Authority / Authentication Service
 	Service:		LsaRegisterLogonProcess()
 	Primary User Name:	SECURITYNIK-XP$
 	Primary Domain:	WORKGROUP
 	Primary Logon ID:	(0x0,0x3E7)
 	Client User Name:	SECURITYNIK-XP$
 	Client Domain:	WORKGROUP
 	Client Logon ID:	(0x0,0x3E7)
 	Privileges:	SeTcbPrivilege
 	Process ID:	%10
 	Process Name:	%11"
Information,2018-03-12 9:02:48 PM,Security,600,Detailed Tracking,"A process was assigned a primary token.
 Assigning Process Information:
 	Process ID:	752
 	Image File Name:	C:\WINDOWS\system32\services.exe
 	Primary User Name:	SECURITYNIK-XP$
 	Primary Domain:	WORKGROUP
 	Primary Logon ID:	(0x0,0x3E7)
 New Process Information:
 	Process ID:	1272
 	Image File Name:	C:\WINDOWS\system32\svchost.exe
 	Target User Name:	LOCAL SERVICE
 	Target Domain:	NT AUTHORITY
 	Target Logon ID:	(0x0,0x3E5)
"
Information,2018-03-12 9:02:48 PM,Security,592,Detailed Tracking,"A new process has been created:
 	New Process ID:	1272
 	Image File Name:	C:\WINDOWS\system32\svchost.exe
 	Creator Process ID:	752
 	User Name:	SECURITYNIK-XP$
 	Domain:		WORKGROUP
 	Logon ID:		(0x0,0x3E7)
 	Token Elevation Type:	%7
"
Information,2018-03-12 9:02:48 PM,Security,576,Privilege Use,"Special privileges assigned to new logon:
 	User Name:	
 	Domain:		
 	Logon ID:		(0x0,0x3E5)
 	Privileges:	SeAuditPrivilege
			SeAssignPrimaryTokenPrivilege
			SeChangeNotifyPrivilege"
Information,2018-03-12 9:02:48 PM,Security,528,Logon/Logoff,"Successful Logon:
 	User Name:	LOCAL SERVICE
 	Domain:		NT AUTHORITY
 	Logon ID:		(0x0,0x3E5)
 	Logon Type:	5
 	Logon Process:	Advapi  
 	Authentication Package:	Negotiate
 	Workstation Name:	
 	Logon GUID:	-
 	Caller User Name:	%9
 	Caller Domain:	%10
 	Caller Logon ID:	%11
 	Caller Process ID: %12
 	Transited Services: %13
 	Source Network Address:	%14
 	Source Port:	%15
 	Caller Process Name:	%16
"
Information,2018-03-12 9:02:48 PM,Security,600,Detailed Tracking,"A process was assigned a primary token.
 Assigning Process Information:
 	Process ID:	752
 	Image File Name:	C:\WINDOWS\system32\services.exe
 	Primary User Name:	SECURITYNIK-XP$
 	Primary Domain:	WORKGROUP
 	Primary Logon ID:	(0x0,0x3E7)
 New Process Information:
 	Process ID:	1224
 	Image File Name:	C:\WINDOWS\system32\svchost.exe
 	Target User Name:	NETWORK SERVICE
 	Target Domain:	NT AUTHORITY
 	Target Logon ID:	(0x0,0x3E4)
"
Information,2018-03-12 9:02:48 PM,Security,592,Detailed Tracking,"A new process has been created:
 	New Process ID:	1224
 	Image File Name:	C:\WINDOWS\system32\svchost.exe
 	Creator Process ID:	752
 	User Name:	SECURITYNIK-XP$
 	Domain:		WORKGROUP
 	Logon ID:		(0x0,0x3E7)
 	Token Elevation Type:	%7
"
Information,2018-03-12 9:02:48 PM,Security,576,Privilege Use,"Special privileges assigned to new logon:
 	User Name:	NETWORK SERVICE
 	Domain:		NT AUTHORITY
 	Logon ID:		(0x0,0x3E4)
 	Privileges:	SeAuditPrivilege
			SeAssignPrimaryTokenPrivilege
			SeChangeNotifyPrivilege"
