Information,2018-03-12 9:02:48 PM,Security,528,Logon/Logoff,"Successful Logon:
 	User Name:	NETWORK SERVICE
 	Domain:		NT AUTHORITY
 	Logon ID:		(0x0,0x3E4)
 	Logon Type:	5
 	Logon Process:	Advapi  
 	Authentication Package:	Negotiate
 	Workstation Name:	
 	Logon GUID:	-
 	Caller User Name:	%9
 	Caller Domain:	%10
 	Caller Logon ID:	%11
 	Caller Process ID: %12
 	Transited Services: %13
 	Source Network Address:	%14
 	Source Port:	%15
 	Caller Process Name:	%16
"
Information,2018-03-12 9:02:48 PM,Security,592,Detailed Tracking,"A new process has been created:
 	New Process ID:	1180
 	Image File Name:	C:\WINDOWS\system32\svchost.exe
 	Creator Process ID:	752
 	User Name:	SECURITYNIK-XP$
 	Domain:		WORKGROUP
 	Logon ID:		(0x0,0x3E7)
 	Token Elevation Type:	%7
"
Information,2018-03-12 9:02:48 PM,Security,600,Detailed Tracking,"A process was assigned a primary token.
 Assigning Process Information:
 	Process ID:	752
 	Image File Name:	C:\WINDOWS\system32\services.exe
 	Primary User Name:	SECURITYNIK-XP$
 	Primary Domain:	WORKGROUP
 	Primary Logon ID:	(0x0,0x3E7)
 New Process Information:
 	Process ID:	1064
 	Image File Name:	C:\WINDOWS\system32\svchost.exe
 	Target User Name:	NETWORK SERVICE
 	Target Domain:	NT AUTHORITY
 	Target Logon ID:	(0x0,0x3E4)
"
Information,2018-03-12 9:02:48 PM,Security,592,Detailed Tracking,"A new process has been created:
 	New Process ID:	1064
 	Image File Name:	C:\WINDOWS\system32\svchost.exe
 	Creator Process ID:	752
 	User Name:	SECURITYNIK-XP$
 	Domain:		WORKGROUP
 	Logon ID:		(0x0,0x3E7)
 	Token Elevation Type:	%7
"
Information,2018-03-12 9:02:48 PM,Security,577,Privilege Use,"Privileged Service Called:
 	Server:		NT Local Security Authority / Authentication Service
 	Service:		LsaRegisterLogonProcess()
 	Primary User Name:	SECURITYNIK-XP$
 	Primary Domain:	WORKGROUP
 	Primary Logon ID:	(0x0,0x3E7)
 	Client User Name:	SECURITYNIK-XP$
 	Client Domain:	WORKGROUP
 	Client Logon ID:	(0x0,0x3E7)
 	Privileges:	SeTcbPrivilege
 	Process ID:	%10
 	Process Name:	%11"
Information,2018-03-12 9:02:48 PM,Security,577,Privilege Use,"Privileged Service Called:
 	Server:		NT Local Security Authority / Authentication Service
 	Service:		LsaRegisterLogonProcess()
 	Primary User Name:	SECURITYNIK-XP$
 	Primary Domain:	WORKGROUP
 	Primary Logon ID:	(0x0,0x3E7)
 	Client User Name:	SECURITYNIK-XP$
 	Client Domain:	WORKGROUP
 	Client Logon ID:	(0x0,0x3E7)
 	Privileges:	SeTcbPrivilege
 	Process ID:	%10
 	Process Name:	%11"
Information,2018-03-12 9:02:48 PM,Security,577,Privilege Use,"Privileged Service Called:
 	Server:		NT Local Security Authority / Authentication Service
 	Service:		LsaRegisterLogonProcess()
 	Primary User Name:	SECURITYNIK-XP$
 	Primary Domain:	WORKGROUP
 	Primary Logon ID:	(0x0,0x3E7)
 	Client User Name:	SECURITYNIK-XP$
 	Client Domain:	WORKGROUP
 	Client Logon ID:	(0x0,0x3E7)
 	Privileges:	SeTcbPrivilege
 	Process ID:	%10
 	Process Name:	%11"
Information,2018-03-12 9:02:48 PM,Security,515,System Event,"A trusted logon process has registered with the Local Security Authority. This logon process will be trusted to submit logon requests. 
 
 	Logon Process Name:	DCOMSCM
 	Caller User Name:	%2
 	Caller Domain:	%3
 	Caller Logon ID:	%4
"
Information,2018-03-12 9:02:48 PM,Security,577,Privilege Use,"Privileged Service Called:
 	Server:		NT Local Security Authority / Authentication Service
 	Service:		LsaRegisterLogonProcess()
 	Primary User Name:	SECURITYNIK-XP$
 	Primary Domain:	WORKGROUP
 	Primary Logon ID:	(0x0,0x3E7)
 	Client User Name:	SECURITYNIK-XP$
 	Client Domain:	WORKGROUP
 	Client Logon ID:	(0x0,0x3E7)
 	Privileges:	SeTcbPrivilege
 	Process ID:	%10
 	Process Name:	%11"
Information,2018-03-12 9:02:48 PM,Security,592,Detailed Tracking,"A new process has been created:
 	New Process ID:	972
 	Image File Name:	C:\WINDOWS\system32\svchost.exe
 	Creator Process ID:	752
 	User Name:	SECURITYNIK-XP$
 	Domain:		WORKGROUP
 	Logon ID:		(0x0,0x3E7)
 	Token Elevation Type:	%7
"
Information,2018-03-12 9:02:48 PM,Security,592,Detailed Tracking,"A new process has been created:
 	New Process ID:	928
 	Image File Name:	C:\WINDOWS\system32\VBoxService.exe
 	Creator Process ID:	752
 	User Name:	SECURITYNIK-XP$
 	Domain:		WORKGROUP
 	Logon ID:		(0x0,0x3E7)
 	Token Elevation Type:	%7
"
Information,2018-03-12 9:02:48 PM,Security,577,Privilege Use,"Privileged Service Called:
 	Server:		NT Local Security Authority / Authentication Service
 	Service:		LsaRegisterLogonProcess()
 	Primary User Name:	SECURITYNIK-XP$
 	Primary Domain:	WORKGROUP
 	Primary Logon ID:	(0x0,0x3E7)
 	Client User Name:	SECURITYNIK-XP$
 	Client Domain:	WORKGROUP
 	Client Logon ID:	(0x0,0x3E7)
 	Privileges:	SeTcbPrivilege
 	Process ID:	%10
 	Process Name:	%11"
Information,2018-03-12 9:02:48 PM,Security,518,System Event,"An notification package has been loaded by the Security Account Manager. This package will be notified of any account or password changes. 
 Notification Package Name:	scecli"
Information,2018-03-12 9:02:48 PM,Security,515,System Event,"A trusted logon process has registered with the Local Security Authority. This logon process will be trusted to submit logon requests. 
 
 	Logon Process Name:	KSecDD
 	Caller User Name:	%2
 	Caller Domain:	%3
 	Caller Logon ID:	%4
"
Information,2018-03-12 9:02:48 PM,Security,577,Privilege Use,"Privileged Service Called:
 	Server:		NT Local Security Authority / Authentication Service
 	Service:		LsaRegisterLogonProcess()
 	Primary User Name:	SECURITYNIK-XP$
 	Primary Domain:	WORKGROUP
 	Primary Logon ID:	(0x0,0x3E7)
 	Client User Name:	SECURITYNIK-XP$
 	Client Domain:	WORKGROUP
 	Client Logon ID:	(0x0,0x3E7)
 	Privileges:	SeTcbPrivilege
 	Process ID:	%10
 	Process Name:	%11"
Information,2018-03-12 9:02:48 PM,Security,577,Privilege Use,"Privileged Service Called:
 	Server:		NT Local Security Authority / Authentication Service
 	Service:		LsaRegisterLogonProcess()
 	Primary User Name:	SECURITYNIK-XP$
 	Primary Domain:	WORKGROUP
 	Primary Logon ID:	(0x0,0x3E7)
 	Client User Name:	SECURITYNIK-XP$
 	Client Domain:	WORKGROUP
 	Client Logon ID:	(0x0,0x3E7)
 	Privileges:	SeTcbPrivilege
 	Process ID:	%10
 	Process Name:	%11"
Information,2018-03-12 9:02:48 PM,Security,515,System Event,"A trusted logon process has registered with the Local Security Authority. This logon process will be trusted to submit logon requests. 
 
 	Logon Process Name:	Winlogon\MSGina
 	Caller User Name:	%2
 	Caller Domain:	%3
 	Caller Logon ID:	%4
"
Information,2018-03-12 9:02:48 PM,Security,515,System Event,"A trusted logon process has registered with the Local Security Authority. This logon process will be trusted to submit logon requests. 
 
 	Logon Process Name:	Winlogon
 	Caller User Name:	%2
 	Caller Domain:	%3
 	Caller Logon ID:	%4
"
Information,2018-03-12 9:02:48 PM,Security,577,Privilege Use,"Privileged Service Called:
 	Server:		NT Local Security Authority / Authentication Service
 	Service:		LsaRegisterLogonProcess()
 	Primary User Name:	SECURITYNIK-XP$
 	Primary Domain:	WORKGROUP
 	Primary Logon ID:	(0x0,0x3E7)
 	Client User Name:	SECURITYNIK-XP$
 	Client Domain:	WORKGROUP
 	Client Logon ID:	(0x0,0x3E7)
 	Privileges:	SeTcbPrivilege
 	Process ID:	%10
 	Process Name:	%11"
Information,2018-03-12 9:02:48 PM,Security,515,System Event,"A trusted logon process has registered with the Local Security Authority. This logon process will be trusted to submit logon requests. 
 
 	Logon Process Name:	KSecDD
 	Caller User Name:	%2
 	Caller Domain:	%3
 	Caller Logon ID:	%4
"
Information,2018-03-12 9:02:48 PM,Security,514,System Event,"An authentication package has been loaded by the Local Security Authority. This authentication package will be used to authenticate logon attempts. 
 Authentication Package Name:	C:\WINDOWS\system32\msv1_0.dll : MICROSOFT_AUTHENTICATION_PACKAGE_V1_0"
Information,2018-03-12 9:02:48 PM,Security,514,System Event,"An authentication package has been loaded by the Local Security Authority. This authentication package will be used to authenticate logon attempts. 
 Authentication Package Name:	C:\WINDOWS\system32\tspkg.dll : TSSSP"
Information,2018-03-12 9:02:48 PM,Security,514,System Event,"An authentication package has been loaded by the Local Security Authority. This authentication package will be used to authenticate logon attempts. 
 Authentication Package Name:	C:\WINDOWS\system32\wdigest.dll : WDigest"
Information,2018-03-12 9:02:48 PM,Security,514,System Event,"An authentication package has been loaded by the Local Security Authority. This authentication package will be used to authenticate logon attempts. 
 Authentication Package Name:	C:\WINDOWS\system32\schannel.dll : Schannel"
Information,2018-03-12 9:02:48 PM,Security,514,System Event,"An authentication package has been loaded by the Local Security Authority. This authentication package will be used to authenticate logon attempts. 
 Authentication Package Name:	C:\WINDOWS\system32\schannel.dll : Microsoft Unified Security Protocol Provider"
Information,2018-03-12 9:02:48 PM,Security,514,System Event,"An authentication package has been loaded by the Local Security Authority. This authentication package will be used to authenticate logon attempts. 
 Authentication Package Name:	C:\WINDOWS\system32\msv1_0.dll : NTLM"
Information,2018-03-12 9:02:48 PM,Security,514,System Event,"An authentication package has been loaded by the Local Security Authority. This authentication package will be used to authenticate logon attempts. 
 Authentication Package Name:	C:\WINDOWS\system32\kerberos.dll : Kerberos"
Information,2018-03-12 9:02:48 PM,Security,576,Privilege Use,"Special privileges assigned to new logon:
 	User Name:	
 	Domain:		
 	Logon ID:		(0x0,0x3E4)
 	Privileges:	SeAuditPrivilege
			SeAssignPrimaryTokenPrivilege
			SeChangeNotifyPrivilege"
Information,2018-03-12 9:02:48 PM,Security,528,Logon/Logoff,"Successful Logon:
 	User Name:	NETWORK SERVICE
 	Domain:		NT AUTHORITY
 	Logon ID:		(0x0,0x3E4)
 	Logon Type:	5
 	Logon Process:	Advapi  
 	Authentication Package:	Negotiate
 	Workstation Name:	
 	Logon GUID:	-
 	Caller User Name:	%9
 	Caller Domain:	%10
 	Caller Logon ID:	%11
 	Caller Process ID: %12
 	Transited Services: %13
 	Source Network Address:	%14
 	Source Port:	%15
 	Caller Process Name:	%16
"
Information,2018-03-12 9:02:48 PM,Security,514,System Event,"An authentication package has been loaded by the Local Security Authority. This authentication package will be used to authenticate logon attempts. 
 Authentication Package Name:	C:\WINDOWS\system32\LSASRV.dll : Negotiate"
Information,2018-03-12 9:02:42 PM,Security,592,Detailed Tracking,"A new process has been created:
 	New Process ID:	1960
 	Image File Name:	\Device\VBoxMiniRdr\vboxsrv\Tools\Comae-Toolkit-Light-3.0.20180307.1\x86\DumpIt.exe
 	Creator Process ID:	480
 	User Name:	SecurityNik
 	Domain:		SECURITYNIK-XP
 	Logon ID:		(0x0,0xA6BC)
 	Token Elevation Type:	%7
"
Information,2018-03-12 9:02:18 PM,Security,593,Detailed Tracking,"A process has exited:
 	Process ID:	484
 	Image File Name:	C:\WINDOWS\system32\logon.scr
 	User Name:	SecurityNik
 	Domain:		SECURITYNIK-XP
 	Logon ID:		(0x0,0xA6BC)
 	Exit Status:		%6
"
Information,2018-03-12 8:43:30 PM,Security,593,Detailed Tracking,"A process has exited:
 	Process ID:	1232
 	Image File Name:	C:\WINDOWS\system32\wuauclt.exe
 	User Name:	SECURITYNIK-XP$
 	Domain:		WORKGROUP
 	Logon ID:		(0x0,0x3E7)
 	Exit Status:		%6
"
Information,2018-03-12 8:38:29 PM,Security,592,Detailed Tracking,"A new process has been created:
 	New Process ID:	1232
 	Image File Name:	C:\WINDOWS\system32\wuauclt.exe
 	Creator Process ID:	1172
 	User Name:	SECURITYNIK-XP$
 	Domain:		WORKGROUP
 	Logon ID:		(0x0,0x3E7)
 	Token Elevation Type:	%7
"
Information,2018-03-12 7:38:11 PM,Security,593,Detailed Tracking,"A process has exited:
 	Process ID:	1904
 	Image File Name:	C:\WINDOWS\system32\wuauclt.exe
 	User Name:	SECURITYNIK-XP$
 	Domain:		WORKGROUP
 	Logon ID:		(0x0,0x3E7)
 	Exit Status:		%6
"
Information,2018-03-12 7:33:09 PM,Security,592,Detailed Tracking,"A new process has been created:
 	New Process ID:	1904
 	Image File Name:	C:\WINDOWS\system32\wuauclt.exe
 	Creator Process ID:	1172
 	User Name:	SECURITYNIK-XP$
 	Domain:		WORKGROUP
 	Logon ID:		(0x0,0x3E7)
 	Token Elevation Type:	%7
"
Information,2018-03-12 6:43:19 PM,Security,593,Detailed Tracking,"A process has exited:
 	Process ID:	1976
 	Image File Name:	C:\WINDOWS\system32\wuauclt.exe
 	User Name:	SECURITYNIK-XP$
 	Domain:		WORKGROUP
 	Logon ID:		(0x0,0x3E7)
 	Exit Status:		%6
"
Information,2018-03-12 6:38:18 PM,Security,592,Detailed Tracking,"A new process has been created:
 	New Process ID:	1976
 	Image File Name:	C:\WINDOWS\system32\wuauclt.exe
 	Creator Process ID:	1172
 	User Name:	SECURITYNIK-XP$
 	Domain:		WORKGROUP
 	Logon ID:		(0x0,0x3E7)
 	Token Elevation Type:	%7
"
Information,2018-03-12 4:43:08 PM,Security,593,Detailed Tracking,"A process has exited:
 	Process ID:	1652
 	Image File Name:	C:\WINDOWS\system32\wuauclt.exe
 	User Name:	SECURITYNIK-XP$
 	Domain:		WORKGROUP
 	Logon ID:		(0x0,0x3E7)
 	Exit Status:		%6
"
Information,2018-03-12 4:35:41 PM,Security,592,Detailed Tracking,"A new process has been created:
 	New Process ID:	1652
 	Image File Name:	C:\WINDOWS\system32\wuauclt.exe
 	Creator Process ID:	1172
 	User Name:	SECURITYNIK-XP$
 	Domain:		WORKGROUP
 	Logon ID:		(0x0,0x3E7)
 	Token Elevation Type:	%7
"
Information,2018-03-12 2:42:57 PM,Security,593,Detailed Tracking,"A process has exited:
 	Process ID:	348
 	Image File Name:	C:\WINDOWS\system32\wuauclt.exe
 	User Name:	SECURITYNIK-XP$
 	Domain:		WORKGROUP
 	Logon ID:		(0x0,0x3E7)
 	Exit Status:		%6
"
Information,2018-03-12 2:37:56 PM,Security,592,Detailed Tracking,"A new process has been created:
 	New Process ID:	348
 	Image File Name:	C:\WINDOWS\system32\wuauclt.exe
 	Creator Process ID:	1172
 	User Name:	SECURITYNIK-XP$
 	Domain:		WORKGROUP
 	Logon ID:		(0x0,0x3E7)
 	Token Elevation Type:	%7
"
Information,2018-03-12 2:37:43 PM,Security,593,Detailed Tracking,"A process has exited:
 	Process ID:	428
 	Image File Name:	C:\WINDOWS\system32\wuauclt.exe
 	User Name:	SECURITYNIK-XP$
 	Domain:		WORKGROUP
 	Logon ID:		(0x0,0x3E7)
 	Exit Status:		%6
"
Information,2018-03-12 2:32:42 PM,Security,592,Detailed Tracking,"A new process has been created:
 	New Process ID:	428
 	Image File Name:	C:\WINDOWS\system32\wuauclt.exe
 	Creator Process ID:	1172
 	User Name:	SECURITYNIK-XP$
 	Domain:		WORKGROUP
 	Logon ID:		(0x0,0x3E7)
 	Token Elevation Type:	%7
"
Information,2018-03-12 12:42:46 PM,Security,593,Detailed Tracking,"A process has exited:
 	Process ID:	348
 	Image File Name:	C:\WINDOWS\system32\wuauclt.exe
 	User Name:	SECURITYNIK-XP$
 	Domain:		WORKGROUP
 	Logon ID:		(0x0,0x3E7)
 	Exit Status:		%6
"
Information,2018-03-12 12:37:45 PM,Security,592,Detailed Tracking,"A new process has been created:
 	New Process ID:	348
 	Image File Name:	C:\WINDOWS\system32\wuauclt.exe
 	Creator Process ID:	1172
 	User Name:	SECURITYNIK-XP$
 	Domain:		WORKGROUP
 	Logon ID:		(0x0,0x3E7)
 	Token Elevation Type:	%7
"
Information,2018-03-12 10:42:35 AM,Security,593,Detailed Tracking,"A process has exited:
 	Process ID:	156
 	Image File Name:	C:\WINDOWS\system32\wuauclt.exe
 	User Name:	SECURITYNIK-XP$
 	Domain:		WORKGROUP
 	Logon ID:		(0x0,0x3E7)
 	Exit Status:		%6
"
Information,2018-03-12 10:37:34 AM,Security,592,Detailed Tracking,"A new process has been created:
 	New Process ID:	156
 	Image File Name:	C:\WINDOWS\system32\wuauclt.exe
 	Creator Process ID:	1172
 	User Name:	SECURITYNIK-XP$
 	Domain:		WORKGROUP
 	Logon ID:		(0x0,0x3E7)
 	Token Elevation Type:	%7
"
Information,2018-03-12 9:37:16 AM,Security,593,Detailed Tracking,"A process has exited:
 	Process ID:	248
 	Image File Name:	C:\WINDOWS\system32\wuauclt.exe
 	User Name:	SECURITYNIK-XP$
 	Domain:		WORKGROUP
 	Logon ID:		(0x0,0x3E7)
 	Exit Status:		%6
"
Information,2018-03-12 9:32:15 AM,Security,592,Detailed Tracking,"A new process has been created:
 	New Process ID:	248
 	Image File Name:	C:\WINDOWS\system32\wuauclt.exe
 	Creator Process ID:	1172
 	User Name:	SECURITYNIK-XP$
 	Domain:		WORKGROUP
 	Logon ID:		(0x0,0x3E7)
 	Token Elevation Type:	%7
"
Information,2018-03-12 8:42:24 AM,Security,593,Detailed Tracking,"A process has exited:
 	Process ID:	216
 	Image File Name:	C:\WINDOWS\system32\wuauclt.exe
 	User Name:	SECURITYNIK-XP$
 	Domain:		WORKGROUP
 	Logon ID:		(0x0,0x3E7)
 	Exit Status:		%6
"
Information,2018-03-12 8:37:23 AM,Security,592,Detailed Tracking,"A new process has been created:
 	New Process ID:	216
 	Image File Name:	C:\WINDOWS\system32\wuauclt.exe
 	Creator Process ID:	1172
 	User Name:	SECURITYNIK-XP$
 	Domain:		WORKGROUP
 	Logon ID:		(0x0,0x3E7)
 	Token Elevation Type:	%7
"
Information,2018-03-12 6:42:13 AM,Security,593,Detailed Tracking,"A process has exited:
 	Process ID:	1904
 	Image File Name:	C:\WINDOWS\system32\wuauclt.exe
 	User Name:	SECURITYNIK-XP$
 	Domain:		WORKGROUP
 	Logon ID:		(0x0,0x3E7)
 	Exit Status:		%6
"
Information,2018-03-12 6:37:12 AM,Security,592,Detailed Tracking,"A new process has been created:
 	New Process ID:	1904
 	Image File Name:	C:\WINDOWS\system32\wuauclt.exe
 	Creator Process ID:	1172
 	User Name:	SECURITYNIK-XP$
 	Domain:		WORKGROUP
 	Logon ID:		(0x0,0x3E7)
 	Token Elevation Type:	%7
"
Information,2018-03-12 4:42:02 AM,Security,593,Detailed Tracking,"A process has exited:
 	Process ID:	368
 	Image File Name:	C:\WINDOWS\system32\wuauclt.exe
 	User Name:	SECURITYNIK-XP$
 	Domain:		WORKGROUP
 	Logon ID:		(0x0,0x3E7)
 	Exit Status:		%6
"
Information,2018-03-12 4:37:00 AM,Security,592,Detailed Tracking,"A new process has been created:
 	New Process ID:	368
 	Image File Name:	C:\WINDOWS\system32\wuauclt.exe
 	Creator Process ID:	1172
 	User Name:	SECURITYNIK-XP$
 	Domain:		WORKGROUP
 	Logon ID:		(0x0,0x3E7)
 	Token Elevation Type:	%7
"
Information,2018-03-12 4:36:49 AM,Security,593,Detailed Tracking,"A process has exited:
 	Process ID:	1048
 	Image File Name:	C:\WINDOWS\system32\wuauclt.exe
 	User Name:	SECURITYNIK-XP$
 	Domain:		WORKGROUP
 	Logon ID:		(0x0,0x3E7)
 	Exit Status:		%6
"
Information,2018-03-12 4:31:47 AM,Security,592,Detailed Tracking,"A new process has been created:
 	New Process ID:	1048
 	Image File Name:	C:\WINDOWS\system32\wuauclt.exe
 	Creator Process ID:	1172
 	User Name:	SECURITYNIK-XP$
 	Domain:		WORKGROUP
 	Logon ID:		(0x0,0x3E7)
 	Token Elevation Type:	%7
"
Information,2018-03-12 2:41:51 AM,Security,593,Detailed Tracking,"A process has exited:
 	Process ID:	1256
 	Image File Name:	C:\WINDOWS\system32\wuauclt.exe
 	User Name:	SECURITYNIK-XP$
 	Domain:		WORKGROUP
 	Logon ID:		(0x0,0x3E7)
 	Exit Status:		%6
"
Information,2018-03-12 2:41:17 AM,Security,861,Detailed Tracking,"Windows Firewall did not apply the following rule: 
Rule: 
     Id:- 
     Name:C:\WINDOWS\system32\rundll32.exe 
Reason: 2012 resolved to an empty set."
Information,2018-03-12 2:36:49 AM,Security,592,Detailed Tracking,"A new process has been created:
 	New Process ID:	1256
 	Image File Name:	C:\WINDOWS\system32\wuauclt.exe
 	Creator Process ID:	1172
 	User Name:	SECURITYNIK-XP$
 	Domain:		WORKGROUP
 	Logon ID:		(0x0,0x3E7)
 	Token Elevation Type:	%7
"
Information,2018-03-12 1:18:01 AM,Security,600,Detailed Tracking,"A process was assigned a primary token.
 Assigning Process Information:
 	Process ID:	708
 	Image File Name:	C:\WINDOWS\system32\winlogon.exe
 	Primary User Name:	SECURITYNIK-XP$
 	Primary Domain:	WORKGROUP
 	Primary Logon ID:	(0x0,0x3E7)
 New Process Information:
 	Process ID:	484
 	Image File Name:	C:\WINDOWS\system32\logon.scr
 	Target User Name:	SecurityNik
 	Target Domain:	SECURITYNIK-XP
 	Target Logon ID:	(0x0,0xA6BC)
"
Information,2018-03-12 1:18:01 AM,Security,592,Detailed Tracking,"A new process has been created:
 	New Process ID:	484
 	Image File Name:	C:\WINDOWS\system32\logon.scr
 	Creator Process ID:	708
 	User Name:	SECURITYNIK-XP$
 	Domain:		WORKGROUP
 	Logon ID:		(0x0,0x3E7)
 	Token Elevation Type:	%7
"
Information,2018-03-12 1:05:51 AM,Security,593,Detailed Tracking,"A process has exited:
 	Process ID:	1096
 	Image File Name:	\Device\VBoxMiniRdr\vboxsrv\Tools\winpmem-2.1.post4.exe
 	User Name:	SecurityNik
 	Domain:		SECURITYNIK-XP
 	Logon ID:		(0x0,0xA6BC)
 	Exit Status:		%6
"
Information,2018-03-12 1:05:44 AM,Security,592,Detailed Tracking,"A new process has been created:
 	New Process ID:	1096
 	Image File Name:	\Device\VBoxMiniRdr\vboxsrv\Tools\winpmem-2.1.post4.exe
 	Creator Process ID:	480
 	User Name:	SecurityNik
 	Domain:		SECURITYNIK-XP
 	Logon ID:		(0x0,0xA6BC)
 	Token Elevation Type:	%7
"
Information,2018-03-12 1:05:17 AM,Security,593,Detailed Tracking,"A process has exited:
 	Process ID:	1488
 	Image File Name:	C:\Program Files\Wireshark\wireshark.exe
 	User Name:	SecurityNik
 	Domain:		SECURITYNIK-XP
 	Logon ID:		(0x0,0xA6BC)
 	Exit Status:		%6
"
Information,2018-03-12 1:04:10 AM,Security,593,Detailed Tracking,"A process has exited:
 	Process ID:	492
 	Image File Name:	C:\Program Files\Wireshark\dumpcap.exe
 	User Name:	SecurityNik
 	Domain:		SECURITYNIK-XP
 	Logon ID:		(0x0,0xA6BC)
 	Exit Status:		%6
"
Information,2018-03-12 1:02:35 AM,Security,593,Detailed Tracking,"A process has exited:
 	Process ID:	212
 	Image File Name:	C:\WINDOWS\system32\logon.scr
 	User Name:	SecurityNik
 	Domain:		SECURITYNIK-XP
 	Logon ID:		(0x0,0xA6BC)
 	Exit Status:		%6
"
Information,2018-03-12 1:00:39 AM,Security,593,Detailed Tracking,"A process has exited:
 	Process ID:	1268
 	Image File Name:	C:\WINDOWS\system\svchost.exe
 	User Name:	SECURITYNIK-XP$
 	Domain:		WORKGROUP
 	Logon ID:		(0x0,0x3E7)
 	Exit Status:		%6
"
Information,2018-03-12 1:00:38 AM,Security,592,Detailed Tracking,"A new process has been created:
 	New Process ID:	1268
 	Image File Name:	C:\WINDOWS\system\svchost.exe
 	Creator Process ID:	884
 	User Name:	SECURITYNIK-XP$
 	Domain:		WORKGROUP
 	Logon ID:		(0x0,0x3E7)
 	Token Elevation Type:	%7
"
Information,2018-03-12 1:00:08 AM,Security,593,Detailed Tracking,"A process has exited:
 	Process ID:	1992
 	Image File Name:	C:\WINDOWS\system\svchost.exe
 	User Name:	SECURITYNIK-XP$
 	Domain:		WORKGROUP
 	Logon ID:		(0x0,0x3E7)
 	Exit Status:		%6
"
Information,2018-03-12 1:00:08 AM,Security,592,Detailed Tracking,"A new process has been created:
 	New Process ID:	1992
 	Image File Name:	C:\WINDOWS\system\svchost.exe
 	Creator Process ID:	884
 	User Name:	SECURITYNIK-XP$
 	Domain:		WORKGROUP
 	Logon ID:		(0x0,0x3E7)
 	Token Elevation Type:	%7
"
Information,2018-03-12 12:57:12 AM,Security,593,Detailed Tracking,"A process has exited:
 	Process ID:	1536
 	Image File Name:	C:\WINDOWS\system\svchost.exe
 	User Name:	SECURITYNIK-XP$
 	Domain:		WORKGROUP
 	Logon ID:		(0x0,0x3E7)
 	Exit Status:		%6
"
Information,2018-03-12 12:57:12 AM,Security,592,Detailed Tracking,"A new process has been created:
 	New Process ID:	1536
 	Image File Name:	C:\WINDOWS\system\svchost.exe
 	Creator Process ID:	884
 	User Name:	SECURITYNIK-XP$
 	Domain:		WORKGROUP
 	Logon ID:		(0x0,0x3E7)
 	Token Elevation Type:	%7
"
Information,2018-03-12 12:54:06 AM,Security,600,Detailed Tracking,"A process was assigned a primary token.
 Assigning Process Information:
 	Process ID:	708
 	Image File Name:	C:\WINDOWS\system32\winlogon.exe
 	Primary User Name:	SECURITYNIK-XP$
 	Primary Domain:	WORKGROUP
 	Primary Logon ID:	(0x0,0x3E7)
 New Process Information:
 	Process ID:	212
 	Image File Name:	C:\WINDOWS\system32\logon.scr
 	Target User Name:	SecurityNik
 	Target Domain:	SECURITYNIK-XP
 	Target Logon ID:	(0x0,0xA6BC)
"
Information,2018-03-12 12:54:06 AM,Security,592,Detailed Tracking,"A new process has been created:
 	New Process ID:	212
 	Image File Name:	C:\WINDOWS\system32\logon.scr
 	Creator Process ID:	708
 	User Name:	SECURITYNIK-XP$
 	Domain:		WORKGROUP
 	Logon ID:		(0x0,0x3E7)
 	Token Elevation Type:	%7
"
Information,2018-03-12 12:49:00 AM,Security,538,Logon/Logoff,"User Logoff:
 	User Name:	Administrator
 	Domain:		SECURITYNIK-XP
 	Logon ID:		(0x0,0x1C59D2)
 	Logon Type:	3
"
Information,2018-03-12 12:48:59 AM,Security,540,Logon/Logoff,"Successful Network Logon:
 	User Name:	Administrator
 	Domain:		SECURITYNIK-XP
 	Logon ID:		(0x0,0x1C59D2)
 	Logon Type:	3
 	Logon Process:	NtLmSsp 
 	Authentication Package:	NTLM
 	Workstation Name:	6ksTUBEVVNTsDLbI
 	Logon GUID:	-
 	Caller User Name:	%9
 	Caller Domain:	%10
 	Caller Logon ID:	%11
 	Caller Process ID: %12
 	Transited Services: %13
 	Source Network Address:	%14
 	Source Port:	%15
 	Caller Process Name:	%16
"
Information,2018-03-12 12:48:59 AM,Security,576,Privilege Use,"Special privileges assigned to new logon:
 	User Name:	
 	Domain:		
 	Logon ID:		(0x0,0x1C59D2)
 	Privileges:	SeChangeNotifyPrivilege
			SeBackupPrivilege
			SeRestorePrivilege
			SeDebugPrivilege"
Information,2018-03-12 12:48:59 AM,Security,680,Account Logon,"Logon attempt by:	MICROSOFT_AUTHENTICATION_PACKAGE_V1_0
 Logon account:	administrator
 Source Workstation:	6ksTUBEVVNTsDLbI
 Error Code:	0x0
"
Information,2018-03-12 12:41:46 AM,Security,593,Detailed Tracking,"A process has exited:
 	Process ID:	1856
 	Image File Name:	C:\WINDOWS\system32\wuauclt.exe
 	User Name:	SECURITYNIK-XP$
 	Domain:		WORKGROUP
 	Logon ID:		(0x0,0x3E7)
 	Exit Status:		%6
"
Information,2018-03-12 12:41:04 AM,Security,861,Detailed Tracking,"Windows Firewall did not apply the following rule: 
Rule: 
     Id:- 
     Name:C:\WINDOWS\system32\rundll32.exe 
Reason: 2012 resolved to an empty set."
Information,2018-03-12 12:39:34 AM,Security,593,Detailed Tracking,"A process has exited:
 	Process ID:	1452
 	Image File Name:	C:\WINDOWS\system\svchost.exe
 	User Name:	SecurityNik
 	Domain:		SECURITYNIK-XP
 	Logon ID:		(0x0,0xA6BC)
 	Exit Status:		%6
"
Information,2018-03-12 12:39:34 AM,Security,592,Detailed Tracking,"A new process has been created:
 	New Process ID:	1452
 	Image File Name:	C:\WINDOWS\system\svchost.exe
 	Creator Process ID:	480
 	User Name:	SecurityNik
 	Domain:		SECURITYNIK-XP
 	Logon ID:		(0x0,0xA6BC)
 	Token Elevation Type:	%7
"
Information,2018-03-12 12:39:05 AM,Security,593,Detailed Tracking,"A process has exited:
 	Process ID:	1256
 	Image File Name:	C:\WINDOWS\system32\logon.scr
 	User Name:	SecurityNik
 	Domain:		SECURITYNIK-XP
 	Logon ID:		(0x0,0xA6BC)
 	Exit Status:		%6
"
Information,2018-03-12 12:35:07 AM,Security,593,Detailed Tracking,"A process has exited:
 	Process ID:	1044
 	Image File Name:	C:\WINDOWS\system\svchost.exe
 	User Name:	SECURITYNIK-XP$
 	Domain:		WORKGROUP
 	Logon ID:		(0x0,0x3E7)
 	Exit Status:		%6
"
Information,2018-03-12 12:35:07 AM,Security,592,Detailed Tracking,"A new process has been created:
 	New Process ID:	1044
 	Image File Name:	C:\WINDOWS\system\svchost.exe
 	Creator Process ID:	884
 	User Name:	SECURITYNIK-XP$
 	Domain:		WORKGROUP
 	Logon ID:		(0x0,0x3E7)
 	Token Elevation Type:	%7
"
Information,2018-03-12 12:33:32 AM,Security,593,Detailed Tracking,"A process has exited:
 	Process ID:	204
 	Image File Name:	C:\WINDOWS\system\svchost.exe
 	User Name:	SECURITYNIK-XP$
 	Domain:		WORKGROUP
 	Logon ID:		(0x0,0x3E7)
 	Exit Status:		%6
"
Information,2018-03-12 12:33:32 AM,Security,592,Detailed Tracking,"A new process has been created:
 	New Process ID:	204
 	Image File Name:	C:\WINDOWS\system\svchost.exe
 	Creator Process ID:	884
 	User Name:	SECURITYNIK-XP$
 	Domain:		WORKGROUP
 	Logon ID:		(0x0,0x3E7)
 	Token Elevation Type:	%7
"
Information,2018-03-12 12:32:44 AM,Security,592,Detailed Tracking,"A new process has been created:
 	New Process ID:	1856
 	Image File Name:	C:\WINDOWS\system32\wuauclt.exe
 	Creator Process ID:	1172
 	User Name:	SECURITYNIK-XP$
 	Domain:		WORKGROUP
 	Logon ID:		(0x0,0x3E7)
 	Token Elevation Type:	%7
"
Information,2018-03-12 12:29:19 AM,Security,593,Detailed Tracking,"A process has exited:
 	Process ID:	184
 	Image File Name:	C:\WINDOWS\system\svchost.exe
 	User Name:	SECURITYNIK-XP$
 	Domain:		WORKGROUP
 	Logon ID:		(0x0,0x3E7)
 	Exit Status:		%6
"
Information,2018-03-12 12:29:18 AM,Security,592,Detailed Tracking,"A new process has been created:
 	New Process ID:	184
 	Image File Name:	C:\WINDOWS\system\svchost.exe
 	Creator Process ID:	884
 	User Name:	SECURITYNIK-XP$
 	Domain:		WORKGROUP
 	Logon ID:		(0x0,0x3E7)
 	Token Elevation Type:	%7
"
Information,2018-03-12 12:18:23 AM,Security,593,Detailed Tracking,"A process has exited:
 	Process ID:	624
 	Image File Name:	C:\WINDOWS\system\7za.exe
 	User Name:	SECURITYNIK-XP$
 	Domain:		WORKGROUP
 	Logon ID:		(0x0,0x3E7)
 	Exit Status:		%6
"
Information,2018-03-12 12:18:16 AM,Security,592,Detailed Tracking,"A new process has been created:
 	New Process ID:	624
 	Image File Name:	C:\WINDOWS\system\7za.exe
 	Creator Process ID:	884
 	User Name:	SECURITYNIK-XP$
 	Domain:		WORKGROUP
 	Logon ID:		(0x0,0x3E7)
 	Token Elevation Type:	%7
"
Information,2018-03-12 12:13:21 AM,Security,593,Detailed Tracking,"A process has exited:
 	Process ID:	680
 	Image File Name:	C:\WINDOWS\system32\reg.exe
 	User Name:	SECURITYNIK-XP$
 	Domain:		WORKGROUP
 	Logon ID:		(0x0,0x3E7)
 	Exit Status:		%6
"
Information,2018-03-12 12:13:21 AM,Security,592,Detailed Tracking,"A new process has been created:
 	New Process ID:	680
 	Image File Name:	C:\WINDOWS\system32\reg.exe
 	Creator Process ID:	884
 	User Name:	SECURITYNIK-XP$
 	Domain:		WORKGROUP
 	Logon ID:		(0x0,0x3E7)
 	Token Elevation Type:	%7
"
Information,2018-03-12 12:12:55 AM,Security,593,Detailed Tracking,"A process has exited:
 	Process ID:	460
 	Image File Name:	C:\WINDOWS\system32\reg.exe
 	User Name:	SECURITYNIK-XP$
 	Domain:		WORKGROUP
 	Logon ID:		(0x0,0x3E7)
 	Exit Status:		%6
"
Information,2018-03-12 12:12:46 AM,Security,592,Detailed Tracking,"A new process has been created:
 	New Process ID:	460
 	Image File Name:	C:\WINDOWS\system32\reg.exe
 	Creator Process ID:	884
 	User Name:	SECURITYNIK-XP$
 	Domain:		WORKGROUP
 	Logon ID:		(0x0,0x3E7)
 	Token Elevation Type:	%7
"
Information,2018-03-12 12:11:27 AM,Security,593,Detailed Tracking,"A process has exited:
 	Process ID:	1532
 	Image File Name:	C:\WINDOWS\system32\reg.exe
 	User Name:	SECURITYNIK-XP$
 	Domain:		WORKGROUP
 	Logon ID:		(0x0,0x3E7)
 	Exit Status:		%6
"
Information,2018-03-12 12:11:27 AM,Security,592,Detailed Tracking,"A new process has been created:
 	New Process ID:	1532
 	Image File Name:	C:\WINDOWS\system32\reg.exe
 	Creator Process ID:	884
 	User Name:	SECURITYNIK-XP$
 	Domain:		WORKGROUP
 	Logon ID:		(0x0,0x3E7)
 	Token Elevation Type:	%7
"
Information,2018-03-12 12:11:04 AM,Security,593,Detailed Tracking,"A process has exited:
 	Process ID:	1564
 	Image File Name:	C:\WINDOWS\system32\reg.exe
 	User Name:	SECURITYNIK-XP$
 	Domain:		WORKGROUP
 	Logon ID:		(0x0,0x3E7)
 	Exit Status:		%6
"
Information,2018-03-12 12:11:04 AM,Security,592,Detailed Tracking,"A new process has been created:
 	New Process ID:	1564
 	Image File Name:	C:\WINDOWS\system32\reg.exe
 	Creator Process ID:	884
 	User Name:	SECURITYNIK-XP$
 	Domain:		WORKGROUP
 	Logon ID:		(0x0,0x3E7)
 	Token Elevation Type:	%7
"
Information,2018-03-11 11:59:24 PM,Security,592,Detailed Tracking,"A new process has been created:
 	New Process ID:	884
 	Image File Name:	C:\WINDOWS\system32\cmd.exe
 	Creator Process ID:	912
 	User Name:	SECURITYNIK-XP$
 	Domain:		WORKGROUP
 	Logon ID:		(0x0,0x3E7)
 	Token Elevation Type:	%7
"
Information,2018-03-11 11:59:23 PM,Security,592,Detailed Tracking,"A new process has been created:
 	New Process ID:	912
 	Image File Name:	C:\WINDOWS\system\svchost.exe
 	Creator Process ID:	1492
 	User Name:	SECURITYNIK-XP$
 	Domain:		WORKGROUP
 	Logon ID:		(0x0,0x3E7)
 	Token Elevation Type:	%7
"
Information,2018-03-11 11:58:46 PM,Security,600,Detailed Tracking,"A process was assigned a primary token.
 Assigning Process Information:
 	Process ID:	2012
 	Image File Name:	C:\WINDOWS\system32\rundll32.exe
 	Primary User Name:	SECURITYNIK-XP$
 	Primary Domain:	WORKGROUP
 	Primary Logon ID:	(0x0,0x3E7)
 New Process Information:
 	Process ID:	1492
 	Image File Name:	C:\WINDOWS\system32\cmd.exe
 	Target User Name:	SECURITYNIK-XP$
 	Target Domain:	WORKGROUP
 	Target Logon ID:	(0x0,0x3E7)
"
Information,2018-03-11 11:58:46 PM,Security,592,Detailed Tracking,"A new process has been created:
 	New Process ID:	1492
 	Image File Name:	C:\WINDOWS\system32\cmd.exe
 	Creator Process ID:	2012
 	User Name:	SECURITYNIK-XP$
 	Domain:		WORKGROUP
 	Logon ID:		(0x0,0x3E7)
 	Token Elevation Type:	%7
"
Information,2018-03-11 11:36:21 PM,Security,593,Detailed Tracking,"A process has exited:
 	Process ID:	1380
 	Image File Name:	C:\WINDOWS\system32\wuauclt.exe
 	User Name:	SECURITYNIK-XP$
 	Domain:		WORKGROUP
 	Logon ID:		(0x0,0x3E7)
 	Exit Status:		%6
"
Information,2018-03-11 11:31:20 PM,Security,592,Detailed Tracking,"A new process has been created:
 	New Process ID:	1380
 	Image File Name:	C:\WINDOWS\system32\wuauclt.exe
 	Creator Process ID:	1172
 	User Name:	SECURITYNIK-XP$
 	Domain:		WORKGROUP
 	Logon ID:		(0x0,0x3E7)
 	Token Elevation Type:	%7
"
Information,2018-03-11 11:21:29 PM,Security,600,Detailed Tracking,"A process was assigned a primary token.
 Assigning Process Information:
 	Process ID:	2012
 	Image File Name:	C:\WINDOWS\system32\rundll32.exe
 	Primary User Name:	SECURITYNIK-XP$
 	Primary Domain:	WORKGROUP
 	Primary Logon ID:	(0x0,0x3E7)
 New Process Information:
 	Process ID:	1884
 	Image File Name:	C:\WINDOWS\system32\cmd.exe
 	Target User Name:	SECURITYNIK-XP$
 	Target Domain:	WORKGROUP
 	Target Logon ID:	(0x0,0x3E7)
"
Information,2018-03-11 11:21:29 PM,Security,592,Detailed Tracking,"A new process has been created:
 	New Process ID:	1884
 	Image File Name:	C:\WINDOWS\system32\cmd.exe
 	Creator Process ID:	2012
 	User Name:	SECURITYNIK-XP$
 	Domain:		WORKGROUP
 	Logon ID:		(0x0,0x3E7)
 	Token Elevation Type:	%7
"
Information,2018-03-11 11:14:53 PM,Security,577,Privilege Use,"Privileged Service Called:
 	Server:		NT Local Security Authority / Authentication Service
 	Service:		LsaRegisterLogonProcess()
 	Primary User Name:	SECURITYNIK-XP$
 	Primary Domain:	WORKGROUP
 	Primary Logon ID:	(0x0,0x3E7)
 	Client User Name:	SECURITYNIK-XP$
 	Client Domain:	WORKGROUP
 	Client Logon ID:	(0x0,0x3E7)
 	Privileges:	SeTcbPrivilege
 	Process ID:	%10
 	Process Name:	%11"
Information,2018-03-11 11:14:53 PM,Security,538,Logon/Logoff,"User Logoff:
 	User Name:	Administrator
 	Domain:		SECURITYNIK-XP
 	Logon ID:		(0x0,0x1725D4)
 	Logon Type:	3
"
Information,2018-03-11 11:14:52 PM,Security,861,Detailed Tracking,"Windows Firewall did not apply the following rule: 
Rule: 
     Id:- 
     Name:C:\WINDOWS\system32\rundll32.exe 
Reason: 2012 resolved to an empty set."
Information,2018-03-11 11:14:52 PM,Security,593,Detailed Tracking,"A process has exited:
 	Process ID:	316
 	Image File Name:	C:\WINDOWS\mhIHgWVp.exe
 	User Name:	SECURITYNIK-XP$
 	Domain:		WORKGROUP
 	Logon ID:		(0x0,0x3E7)
 	Exit Status:		%6
"
Information,2018-03-11 11:14:52 PM,Security,592,Detailed Tracking,"A new process has been created:
 	New Process ID:	2012
 	Image File Name:	C:\WINDOWS\system32\rundll32.exe
 	Creator Process ID:	316
 	User Name:	SECURITYNIK-XP$
 	Domain:		WORKGROUP
 	Logon ID:		(0x0,0x3E7)
 	Token Elevation Type:	%7
"
Information,2018-03-11 11:14:52 PM,Security,592,Detailed Tracking,"A new process has been created:
 	New Process ID:	316
 	Image File Name:	C:\WINDOWS\mhIHgWVp.exe
 	Creator Process ID:	752
 	User Name:	SECURITYNIK-XP$
 	Domain:		WORKGROUP
 	Logon ID:		(0x0,0x3E7)
 	Token Elevation Type:	%7
"
Information,2018-03-11 11:14:51 PM,Security,578,Privilege Use,"Privileged object operation:
 	Object Server:	SC Manager
 	Object Handle:	-109400848
 	Process ID:	752
 	Primary User Name:	SECURITYNIK-XP$
 	Primary Domain:	WORKGROUP
 	Primary Logon ID:	(0x0,0x3E7)
 	Client User Name:	Administrator
 	Client Domain:	SECURITYNIK-XP
 	Client Logon ID:	(0x0,0x1725D4)
 	Privileges:	SeTakeOwnershipPrivilege
 	Object Type:	%11
 	Object Name:	%12
 	Desired Access:	%13"
Information,2018-03-11 11:14:46 PM,Security,540,Logon/Logoff,"Successful Network Logon:
 	User Name:	Administrator
 	Domain:		SECURITYNIK-XP
 	Logon ID:		(0x0,0x1725D4)
 	Logon Type:	3
 	Logon Process:	NtLmSsp 
 	Authentication Package:	NTLM
 	Workstation Name:	gLf4yGFhpf5tCh1z
 	Logon GUID:	-
 	Caller User Name:	%9
 	Caller Domain:	%10
 	Caller Logon ID:	%11
 	Caller Process ID: %12
 	Transited Services: %13
 	Source Network Address:	%14
 	Source Port:	%15
 	Caller Process Name:	%16
"
Information,2018-03-11 11:14:46 PM,Security,576,Privilege Use,"Special privileges assigned to new logon:
 	User Name:	
 	Domain:		
 	Logon ID:		(0x0,0x1725D4)
 	Privileges:	SeChangeNotifyPrivilege
			SeBackupPrivilege
			SeRestorePrivilege
			SeDebugPrivilege"
Information,2018-03-11 11:14:46 PM,Security,680,Account Logon,"Logon attempt by:	MICROSOFT_AUTHENTICATION_PACKAGE_V1_0
 Logon account:	administrator
 Source Workstation:	gLf4yGFhpf5tCh1z
 Error Code:	0x0
"
Information,2018-03-11 11:11:00 PM,Security,593,Detailed Tracking,"A process has exited:
 	Process ID:	1004
 	Image File Name:	C:\WINDOWS\system32\defrag.exe
 	User Name:	SECURITYNIK-XP$
 	Domain:		WORKGROUP
 	Logon ID:		(0x0,0x3E7)
 	Exit Status:		%6
"
Information,2018-03-11 11:11:00 PM,Security,593,Detailed Tracking,"A process has exited:
 	Process ID:	828
 	Image File Name:	C:\WINDOWS\system32\dfrgntfs.exe
 	User Name:	SECURITYNIK-XP$
 	Domain:		WORKGROUP
 	Logon ID:		(0x0,0x3E7)
 	Exit Status:		%6
"
Information,2018-03-11 11:10:52 PM,Security,600,Detailed Tracking,"A process was assigned a primary token.
 Assigning Process Information:
 	Process ID:	964
 	Image File Name:	C:\WINDOWS\system32\svchost.exe
 	Primary User Name:	SECURITYNIK-XP$
 	Primary Domain:	WORKGROUP
 	Primary Logon ID:	(0x0,0x3E7)
 New Process Information:
 	Process ID:	828
 	Image File Name:	C:\WINDOWS\system32\dfrgntfs.exe
 	Target User Name:	SECURITYNIK-XP$
 	Target Domain:	WORKGROUP
 	Target Logon ID:	(0x0,0x3E7)
"
Information,2018-03-11 11:10:52 PM,Security,592,Detailed Tracking,"A new process has been created:
 	New Process ID:	828
 	Image File Name:	C:\WINDOWS\system32\dfrgntfs.exe
 	Creator Process ID:	964
 	User Name:	SECURITYNIK-XP$
 	Domain:		WORKGROUP
 	Logon ID:		(0x0,0x3E7)
 	Token Elevation Type:	%7
"
Information,2018-03-11 11:10:52 PM,Security,592,Detailed Tracking,"A new process has been created:
 	New Process ID:	1004
 	Image File Name:	C:\WINDOWS\system32\defrag.exe
 	Creator Process ID:	1172
 	User Name:	SECURITYNIK-XP$
 	Domain:		WORKGROUP
 	Logon ID:		(0x0,0x3E7)
 	Token Elevation Type:	%7
"
Information,2018-03-11 11:07:21 PM,Security,593,Detailed Tracking,"A process has exited:
 	Process ID:	160
 	Image File Name:	C:\WINDOWS\system32\cscript.exe
 	User Name:	SECURITYNIK-XP$
 	Domain:		WORKGROUP
 	Logon ID:		(0x0,0x3E7)
 	Exit Status:		%6
"
Information,2018-03-11 11:07:21 PM,Security,593,Detailed Tracking,"A process has exited:
 	Process ID:	1576
 	Image File Name:	C:\WINDOWS\Temp\jEGPZ.exe
 	User Name:	SECURITYNIK-XP$
 	Domain:		WORKGROUP
 	Logon ID:		(0x0,0x3E7)
 	Exit Status:		%6
"
Information,2018-03-11 11:07:21 PM,Security,592,Detailed Tracking,"A new process has been created:
 	New Process ID:	1576
 	Image File Name:	C:\WINDOWS\Temp\jEGPZ.exe
 	Creator Process ID:	160
 	User Name:	SECURITYNIK-XP$
 	Domain:		WORKGROUP
 	Logon ID:		(0x0,0x3E7)
 	Token Elevation Type:	%7
"
Information,2018-03-11 11:07:21 PM,Security,577,Privilege Use,"Privileged Service Called:
 	Server:		NT Local Security Authority / Authentication Service
 	Service:		LsaRegisterLogonProcess()
 	Primary User Name:	SECURITYNIK-XP$
 	Primary Domain:	WORKGROUP
 	Primary Logon ID:	(0x0,0x3E7)
 	Client User Name:	SECURITYNIK-XP$
 	Client Domain:	WORKGROUP
 	Client Logon ID:	(0x0,0x3E7)
 	Privileges:	SeTcbPrivilege
 	Process ID:	%10
 	Process Name:	%11"
Information,2018-03-11 11:07:20 PM,Security,592,Detailed Tracking,"A new process has been created:
 	New Process ID:	160
 	Image File Name:	C:\WINDOWS\system32\cscript.exe
 	Creator Process ID:	296
 	User Name:	SECURITYNIK-XP$
 	Domain:		WORKGROUP
 	Logon ID:		(0x0,0x3E7)
 	Token Elevation Type:	%7
"
Information,2018-03-11 11:07:02 PM,Security,593,Detailed Tracking,"A process has exited:
 	Process ID:	192
 	Image File Name:	C:\WINDOWS\system32\cmd.exe
 	User Name:	SECURITYNIK-XP$
 	Domain:		WORKGROUP
 	Logon ID:		(0x0,0x3E7)
 	Exit Status:		%6
"
Information,2018-03-11 11:07:02 PM,Security,593,Detailed Tracking,"A process has exited:
 	Process ID:	1568
 	Image File Name:	C:\WINDOWS\system32\cmd.exe
 	User Name:	SECURITYNIK-XP$
 	Domain:		WORKGROUP
 	Logon ID:		(0x0,0x3E7)
 	Exit Status:		%6
"
Information,2018-03-11 11:07:02 PM,Security,592,Detailed Tracking,"A new process has been created:
 	New Process ID:	1568
 	Image File Name:	C:\WINDOWS\system32\cmd.exe
 	Creator Process ID:	192
 	User Name:	SECURITYNIK-XP$
 	Domain:		WORKGROUP
 	Logon ID:		(0x0,0x3E7)
 	Token Elevation Type:	%7
"
Information,2018-03-11 11:07:02 PM,Security,592,Detailed Tracking,"A new process has been created:
 	New Process ID:	192
 	Image File Name:	C:\WINDOWS\system32\cmd.exe
 	Creator Process ID:	296
 	User Name:	SECURITYNIK-XP$
 	Domain:		WORKGROUP
 	Logon ID:		(0x0,0x3E7)
 	Token Elevation Type:	%7
"
Information,2018-03-11 10:55:54 PM,Security,538,Logon/Logoff,"User Logoff:
 	User Name:	Administrator
 	Domain:		SECURITYNIK-XP
 	Logon ID:		(0x0,0x160233)
 	Logon Type:	3
"
Information,2018-03-11 10:55:53 PM,Security,592,Detailed Tracking,"A new process has been created:
 	New Process ID:	296
 	Image File Name:	C:\WINDOWS\system32\cmd.exe
 	Creator Process ID:	1300
 	User Name:	SECURITYNIK-XP$
 	Domain:		WORKGROUP
 	Logon ID:		(0x0,0x3E7)
 	Token Elevation Type:	%7
"
Information,2018-03-11 10:55:53 PM,Security,861,Detailed Tracking,"Windows Firewall did not apply the following rule: 
Rule: 
     Id:- 
     Name:C:\WINDOWS\system32\rundll32.exe 
Reason: 1300 resolved to an empty set."
Information,2018-03-11 10:55:53 PM,Security,593,Detailed Tracking,"A process has exited:
 	Process ID:	600
 	Image File Name:	C:\WINDOWS\QFrlBxQE.exe
 	User Name:	SECURITYNIK-XP$
 	Domain:		WORKGROUP
 	Logon ID:		(0x0,0x3E7)
 	Exit Status:		%6
"
Information,2018-03-11 10:55:53 PM,Security,592,Detailed Tracking,"A new process has been created:
 	New Process ID:	1300
 	Image File Name:	C:\WINDOWS\system32\rundll32.exe
 	Creator Process ID:	600
 	User Name:	SECURITYNIK-XP$
 	Domain:		WORKGROUP
 	Logon ID:		(0x0,0x3E7)
 	Token Elevation Type:	%7
"
Information,2018-03-11 10:55:53 PM,Security,592,Detailed Tracking,"A new process has been created:
 	New Process ID:	600
 	Image File Name:	C:\WINDOWS\QFrlBxQE.exe
 	Creator Process ID:	752
 	User Name:	SECURITYNIK-XP$
 	Domain:		WORKGROUP
 	Logon ID:		(0x0,0x3E7)
 	Token Elevation Type:	%7
"
Information,2018-03-11 10:55:52 PM,Security,578,Privilege Use,"Privileged object operation:
 	Object Server:	SC Manager
 	Object Handle:	-109400848
 	Process ID:	752
 	Primary User Name:	SECURITYNIK-XP$
 	Primary Domain:	WORKGROUP
 	Primary Logon ID:	(0x0,0x3E7)
 	Client User Name:	Administrator
 	Client Domain:	SECURITYNIK-XP
 	Client Logon ID:	(0x0,0x160233)
 	Privileges:	SeTakeOwnershipPrivilege
 	Object Type:	%11
 	Object Name:	%12
 	Desired Access:	%13"
Information,2018-03-11 10:55:47 PM,Security,540,Logon/Logoff,"Successful Network Logon:
 	User Name:	Administrator
 	Domain:		SECURITYNIK-XP
 	Logon ID:		(0x0,0x160233)
 	Logon Type:	3
 	Logon Process:	NtLmSsp 
 	Authentication Package:	NTLM
 	Workstation Name:	10KNSogoe31qihLl
 	Logon GUID:	-
 	Caller User Name:	%9
 	Caller Domain:	%10
 	Caller Logon ID:	%11
 	Caller Process ID: %12
 	Transited Services: %13
 	Source Network Address:	%14
 	Source Port:	%15
 	Caller Process Name:	%16
"
Information,2018-03-11 10:55:47 PM,Security,576,Privilege Use,"Special privileges assigned to new logon:
 	User Name:	
 	Domain:		
 	Logon ID:		(0x0,0x160233)
 	Privileges:	SeChangeNotifyPrivilege
			SeBackupPrivilege
			SeRestorePrivilege
			SeDebugPrivilege"
Information,2018-03-11 10:55:47 PM,Security,680,Account Logon,"Logon attempt by:	MICROSOFT_AUTHENTICATION_PACKAGE_V1_0
 Logon account:	administrator
 Source Workstation:	10KNSogoe31qihLl
 Error Code:	0x0
"
Information,2018-03-11 10:55:11 PM,Security,593,Detailed Tracking,"A process has exited:
 	Process ID:	1192
 	Image File Name:	C:\WINDOWS\system32\wbem\wmiprvse.exe
 	User Name:	NETWORK SERVICE
 	Domain:		NT AUTHORITY
 	Logon ID:		(0x0,0x3E4)
 	Exit Status:		%6
"
Information,2018-03-11 10:54:58 PM,Security,593,Detailed Tracking,"A process has exited:
 	Process ID:	1428
 	Image File Name:	C:\WINDOWS\pchealth\helpctr\binaries\helpsvc.exe
 	User Name:	SECURITYNIK-XP$
 	Domain:		WORKGROUP
 	Logon ID:		(0x0,0x3E7)
 	Exit Status:		%6
"
Information,2018-03-11 10:53:41 PM,Security,577,Privilege Use,"Privileged Service Called:
 	Server:		NT Local Security Authority / Authentication Service
 	Service:		LsaRegisterLogonProcess()
 	Primary User Name:	SECURITYNIK-XP$
 	Primary Domain:	WORKGROUP
 	Primary Logon ID:	(0x0,0x3E7)
 	Client User Name:	SECURITYNIK-XP$
 	Client Domain:	WORKGROUP
 	Client Logon ID:	(0x0,0x3E7)
 	Privileges:	SeTcbPrivilege
 	Process ID:	%10
 	Process Name:	%11"
Information,2018-03-11 10:53:41 PM,Security,600,Detailed Tracking,"A process was assigned a primary token.
 Assigning Process Information:
 	Process ID:	964
 	Image File Name:	C:\WINDOWS\system32\svchost.exe
 	Primary User Name:	SECURITYNIK-XP$
 	Primary Domain:	WORKGROUP
 	Primary Logon ID:	(0x0,0x3E7)
 New Process Information:
 	Process ID:	1192
 	Image File Name:	C:\WINDOWS\system32\wbem\wmiprvse.exe
 	Target User Name:	NETWORK SERVICE
 	Target Domain:	NT AUTHORITY
 	Target Logon ID:	(0x0,0x3E4)
"
Information,2018-03-11 10:53:41 PM,Security,592,Detailed Tracking,"A new process has been created:
 	New Process ID:	1192
 	Image File Name:	C:\WINDOWS\system32\wbem\wmiprvse.exe
 	Creator Process ID:	964
 	User Name:	SECURITYNIK-XP$
 	Domain:		WORKGROUP
 	Logon ID:		(0x0,0x3E7)
 	Token Elevation Type:	%7
"
Information,2018-03-11 10:53:41 PM,Security,576,Privilege Use,"Special privileges assigned to new logon:
 	User Name:	NETWORK SERVICE
 	Domain:		NT AUTHORITY
 	Logon ID:		(0x0,0x3E4)
 	Privileges:	SeAuditPrivilege
			SeAssignPrimaryTokenPrivilege
			SeChangeNotifyPrivilege"
Information,2018-03-11 10:53:41 PM,Security,528,Logon/Logoff,"Successful Logon:
 	User Name:	NETWORK SERVICE
 	Domain:		NT AUTHORITY
 	Logon ID:		(0x0,0x3E4)
 	Logon Type:	5
 	Logon Process:	Advapi  
 	Authentication Package:	Negotiate
 	Workstation Name:	
 	Logon GUID:	-
 	Caller User Name:	%9
 	Caller Domain:	%10
 	Caller Logon ID:	%11
 	Caller Process ID: %12
 	Transited Services: %13
 	Source Network Address:	%14
 	Source Port:	%15
 	Caller Process Name:	%16
"
Information,2018-03-11 10:53:41 PM,Security,577,Privilege Use,"Privileged Service Called:
 	Server:		NT Local Security Authority / Authentication Service
 	Service:		LsaRegisterLogonProcess()
 	Primary User Name:	SECURITYNIK-XP$
 	Primary Domain:	WORKGROUP
 	Primary Logon ID:	(0x0,0x3E7)
 	Client User Name:	SECURITYNIK-XP$
 	Client Domain:	WORKGROUP
 	Client Logon ID:	(0x0,0x3E7)
 	Privileges:	SeTcbPrivilege
 	Process ID:	%10
 	Process Name:	%11"
Information,2018-03-11 10:53:41 PM,Security,592,Detailed Tracking,"A new process has been created:
 	New Process ID:	1428
 	Image File Name:	C:\WINDOWS\pchealth\helpctr\binaries\helpsvc.exe
 	Creator Process ID:	1172
 	User Name:	SECURITYNIK-XP$
 	Domain:		WORKGROUP
 	Logon ID:		(0x0,0x3E7)
 	Token Elevation Type:	%7
"
Information,2018-03-11 10:51:00 PM,Security,529,Logon/Logoff,"Logon Failure:
 	Reason:		Unknown user name or bad password
 	User Name:	
 	Domain:		.
 	Logon Type:	3
 	Logon Process:	NtLmSsp 
 	Authentication Package:	MICROSOFT_AUTHENTICATION_PACKAGE_V1_0
 	Workstation Name:	mu9VlVRJwtRoEiCg
 	Caller User Name:	%7
 	Caller Domain:	%8
 	Caller Logon ID:	%9
 	Caller Process ID:	%10
 	Transited Services:	%11
 	Source Network Address:	%12
 	Source Port:	%13
 	Caller Process Name:	%14
"
Information,2018-03-11 10:51:00 PM,Security,680,Account Logon,"Logon attempt by:	MICROSOFT_AUTHENTICATION_PACKAGE_V1_0
 Logon account:	
 Source Workstation:	mu9VlVRJwtRoEiCg
 Error Code:	0xC0000064
"
Information,2018-03-11 10:48:33 PM,Security,600,Detailed Tracking,"A process was assigned a primary token.
 Assigning Process Information:
 	Process ID:	708
 	Image File Name:	C:\WINDOWS\system32\winlogon.exe
 	Primary User Name:	SECURITYNIK-XP$
 	Primary Domain:	WORKGROUP
 	Primary Logon ID:	(0x0,0x3E7)
 New Process Information:
 	Process ID:	1256
 	Image File Name:	C:\WINDOWS\system32\logon.scr
 	Target User Name:	SecurityNik
 	Target Domain:	SECURITYNIK-XP
 	Target Logon ID:	(0x0,0xA6BC)
"
