Information,2018-03-12 9:21:18 PM,Security,592,Detailed Tracking,"A new process has been created:
 	New Process ID:	2512
 	Image File Name:	C:\Program Files\SplunkUniversalForwarder\bin\splunk-admon.exe
 	Creator Process ID:	556
 	User Name:	SECURITYNIK-XP$
 	Domain:		WORKGROUP
 	Logon ID:		(0x0,0x3E7)
 	Token Elevation Type:	%7
"
Information,2018-03-12 9:20:22 PM,Security,593,Detailed Tracking,"A process has exited:
 	Process ID:	2348
 	Image File Name:	C:\Program Files\SplunkUniversalForwarder\bin\splunk-winprintmon.exe
 	User Name:	SECURITYNIK-XP$
 	Domain:		WORKGROUP
 	Logon ID:		(0x0,0x3E7)
 	Exit Status:		%6
"
Information,2018-03-12 9:20:22 PM,Security,592,Detailed Tracking,"A new process has been created:
 	New Process ID:	2348
 	Image File Name:	C:\Program Files\SplunkUniversalForwarder\bin\splunk-winprintmon.exe
 	Creator Process ID:	556
 	User Name:	SECURITYNIK-XP$
 	Domain:		WORKGROUP
 	Logon ID:		(0x0,0x3E7)
 	Token Elevation Type:	%7
"
Information,2018-03-12 9:20:21 PM,Security,593,Detailed Tracking,"A process has exited:
 	Process ID:	2316
 	Image File Name:	C:\Program Files\SplunkUniversalForwarder\bin\splunk-regmon.exe
 	User Name:	SECURITYNIK-XP$
 	Domain:		WORKGROUP
 	Logon ID:		(0x0,0x3E7)
 	Exit Status:		%6
"
Information,2018-03-12 9:20:21 PM,Security,592,Detailed Tracking,"A new process has been created:
 	New Process ID:	2316
 	Image File Name:	C:\Program Files\SplunkUniversalForwarder\bin\splunk-regmon.exe
 	Creator Process ID:	556
 	User Name:	SECURITYNIK-XP$
 	Domain:		WORKGROUP
 	Logon ID:		(0x0,0x3E7)
 	Token Elevation Type:	%7
"
Information,2018-03-12 9:20:20 PM,Security,593,Detailed Tracking,"A process has exited:
 	Process ID:	2296
 	Image File Name:	C:\Program Files\SplunkUniversalForwarder\bin\splunk-netmon.exe
 	User Name:	SECURITYNIK-XP$
 	Domain:		WORKGROUP
 	Logon ID:		(0x0,0x3E7)
 	Exit Status:		%6
"
Information,2018-03-12 9:20:20 PM,Security,592,Detailed Tracking,"A new process has been created:
 	New Process ID:	2296
 	Image File Name:	C:\Program Files\SplunkUniversalForwarder\bin\splunk-netmon.exe
 	Creator Process ID:	556
 	User Name:	SECURITYNIK-XP$
 	Domain:		WORKGROUP
 	Logon ID:		(0x0,0x3E7)
 	Token Elevation Type:	%7
"
Information,2018-03-12 9:20:19 PM,Security,593,Detailed Tracking,"A process has exited:
 	Process ID:	2284
 	Image File Name:	C:\Program Files\SplunkUniversalForwarder\bin\splunk-admon.exe
 	User Name:	SECURITYNIK-XP$
 	Domain:		WORKGROUP
 	Logon ID:		(0x0,0x3E7)
 	Exit Status:		%6
"
Information,2018-03-12 9:20:19 PM,Security,592,Detailed Tracking,"A new process has been created:
 	New Process ID:	2284
 	Image File Name:	C:\Program Files\SplunkUniversalForwarder\bin\splunk-admon.exe
 	Creator Process ID:	556
 	User Name:	SECURITYNIK-XP$
 	Domain:		WORKGROUP
 	Logon ID:		(0x0,0x3E7)
 	Token Elevation Type:	%7
"
Information,2018-03-12 9:20:18 PM,Security,593,Detailed Tracking,"A process has exited:
 	Process ID:	2272
 	Image File Name:	C:\Program Files\SplunkUniversalForwarder\bin\splunk-MonitorNoHandle.exe
 	User Name:	SECURITYNIK-XP$
 	Domain:		WORKGROUP
 	Logon ID:		(0x0,0x3E7)
 	Exit Status:		%6
"
Information,2018-03-12 9:20:18 PM,Security,592,Detailed Tracking,"A new process has been created:
 	New Process ID:	2272
 	Image File Name:	C:\Program Files\SplunkUniversalForwarder\bin\splunk-MonitorNoHandle.exe
 	Creator Process ID:	556
 	User Name:	SECURITYNIK-XP$
 	Domain:		WORKGROUP
 	Logon ID:		(0x0,0x3E7)
 	Token Elevation Type:	%7
"
Information,2018-03-12 9:19:18 PM,Security,593,Detailed Tracking,"A process has exited:
 	Process ID:	2128
 	Image File Name:	C:\Program Files\SplunkUniversalForwarder\bin\splunk-winprintmon.exe
 	User Name:	SECURITYNIK-XP$
 	Domain:		WORKGROUP
 	Logon ID:		(0x0,0x3E7)
 	Exit Status:		%6
"
Information,2018-03-12 9:19:18 PM,Security,592,Detailed Tracking,"A new process has been created:
 	New Process ID:	2128
 	Image File Name:	C:\Program Files\SplunkUniversalForwarder\bin\splunk-winprintmon.exe
 	Creator Process ID:	556
 	User Name:	SECURITYNIK-XP$
 	Domain:		WORKGROUP
 	Logon ID:		(0x0,0x3E7)
 	Token Elevation Type:	%7
"
Information,2018-03-12 9:19:17 PM,Security,593,Detailed Tracking,"A process has exited:
 	Process ID:	2120
 	Image File Name:	C:\Program Files\SplunkUniversalForwarder\bin\splunk-MonitorNoHandle.exe
 	User Name:	SECURITYNIK-XP$
 	Domain:		WORKGROUP
 	Logon ID:		(0x0,0x3E7)
 	Exit Status:		%6
"
Information,2018-03-12 9:19:17 PM,Security,592,Detailed Tracking,"A new process has been created:
 	New Process ID:	2120
 	Image File Name:	C:\Program Files\SplunkUniversalForwarder\bin\splunk-MonitorNoHandle.exe
 	Creator Process ID:	556
 	User Name:	SECURITYNIK-XP$
 	Domain:		WORKGROUP
 	Logon ID:		(0x0,0x3E7)
 	Token Elevation Type:	%7
"
Information,2018-03-12 9:19:16 PM,Security,593,Detailed Tracking,"A process has exited:
 	Process ID:	1212
 	Image File Name:	C:\Program Files\SplunkUniversalForwarder\bin\splunk-regmon.exe
 	User Name:	SECURITYNIK-XP$
 	Domain:		WORKGROUP
 	Logon ID:		(0x0,0x3E7)
 	Exit Status:		%6
"
Information,2018-03-12 9:19:16 PM,Security,592,Detailed Tracking,"A new process has been created:
 	New Process ID:	1212
 	Image File Name:	C:\Program Files\SplunkUniversalForwarder\bin\splunk-regmon.exe
 	Creator Process ID:	556
 	User Name:	SECURITYNIK-XP$
 	Domain:		WORKGROUP
 	Logon ID:		(0x0,0x3E7)
 	Token Elevation Type:	%7
"
Information,2018-03-12 9:19:16 PM,Security,593,Detailed Tracking,"A process has exited:
 	Process ID:	1920
 	Image File Name:	C:\Program Files\SplunkUniversalForwarder\bin\splunk-netmon.exe
 	User Name:	SECURITYNIK-XP$
 	Domain:		WORKGROUP
 	Logon ID:		(0x0,0x3E7)
 	Exit Status:		%6
"
Information,2018-03-12 9:19:16 PM,Security,592,Detailed Tracking,"A new process has been created:
 	New Process ID:	1920
 	Image File Name:	C:\Program Files\SplunkUniversalForwarder\bin\splunk-netmon.exe
 	Creator Process ID:	556
 	User Name:	SECURITYNIK-XP$
 	Domain:		WORKGROUP
 	Logon ID:		(0x0,0x3E7)
 	Token Elevation Type:	%7
"
Information,2018-03-12 9:19:15 PM,Security,593,Detailed Tracking,"A process has exited:
 	Process ID:	1116
 	Image File Name:	C:\Program Files\SplunkUniversalForwarder\bin\splunk-admon.exe
 	User Name:	SECURITYNIK-XP$
 	Domain:		WORKGROUP
 	Logon ID:		(0x0,0x3E7)
 	Exit Status:		%6
"
Information,2018-03-12 9:19:15 PM,Security,592,Detailed Tracking,"A new process has been created:
 	New Process ID:	1116
 	Image File Name:	C:\Program Files\SplunkUniversalForwarder\bin\splunk-admon.exe
 	Creator Process ID:	556
 	User Name:	SECURITYNIK-XP$
 	Domain:		WORKGROUP
 	Logon ID:		(0x0,0x3E7)
 	Token Elevation Type:	%7
"
Information,2018-03-12 9:18:18 PM,Security,593,Detailed Tracking,"A process has exited:
 	Process ID:	1104
 	Image File Name:	C:\Program Files\SplunkUniversalForwarder\bin\splunk-winprintmon.exe
 	User Name:	SECURITYNIK-XP$
 	Domain:		WORKGROUP
 	Logon ID:		(0x0,0x3E7)
 	Exit Status:		%6
"
Information,2018-03-12 9:18:18 PM,Security,592,Detailed Tracking,"A new process has been created:
 	New Process ID:	1104
 	Image File Name:	C:\Program Files\SplunkUniversalForwarder\bin\splunk-winprintmon.exe
 	Creator Process ID:	556
 	User Name:	SECURITYNIK-XP$
 	Domain:		WORKGROUP
 	Logon ID:		(0x0,0x3E7)
 	Token Elevation Type:	%7
"
Information,2018-03-12 9:18:18 PM,Security,593,Detailed Tracking,"A process has exited:
 	Process ID:	2024
 	Image File Name:	C:\Program Files\SplunkUniversalForwarder\bin\splunk-regmon.exe
 	User Name:	SECURITYNIK-XP$
 	Domain:		WORKGROUP
 	Logon ID:		(0x0,0x3E7)
 	Exit Status:		%6
"
Information,2018-03-12 9:18:17 PM,Security,592,Detailed Tracking,"A new process has been created:
 	New Process ID:	2024
 	Image File Name:	C:\Program Files\SplunkUniversalForwarder\bin\splunk-regmon.exe
 	Creator Process ID:	556
 	User Name:	SECURITYNIK-XP$
 	Domain:		WORKGROUP
 	Logon ID:		(0x0,0x3E7)
 	Token Elevation Type:	%7
"
Information,2018-03-12 9:18:17 PM,Security,593,Detailed Tracking,"A process has exited:
 	Process ID:	1840
 	Image File Name:	C:\Program Files\SplunkUniversalForwarder\bin\splunk-netmon.exe
 	User Name:	SECURITYNIK-XP$
 	Domain:		WORKGROUP
 	Logon ID:		(0x0,0x3E7)
 	Exit Status:		%6
"
Information,2018-03-12 9:18:17 PM,Security,592,Detailed Tracking,"A new process has been created:
 	New Process ID:	1840
 	Image File Name:	C:\Program Files\SplunkUniversalForwarder\bin\splunk-netmon.exe
 	Creator Process ID:	556
 	User Name:	SECURITYNIK-XP$
 	Domain:		WORKGROUP
 	Logon ID:		(0x0,0x3E7)
 	Token Elevation Type:	%7
"
Information,2018-03-12 9:18:16 PM,Security,593,Detailed Tracking,"A process has exited:
 	Process ID:	504
 	Image File Name:	C:\Program Files\SplunkUniversalForwarder\bin\splunk-admon.exe
 	User Name:	SECURITYNIK-XP$
 	Domain:		WORKGROUP
 	Logon ID:		(0x0,0x3E7)
 	Exit Status:		%6
"
Information,2018-03-12 9:18:16 PM,Security,592,Detailed Tracking,"A new process has been created:
 	New Process ID:	504
 	Image File Name:	C:\Program Files\SplunkUniversalForwarder\bin\splunk-admon.exe
 	Creator Process ID:	556
 	User Name:	SECURITYNIK-XP$
 	Domain:		WORKGROUP
 	Logon ID:		(0x0,0x3E7)
 	Token Elevation Type:	%7
"
Information,2018-03-12 9:18:15 PM,Security,593,Detailed Tracking,"A process has exited:
 	Process ID:	1376
 	Image File Name:	C:\Program Files\SplunkUniversalForwarder\bin\splunk-MonitorNoHandle.exe
 	User Name:	SECURITYNIK-XP$
 	Domain:		WORKGROUP
 	Logon ID:		(0x0,0x3E7)
 	Exit Status:		%6
"
Information,2018-03-12 9:18:15 PM,Security,592,Detailed Tracking,"A new process has been created:
 	New Process ID:	1376
 	Image File Name:	C:\Program Files\SplunkUniversalForwarder\bin\splunk-MonitorNoHandle.exe
 	Creator Process ID:	556
 	User Name:	SECURITYNIK-XP$
 	Domain:		WORKGROUP
 	Logon ID:		(0x0,0x3E7)
 	Token Elevation Type:	%7
"
Information,2018-03-12 9:17:19 PM,Security,593,Detailed Tracking,"A process has exited:
 	Process ID:	4060
 	Image File Name:	C:\Program Files\SplunkUniversalForwarder\bin\splunk-winprintmon.exe
 	User Name:	SECURITYNIK-XP$
 	Domain:		WORKGROUP
 	Logon ID:		(0x0,0x3E7)
 	Exit Status:		%6
"
Information,2018-03-12 9:17:19 PM,Security,592,Detailed Tracking,"A new process has been created:
 	New Process ID:	4060
 	Image File Name:	C:\Program Files\SplunkUniversalForwarder\bin\splunk-winprintmon.exe
 	Creator Process ID:	556
 	User Name:	SECURITYNIK-XP$
 	Domain:		WORKGROUP
 	Logon ID:		(0x0,0x3E7)
 	Token Elevation Type:	%7
"
Information,2018-03-12 9:17:18 PM,Security,593,Detailed Tracking,"A process has exited:
 	Process ID:	4032
 	Image File Name:	C:\Program Files\SplunkUniversalForwarder\bin\splunk-MonitorNoHandle.exe
 	User Name:	SECURITYNIK-XP$
 	Domain:		WORKGROUP
 	Logon ID:		(0x0,0x3E7)
 	Exit Status:		%6
"
Information,2018-03-12 9:17:18 PM,Security,592,Detailed Tracking,"A new process has been created:
 	New Process ID:	4032
 	Image File Name:	C:\Program Files\SplunkUniversalForwarder\bin\splunk-MonitorNoHandle.exe
 	Creator Process ID:	556
 	User Name:	SECURITYNIK-XP$
 	Domain:		WORKGROUP
 	Logon ID:		(0x0,0x3E7)
 	Token Elevation Type:	%7
"
Information,2018-03-12 9:17:17 PM,Security,593,Detailed Tracking,"A process has exited:
 	Process ID:	4008
 	Image File Name:	C:\Program Files\SplunkUniversalForwarder\bin\splunk-regmon.exe
 	User Name:	SECURITYNIK-XP$
 	Domain:		WORKGROUP
 	Logon ID:		(0x0,0x3E7)
 	Exit Status:		%6
"
Information,2018-03-12 9:17:17 PM,Security,592,Detailed Tracking,"A new process has been created:
 	New Process ID:	4008
 	Image File Name:	C:\Program Files\SplunkUniversalForwarder\bin\splunk-regmon.exe
 	Creator Process ID:	556
 	User Name:	SECURITYNIK-XP$
 	Domain:		WORKGROUP
 	Logon ID:		(0x0,0x3E7)
 	Token Elevation Type:	%7
"
Information,2018-03-12 9:17:16 PM,Security,593,Detailed Tracking,"A process has exited:
 	Process ID:	3964
 	Image File Name:	C:\Program Files\SplunkUniversalForwarder\bin\splunk-netmon.exe
 	User Name:	SECURITYNIK-XP$
 	Domain:		WORKGROUP
 	Logon ID:		(0x0,0x3E7)
 	Exit Status:		%6
"
Information,2018-03-12 9:17:16 PM,Security,592,Detailed Tracking,"A new process has been created:
 	New Process ID:	3964
 	Image File Name:	C:\Program Files\SplunkUniversalForwarder\bin\splunk-netmon.exe
 	Creator Process ID:	556
 	User Name:	SECURITYNIK-XP$
 	Domain:		WORKGROUP
 	Logon ID:		(0x0,0x3E7)
 	Token Elevation Type:	%7
"
Information,2018-03-12 9:17:15 PM,Security,593,Detailed Tracking,"A process has exited:
 	Process ID:	3952
 	Image File Name:	C:\Program Files\SplunkUniversalForwarder\bin\splunk-admon.exe
 	User Name:	SECURITYNIK-XP$
 	Domain:		WORKGROUP
 	Logon ID:		(0x0,0x3E7)
 	Exit Status:		%6
"
Information,2018-03-12 9:17:15 PM,Security,592,Detailed Tracking,"A new process has been created:
 	New Process ID:	3952
 	Image File Name:	C:\Program Files\SplunkUniversalForwarder\bin\splunk-admon.exe
 	Creator Process ID:	556
 	User Name:	SECURITYNIK-XP$
 	Domain:		WORKGROUP
 	Logon ID:		(0x0,0x3E7)
 	Token Elevation Type:	%7
"
Information,2018-03-12 9:16:18 PM,Security,593,Detailed Tracking,"A process has exited:
 	Process ID:	3788
 	Image File Name:	C:\Program Files\SplunkUniversalForwarder\bin\splunk-winprintmon.exe
 	User Name:	SECURITYNIK-XP$
 	Domain:		WORKGROUP
 	Logon ID:		(0x0,0x3E7)
 	Exit Status:		%6
"
Information,2018-03-12 9:16:17 PM,Security,592,Detailed Tracking,"A new process has been created:
 	New Process ID:	3788
 	Image File Name:	C:\Program Files\SplunkUniversalForwarder\bin\splunk-winprintmon.exe
 	Creator Process ID:	556
 	User Name:	SECURITYNIK-XP$
 	Domain:		WORKGROUP
 	Logon ID:		(0x0,0x3E7)
 	Token Elevation Type:	%7
"
Information,2018-03-12 9:16:17 PM,Security,593,Detailed Tracking,"A process has exited:
 	Process ID:	3760
 	Image File Name:	C:\Program Files\SplunkUniversalForwarder\bin\splunk-regmon.exe
 	User Name:	SECURITYNIK-XP$
 	Domain:		WORKGROUP
 	Logon ID:		(0x0,0x3E7)
 	Exit Status:		%6
"
Information,2018-03-12 9:16:17 PM,Security,592,Detailed Tracking,"A new process has been created:
 	New Process ID:	3760
 	Image File Name:	C:\Program Files\SplunkUniversalForwarder\bin\splunk-regmon.exe
 	Creator Process ID:	556
 	User Name:	SECURITYNIK-XP$
 	Domain:		WORKGROUP
 	Logon ID:		(0x0,0x3E7)
 	Token Elevation Type:	%7
"
Information,2018-03-12 9:16:16 PM,Security,593,Detailed Tracking,"A process has exited:
 	Process ID:	3748
 	Image File Name:	C:\Program Files\SplunkUniversalForwarder\bin\splunk-netmon.exe
 	User Name:	SECURITYNIK-XP$
 	Domain:		WORKGROUP
 	Logon ID:		(0x0,0x3E7)
 	Exit Status:		%6
"
Information,2018-03-12 9:16:16 PM,Security,592,Detailed Tracking,"A new process has been created:
 	New Process ID:	3748
 	Image File Name:	C:\Program Files\SplunkUniversalForwarder\bin\splunk-netmon.exe
 	Creator Process ID:	556
 	User Name:	SECURITYNIK-XP$
 	Domain:		WORKGROUP
 	Logon ID:		(0x0,0x3E7)
 	Token Elevation Type:	%7
"
Information,2018-03-12 9:16:15 PM,Security,593,Detailed Tracking,"A process has exited:
 	Process ID:	3720
 	Image File Name:	C:\Program Files\SplunkUniversalForwarder\bin\splunk-admon.exe
 	User Name:	SECURITYNIK-XP$
 	Domain:		WORKGROUP
 	Logon ID:		(0x0,0x3E7)
 	Exit Status:		%6
"
Information,2018-03-12 9:16:15 PM,Security,592,Detailed Tracking,"A new process has been created:
 	New Process ID:	3720
 	Image File Name:	C:\Program Files\SplunkUniversalForwarder\bin\splunk-admon.exe
 	Creator Process ID:	556
 	User Name:	SECURITYNIK-XP$
 	Domain:		WORKGROUP
 	Logon ID:		(0x0,0x3E7)
 	Token Elevation Type:	%7
"
Information,2018-03-12 9:16:14 PM,Security,593,Detailed Tracking,"A process has exited:
 	Process ID:	3680
 	Image File Name:	C:\Program Files\SplunkUniversalForwarder\bin\splunk-MonitorNoHandle.exe
 	User Name:	SECURITYNIK-XP$
 	Domain:		WORKGROUP
 	Logon ID:		(0x0,0x3E7)
 	Exit Status:		%6
"
Information,2018-03-12 9:16:14 PM,Security,592,Detailed Tracking,"A new process has been created:
 	New Process ID:	3680
 	Image File Name:	C:\Program Files\SplunkUniversalForwarder\bin\splunk-MonitorNoHandle.exe
 	Creator Process ID:	556
 	User Name:	SECURITYNIK-XP$
 	Domain:		WORKGROUP
 	Logon ID:		(0x0,0x3E7)
 	Token Elevation Type:	%7
"
Information,2018-03-12 9:15:15 PM,Security,593,Detailed Tracking,"A process has exited:
 	Process ID:	3572
 	Image File Name:	C:\Program Files\SplunkUniversalForwarder\bin\splunk-winprintmon.exe
 	User Name:	SECURITYNIK-XP$
 	Domain:		WORKGROUP
 	Logon ID:		(0x0,0x3E7)
 	Exit Status:		%6
"
Information,2018-03-12 9:15:15 PM,Security,592,Detailed Tracking,"A new process has been created:
 	New Process ID:	3572
 	Image File Name:	C:\Program Files\SplunkUniversalForwarder\bin\splunk-winprintmon.exe
 	Creator Process ID:	556
 	User Name:	SECURITYNIK-XP$
 	Domain:		WORKGROUP
 	Logon ID:		(0x0,0x3E7)
 	Token Elevation Type:	%7
"
Information,2018-03-12 9:15:15 PM,Security,593,Detailed Tracking,"A process has exited:
 	Process ID:	3536
 	Image File Name:	C:\Program Files\SplunkUniversalForwarder\bin\splunk-MonitorNoHandle.exe
 	User Name:	SECURITYNIK-XP$
 	Domain:		WORKGROUP
 	Logon ID:		(0x0,0x3E7)
 	Exit Status:		%6
"
Information,2018-03-12 9:15:15 PM,Security,592,Detailed Tracking,"A new process has been created:
 	New Process ID:	3536
 	Image File Name:	C:\Program Files\SplunkUniversalForwarder\bin\splunk-MonitorNoHandle.exe
 	Creator Process ID:	556
 	User Name:	SECURITYNIK-XP$
 	Domain:		WORKGROUP
 	Logon ID:		(0x0,0x3E7)
 	Token Elevation Type:	%7
"
Information,2018-03-12 9:15:14 PM,Security,593,Detailed Tracking,"A process has exited:
 	Process ID:	3512
 	Image File Name:	C:\Program Files\SplunkUniversalForwarder\bin\splunk-regmon.exe
 	User Name:	SECURITYNIK-XP$
 	Domain:		WORKGROUP
 	Logon ID:		(0x0,0x3E7)
 	Exit Status:		%6
"
Information,2018-03-12 9:15:14 PM,Security,592,Detailed Tracking,"A new process has been created:
 	New Process ID:	3512
 	Image File Name:	C:\Program Files\SplunkUniversalForwarder\bin\splunk-regmon.exe
 	Creator Process ID:	556
 	User Name:	SECURITYNIK-XP$
 	Domain:		WORKGROUP
 	Logon ID:		(0x0,0x3E7)
 	Token Elevation Type:	%7
"
Information,2018-03-12 9:15:13 PM,Security,593,Detailed Tracking,"A process has exited:
 	Process ID:	3464
 	Image File Name:	C:\Program Files\SplunkUniversalForwarder\bin\splunk-netmon.exe
 	User Name:	SECURITYNIK-XP$
 	Domain:		WORKGROUP
 	Logon ID:		(0x0,0x3E7)
 	Exit Status:		%6
"
Information,2018-03-12 9:15:13 PM,Security,592,Detailed Tracking,"A new process has been created:
 	New Process ID:	3464
 	Image File Name:	C:\Program Files\SplunkUniversalForwarder\bin\splunk-netmon.exe
 	Creator Process ID:	556
 	User Name:	SECURITYNIK-XP$
 	Domain:		WORKGROUP
 	Logon ID:		(0x0,0x3E7)
 	Token Elevation Type:	%7
"
Information,2018-03-12 9:15:12 PM,Security,593,Detailed Tracking,"A process has exited:
 	Process ID:	3476
 	Image File Name:	C:\Program Files\SplunkUniversalForwarder\bin\splunk-admon.exe
 	User Name:	SECURITYNIK-XP$
 	Domain:		WORKGROUP
 	Logon ID:		(0x0,0x3E7)
 	Exit Status:		%6
"
Information,2018-03-12 9:15:12 PM,Security,592,Detailed Tracking,"A new process has been created:
 	New Process ID:	3476
 	Image File Name:	C:\Program Files\SplunkUniversalForwarder\bin\splunk-admon.exe
 	Creator Process ID:	556
 	User Name:	SECURITYNIK-XP$
 	Domain:		WORKGROUP
 	Logon ID:		(0x0,0x3E7)
 	Token Elevation Type:	%7
"
Information,2018-03-12 9:14:15 PM,Security,593,Detailed Tracking,"A process has exited:
 	Process ID:	3328
 	Image File Name:	C:\Program Files\SplunkUniversalForwarder\bin\splunk-winprintmon.exe
 	User Name:	SECURITYNIK-XP$
 	Domain:		WORKGROUP
 	Logon ID:		(0x0,0x3E7)
 	Exit Status:		%6
"
Information,2018-03-12 9:14:15 PM,Security,592,Detailed Tracking,"A new process has been created:
 	New Process ID:	3328
 	Image File Name:	C:\Program Files\SplunkUniversalForwarder\bin\splunk-winprintmon.exe
 	Creator Process ID:	556
 	User Name:	SECURITYNIK-XP$
 	Domain:		WORKGROUP
 	Logon ID:		(0x0,0x3E7)
 	Token Elevation Type:	%7
"
Information,2018-03-12 9:14:14 PM,Security,593,Detailed Tracking,"A process has exited:
 	Process ID:	2876
 	Image File Name:	C:\Program Files\SplunkUniversalForwarder\bin\splunk-regmon.exe
 	User Name:	SECURITYNIK-XP$
 	Domain:		WORKGROUP
 	Logon ID:		(0x0,0x3E7)
 	Exit Status:		%6
"
Information,2018-03-12 9:14:14 PM,Security,592,Detailed Tracking,"A new process has been created:
 	New Process ID:	2876
 	Image File Name:	C:\Program Files\SplunkUniversalForwarder\bin\splunk-regmon.exe
 	Creator Process ID:	556
 	User Name:	SECURITYNIK-XP$
 	Domain:		WORKGROUP
 	Logon ID:		(0x0,0x3E7)
 	Token Elevation Type:	%7
"
Information,2018-03-12 9:14:14 PM,Security,593,Detailed Tracking,"A process has exited:
 	Process ID:	3284
 	Image File Name:	C:\Program Files\SplunkUniversalForwarder\bin\splunk-netmon.exe
 	User Name:	SECURITYNIK-XP$
 	Domain:		WORKGROUP
 	Logon ID:		(0x0,0x3E7)
 	Exit Status:		%6
"
Information,2018-03-12 9:14:13 PM,Security,592,Detailed Tracking,"A new process has been created:
 	New Process ID:	3284
 	Image File Name:	C:\Program Files\SplunkUniversalForwarder\bin\splunk-netmon.exe
 	Creator Process ID:	556
 	User Name:	SECURITYNIK-XP$
 	Domain:		WORKGROUP
 	Logon ID:		(0x0,0x3E7)
 	Token Elevation Type:	%7
"
Information,2018-03-12 9:14:13 PM,Security,593,Detailed Tracking,"A process has exited:
 	Process ID:	3240
 	Image File Name:	C:\Program Files\SplunkUniversalForwarder\bin\splunk-admon.exe
 	User Name:	SECURITYNIK-XP$
 	Domain:		WORKGROUP
 	Logon ID:		(0x0,0x3E7)
 	Exit Status:		%6
"
Information,2018-03-12 9:14:13 PM,Security,592,Detailed Tracking,"A new process has been created:
 	New Process ID:	3240
 	Image File Name:	C:\Program Files\SplunkUniversalForwarder\bin\splunk-admon.exe
 	Creator Process ID:	556
 	User Name:	SECURITYNIK-XP$
 	Domain:		WORKGROUP
 	Logon ID:		(0x0,0x3E7)
 	Token Elevation Type:	%7
"
Information,2018-03-12 9:14:12 PM,Security,593,Detailed Tracking,"A process has exited:
 	Process ID:	3232
 	Image File Name:	C:\Program Files\SplunkUniversalForwarder\bin\splunk-MonitorNoHandle.exe
 	User Name:	SECURITYNIK-XP$
 	Domain:		WORKGROUP
 	Logon ID:		(0x0,0x3E7)
 	Exit Status:		%6
"
Information,2018-03-12 9:14:12 PM,Security,592,Detailed Tracking,"A new process has been created:
 	New Process ID:	3232
 	Image File Name:	C:\Program Files\SplunkUniversalForwarder\bin\splunk-MonitorNoHandle.exe
 	Creator Process ID:	556
 	User Name:	SECURITYNIK-XP$
 	Domain:		WORKGROUP
 	Logon ID:		(0x0,0x3E7)
 	Token Elevation Type:	%7
"
Information,2018-03-12 9:14:09 PM,Security,600,Detailed Tracking,"A process was assigned a primary token.
 Assigning Process Information:
 	Process ID:	708
 	Image File Name:	C:\WINDOWS\system32\winlogon.exe
 	Primary User Name:	SECURITYNIK-XP$
 	Primary Domain:	WORKGROUP
 	Primary Logon ID:	(0x0,0x3E7)
 New Process Information:
 	Process ID:	3208
 	Image File Name:	C:\WINDOWS\system32\logon.scr
 	Target User Name:	SecurityNik
 	Target Domain:	SECURITYNIK-XP
 	Target Logon ID:	(0x0,0xA5B9)
"
Information,2018-03-12 9:14:09 PM,Security,592,Detailed Tracking,"A new process has been created:
 	New Process ID:	3208
 	Image File Name:	C:\WINDOWS\system32\logon.scr
 	Creator Process ID:	708
 	User Name:	SECURITYNIK-XP$
 	Domain:		WORKGROUP
 	Logon ID:		(0x0,0x3E7)
 	Token Elevation Type:	%7
"
Information,2018-03-12 9:13:15 PM,Security,593,Detailed Tracking,"A process has exited:
 	Process ID:	3052
 	Image File Name:	C:\Program Files\SplunkUniversalForwarder\bin\splunk-winprintmon.exe
 	User Name:	SECURITYNIK-XP$
 	Domain:		WORKGROUP
 	Logon ID:		(0x0,0x3E7)
 	Exit Status:		%6
"
Information,2018-03-12 9:13:15 PM,Security,592,Detailed Tracking,"A new process has been created:
 	New Process ID:	3052
 	Image File Name:	C:\Program Files\SplunkUniversalForwarder\bin\splunk-winprintmon.exe
 	Creator Process ID:	556
 	User Name:	SECURITYNIK-XP$
 	Domain:		WORKGROUP
 	Logon ID:		(0x0,0x3E7)
 	Token Elevation Type:	%7
"
Information,2018-03-12 9:13:14 PM,Security,593,Detailed Tracking,"A process has exited:
 	Process ID:	3016
 	Image File Name:	C:\Program Files\SplunkUniversalForwarder\bin\splunk-MonitorNoHandle.exe
 	User Name:	SECURITYNIK-XP$
 	Domain:		WORKGROUP
 	Logon ID:		(0x0,0x3E7)
 	Exit Status:		%6
"
Information,2018-03-12 9:13:14 PM,Security,592,Detailed Tracking,"A new process has been created:
 	New Process ID:	3016
 	Image File Name:	C:\Program Files\SplunkUniversalForwarder\bin\splunk-MonitorNoHandle.exe
 	Creator Process ID:	556
 	User Name:	SECURITYNIK-XP$
 	Domain:		WORKGROUP
 	Logon ID:		(0x0,0x3E7)
 	Token Elevation Type:	%7
"
Information,2018-03-12 9:13:14 PM,Security,593,Detailed Tracking,"A process has exited:
 	Process ID:	2988
 	Image File Name:	C:\Program Files\SplunkUniversalForwarder\bin\splunk-regmon.exe
 	User Name:	SECURITYNIK-XP$
 	Domain:		WORKGROUP
 	Logon ID:		(0x0,0x3E7)
 	Exit Status:		%6
"
Information,2018-03-12 9:13:13 PM,Security,592,Detailed Tracking,"A new process has been created:
 	New Process ID:	2988
 	Image File Name:	C:\Program Files\SplunkUniversalForwarder\bin\splunk-regmon.exe
 	Creator Process ID:	556
 	User Name:	SECURITYNIK-XP$
 	Domain:		WORKGROUP
 	Logon ID:		(0x0,0x3E7)
 	Token Elevation Type:	%7
"
Information,2018-03-12 9:13:13 PM,Security,593,Detailed Tracking,"A process has exited:
 	Process ID:	2980
 	Image File Name:	C:\Program Files\SplunkUniversalForwarder\bin\splunk-netmon.exe
 	User Name:	SECURITYNIK-XP$
 	Domain:		WORKGROUP
 	Logon ID:		(0x0,0x3E7)
 	Exit Status:		%6
"
Information,2018-03-12 9:13:13 PM,Security,592,Detailed Tracking,"A new process has been created:
 	New Process ID:	2980
 	Image File Name:	C:\Program Files\SplunkUniversalForwarder\bin\splunk-netmon.exe
 	Creator Process ID:	556
 	User Name:	SECURITYNIK-XP$
 	Domain:		WORKGROUP
 	Logon ID:		(0x0,0x3E7)
 	Token Elevation Type:	%7
"
Information,2018-03-12 9:13:12 PM,Security,593,Detailed Tracking,"A process has exited:
 	Process ID:	1200
 	Image File Name:	C:\Program Files\SplunkUniversalForwarder\bin\splunk-admon.exe
 	User Name:	SECURITYNIK-XP$
 	Domain:		WORKGROUP
 	Logon ID:		(0x0,0x3E7)
 	Exit Status:		%6
"
Information,2018-03-12 9:13:12 PM,Security,592,Detailed Tracking,"A new process has been created:
 	New Process ID:	1200
 	Image File Name:	C:\Program Files\SplunkUniversalForwarder\bin\splunk-admon.exe
 	Creator Process ID:	556
 	User Name:	SECURITYNIK-XP$
 	Domain:		WORKGROUP
 	Logon ID:		(0x0,0x3E7)
 	Token Elevation Type:	%7
"
Information,2018-03-12 9:12:15 PM,Security,593,Detailed Tracking,"A process has exited:
 	Process ID:	2748
 	Image File Name:	C:\Program Files\SplunkUniversalForwarder\bin\splunk-winprintmon.exe
 	User Name:	SECURITYNIK-XP$
 	Domain:		WORKGROUP
 	Logon ID:		(0x0,0x3E7)
 	Exit Status:		%6
"
Information,2018-03-12 9:12:15 PM,Security,592,Detailed Tracking,"A new process has been created:
 	New Process ID:	2748
 	Image File Name:	C:\Program Files\SplunkUniversalForwarder\bin\splunk-winprintmon.exe
 	Creator Process ID:	556
 	User Name:	SECURITYNIK-XP$
 	Domain:		WORKGROUP
 	Logon ID:		(0x0,0x3E7)
 	Token Elevation Type:	%7
"
Information,2018-03-12 9:12:14 PM,Security,593,Detailed Tracking,"A process has exited:
 	Process ID:	904
 	Image File Name:	C:\Program Files\SplunkUniversalForwarder\bin\splunk-regmon.exe
 	User Name:	SECURITYNIK-XP$
 	Domain:		WORKGROUP
 	Logon ID:		(0x0,0x3E7)
 	Exit Status:		%6
"
Information,2018-03-12 9:12:14 PM,Security,592,Detailed Tracking,"A new process has been created:
 	New Process ID:	904
 	Image File Name:	C:\Program Files\SplunkUniversalForwarder\bin\splunk-regmon.exe
 	Creator Process ID:	556
 	User Name:	SECURITYNIK-XP$
 	Domain:		WORKGROUP
 	Logon ID:		(0x0,0x3E7)
 	Token Elevation Type:	%7
"
Information,2018-03-12 9:12:13 PM,Security,593,Detailed Tracking,"A process has exited:
 	Process ID:	124
 	Image File Name:	C:\Program Files\SplunkUniversalForwarder\bin\splunk-netmon.exe
 	User Name:	SECURITYNIK-XP$
 	Domain:		WORKGROUP
 	Logon ID:		(0x0,0x3E7)
 	Exit Status:		%6
"
Information,2018-03-12 9:12:13 PM,Security,592,Detailed Tracking,"A new process has been created:
 	New Process ID:	124
 	Image File Name:	C:\Program Files\SplunkUniversalForwarder\bin\splunk-netmon.exe
 	Creator Process ID:	556
 	User Name:	SECURITYNIK-XP$
 	Domain:		WORKGROUP
 	Logon ID:		(0x0,0x3E7)
 	Token Elevation Type:	%7
"
Information,2018-03-12 9:12:12 PM,Security,593,Detailed Tracking,"A process has exited:
 	Process ID:	2668
 	Image File Name:	C:\Program Files\SplunkUniversalForwarder\bin\splunk-admon.exe
 	User Name:	SECURITYNIK-XP$
 	Domain:		WORKGROUP
 	Logon ID:		(0x0,0x3E7)
 	Exit Status:		%6
"
Information,2018-03-12 9:12:12 PM,Security,592,Detailed Tracking,"A new process has been created:
 	New Process ID:	2668
 	Image File Name:	C:\Program Files\SplunkUniversalForwarder\bin\splunk-admon.exe
 	Creator Process ID:	556
 	User Name:	SECURITYNIK-XP$
 	Domain:		WORKGROUP
 	Logon ID:		(0x0,0x3E7)
 	Token Elevation Type:	%7
"
Information,2018-03-12 9:12:11 PM,Security,593,Detailed Tracking,"A process has exited:
 	Process ID:	2656
 	Image File Name:	C:\Program Files\SplunkUniversalForwarder\bin\splunk-MonitorNoHandle.exe
 	User Name:	SECURITYNIK-XP$
 	Domain:		WORKGROUP
 	Logon ID:		(0x0,0x3E7)
 	Exit Status:		%6
"
Information,2018-03-12 9:12:11 PM,Security,592,Detailed Tracking,"A new process has been created:
 	New Process ID:	2656
 	Image File Name:	C:\Program Files\SplunkUniversalForwarder\bin\splunk-MonitorNoHandle.exe
 	Creator Process ID:	556
 	User Name:	SECURITYNIK-XP$
 	Domain:		WORKGROUP
 	Logon ID:		(0x0,0x3E7)
 	Token Elevation Type:	%7
"
Information,2018-03-12 9:11:15 PM,Security,593,Detailed Tracking,"A process has exited:
 	Process ID:	2500
 	Image File Name:	C:\Program Files\SplunkUniversalForwarder\bin\splunk-winprintmon.exe
 	User Name:	SECURITYNIK-XP$
 	Domain:		WORKGROUP
 	Logon ID:		(0x0,0x3E7)
 	Exit Status:		%6
"
Information,2018-03-12 9:11:15 PM,Security,592,Detailed Tracking,"A new process has been created:
 	New Process ID:	2500
 	Image File Name:	C:\Program Files\SplunkUniversalForwarder\bin\splunk-winprintmon.exe
 	Creator Process ID:	556
 	User Name:	SECURITYNIK-XP$
 	Domain:		WORKGROUP
 	Logon ID:		(0x0,0x3E7)
 	Token Elevation Type:	%7
"
Information,2018-03-12 9:11:14 PM,Security,593,Detailed Tracking,"A process has exited:
 	Process ID:	2472
 	Image File Name:	C:\Program Files\SplunkUniversalForwarder\bin\splunk-MonitorNoHandle.exe
 	User Name:	SECURITYNIK-XP$
 	Domain:		WORKGROUP
 	Logon ID:		(0x0,0x3E7)
 	Exit Status:		%6
"
Information,2018-03-12 9:11:14 PM,Security,592,Detailed Tracking,"A new process has been created:
 	New Process ID:	2472
 	Image File Name:	C:\Program Files\SplunkUniversalForwarder\bin\splunk-MonitorNoHandle.exe
 	Creator Process ID:	556
 	User Name:	SECURITYNIK-XP$
 	Domain:		WORKGROUP
 	Logon ID:		(0x0,0x3E7)
 	Token Elevation Type:	%7
"
Information,2018-03-12 9:11:13 PM,Security,593,Detailed Tracking,"A process has exited:
 	Process ID:	2368
 	Image File Name:	C:\Program Files\SplunkUniversalForwarder\bin\splunk-regmon.exe
 	User Name:	SECURITYNIK-XP$
 	Domain:		WORKGROUP
 	Logon ID:		(0x0,0x3E7)
 	Exit Status:		%6
"
Information,2018-03-12 9:11:13 PM,Security,592,Detailed Tracking,"A new process has been created:
 	New Process ID:	2368
 	Image File Name:	C:\Program Files\SplunkUniversalForwarder\bin\splunk-regmon.exe
 	Creator Process ID:	556
 	User Name:	SECURITYNIK-XP$
 	Domain:		WORKGROUP
 	Logon ID:		(0x0,0x3E7)
 	Token Elevation Type:	%7
"
Information,2018-03-12 9:11:12 PM,Security,593,Detailed Tracking,"A process has exited:
 	Process ID:	2424
 	Image File Name:	C:\Program Files\SplunkUniversalForwarder\bin\splunk-netmon.exe
 	User Name:	SECURITYNIK-XP$
 	Domain:		WORKGROUP
 	Logon ID:		(0x0,0x3E7)
 	Exit Status:		%6
"
Information,2018-03-12 9:11:12 PM,Security,592,Detailed Tracking,"A new process has been created:
 	New Process ID:	2424
 	Image File Name:	C:\Program Files\SplunkUniversalForwarder\bin\splunk-netmon.exe
 	Creator Process ID:	556
 	User Name:	SECURITYNIK-XP$
 	Domain:		WORKGROUP
 	Logon ID:		(0x0,0x3E7)
 	Token Elevation Type:	%7
"
Information,2018-03-12 9:11:11 PM,Security,593,Detailed Tracking,"A process has exited:
 	Process ID:	2400
 	Image File Name:	C:\Program Files\SplunkUniversalForwarder\bin\splunk-admon.exe
 	User Name:	SECURITYNIK-XP$
 	Domain:		WORKGROUP
 	Logon ID:		(0x0,0x3E7)
 	Exit Status:		%6
"
Information,2018-03-12 9:11:11 PM,Security,592,Detailed Tracking,"A new process has been created:
 	New Process ID:	2400
 	Image File Name:	C:\Program Files\SplunkUniversalForwarder\bin\splunk-admon.exe
 	Creator Process ID:	556
 	User Name:	SECURITYNIK-XP$
 	Domain:		WORKGROUP
 	Logon ID:		(0x0,0x3E7)
 	Token Elevation Type:	%7
"
Information,2018-03-12 9:10:12 PM,Security,593,Detailed Tracking,"A process has exited:
 	Process ID:	2196
 	Image File Name:	C:\Program Files\SplunkUniversalForwarder\bin\splunk-winprintmon.exe
 	User Name:	SECURITYNIK-XP$
 	Domain:		WORKGROUP
 	Logon ID:		(0x0,0x3E7)
 	Exit Status:		%6
"
Information,2018-03-12 9:10:12 PM,Security,592,Detailed Tracking,"A new process has been created:
 	New Process ID:	2196
 	Image File Name:	C:\Program Files\SplunkUniversalForwarder\bin\splunk-winprintmon.exe
 	Creator Process ID:	556
 	User Name:	SECURITYNIK-XP$
 	Domain:		WORKGROUP
 	Logon ID:		(0x0,0x3E7)
 	Token Elevation Type:	%7
"
Information,2018-03-12 9:10:11 PM,Security,593,Detailed Tracking,"A process has exited:
 	Process ID:	1808
 	Image File Name:	C:\Program Files\SplunkUniversalForwarder\bin\splunk-regmon.exe
 	User Name:	SECURITYNIK-XP$
 	Domain:		WORKGROUP
 	Logon ID:		(0x0,0x3E7)
 	Exit Status:		%6
"
Information,2018-03-12 9:10:11 PM,Security,592,Detailed Tracking,"A new process has been created:
 	New Process ID:	1808
 	Image File Name:	C:\Program Files\SplunkUniversalForwarder\bin\splunk-regmon.exe
 	Creator Process ID:	556
 	User Name:	SECURITYNIK-XP$
 	Domain:		WORKGROUP
 	Logon ID:		(0x0,0x3E7)
 	Token Elevation Type:	%7
"
Information,2018-03-12 9:10:10 PM,Security,593,Detailed Tracking,"A process has exited:
 	Process ID:	2172
 	Image File Name:	C:\Program Files\SplunkUniversalForwarder\bin\splunk-netmon.exe
 	User Name:	SECURITYNIK-XP$
 	Domain:		WORKGROUP
 	Logon ID:		(0x0,0x3E7)
 	Exit Status:		%6
"
Information,2018-03-12 9:10:10 PM,Security,592,Detailed Tracking,"A new process has been created:
 	New Process ID:	2172
 	Image File Name:	C:\Program Files\SplunkUniversalForwarder\bin\splunk-netmon.exe
 	Creator Process ID:	556
 	User Name:	SECURITYNIK-XP$
 	Domain:		WORKGROUP
 	Logon ID:		(0x0,0x3E7)
 	Token Elevation Type:	%7
"
Information,2018-03-12 9:10:09 PM,Security,593,Detailed Tracking,"A process has exited:
 	Process ID:	1300
 	Image File Name:	C:\Program Files\SplunkUniversalForwarder\bin\splunk-admon.exe
 	User Name:	SECURITYNIK-XP$
 	Domain:		WORKGROUP
 	Logon ID:		(0x0,0x3E7)
 	Exit Status:		%6
"
Information,2018-03-12 9:10:09 PM,Security,592,Detailed Tracking,"A new process has been created:
 	New Process ID:	1300
 	Image File Name:	C:\Program Files\SplunkUniversalForwarder\bin\splunk-admon.exe
 	Creator Process ID:	556
 	User Name:	SECURITYNIK-XP$
 	Domain:		WORKGROUP
 	Logon ID:		(0x0,0x3E7)
 	Token Elevation Type:	%7
"
Information,2018-03-12 9:10:09 PM,Security,593,Detailed Tracking,"A process has exited:
 	Process ID:	2132
 	Image File Name:	C:\Program Files\SplunkUniversalForwarder\bin\splunk-MonitorNoHandle.exe
 	User Name:	SECURITYNIK-XP$
 	Domain:		WORKGROUP
 	Logon ID:		(0x0,0x3E7)
 	Exit Status:		%6
"
Information,2018-03-12 9:10:09 PM,Security,592,Detailed Tracking,"A new process has been created:
 	New Process ID:	2132
 	Image File Name:	C:\Program Files\SplunkUniversalForwarder\bin\splunk-MonitorNoHandle.exe
 	Creator Process ID:	556
 	User Name:	SECURITYNIK-XP$
 	Domain:		WORKGROUP
 	Logon ID:		(0x0,0x3E7)
 	Token Elevation Type:	%7
"
Information,2018-03-12 9:09:10 PM,Security,593,Detailed Tracking,"A process has exited:
 	Process ID:	1216
 	Image File Name:	C:\Program Files\SplunkUniversalForwarder\bin\splunk-winprintmon.exe
 	User Name:	SECURITYNIK-XP$
 	Domain:		WORKGROUP
 	Logon ID:		(0x0,0x3E7)
 	Exit Status:		%6
"
Information,2018-03-12 9:09:10 PM,Security,592,Detailed Tracking,"A new process has been created:
 	New Process ID:	1216
 	Image File Name:	C:\Program Files\SplunkUniversalForwarder\bin\splunk-winprintmon.exe
 	Creator Process ID:	556
 	User Name:	SECURITYNIK-XP$
 	Domain:		WORKGROUP
 	Logon ID:		(0x0,0x3E7)
 	Token Elevation Type:	%7
"
Information,2018-03-12 9:09:09 PM,Security,593,Detailed Tracking,"A process has exited:
 	Process ID:	1244
 	Image File Name:	C:\Program Files\SplunkUniversalForwarder\bin\splunk-MonitorNoHandle.exe
 	User Name:	SECURITYNIK-XP$
 	Domain:		WORKGROUP
 	Logon ID:		(0x0,0x3E7)
 	Exit Status:		%6
"
Information,2018-03-12 9:09:09 PM,Security,592,Detailed Tracking,"A new process has been created:
 	New Process ID:	1244
 	Image File Name:	C:\Program Files\SplunkUniversalForwarder\bin\splunk-MonitorNoHandle.exe
 	Creator Process ID:	556
 	User Name:	SECURITYNIK-XP$
 	Domain:		WORKGROUP
 	Logon ID:		(0x0,0x3E7)
 	Token Elevation Type:	%7
"
Information,2018-03-12 9:09:09 PM,Security,593,Detailed Tracking,"A process has exited:
 	Process ID:	764
 	Image File Name:	C:\WINDOWS\system32\savedump.exe
 	User Name:	SECURITYNIK-XP$
 	Domain:		WORKGROUP
 	Logon ID:		(0x0,0x3E7)
 	Exit Status:		%6
"
Information,2018-03-12 9:09:09 PM,Security,593,Detailed Tracking,"A process has exited:
 	Process ID:	1044
 	Image File Name:	C:\Program Files\SplunkUniversalForwarder\bin\splunk-regmon.exe
 	User Name:	SECURITYNIK-XP$
 	Domain:		WORKGROUP
 	Logon ID:		(0x0,0x3E7)
 	Exit Status:		%6
"
Information,2018-03-12 9:09:08 PM,Security,592,Detailed Tracking,"A new process has been created:
 	New Process ID:	1044
 	Image File Name:	C:\Program Files\SplunkUniversalForwarder\bin\splunk-regmon.exe
 	Creator Process ID:	556
 	User Name:	SECURITYNIK-XP$
 	Domain:		WORKGROUP
 	Logon ID:		(0x0,0x3E7)
 	Token Elevation Type:	%7
"
Information,2018-03-12 9:09:07 PM,Security,593,Detailed Tracking,"A process has exited:
 	Process ID:	776
 	Image File Name:	C:\Program Files\SplunkUniversalForwarder\bin\splunk-netmon.exe
 	User Name:	SECURITYNIK-XP$
 	Domain:		WORKGROUP
 	Logon ID:		(0x0,0x3E7)
 	Exit Status:		%6
"
Information,2018-03-12 9:09:07 PM,Security,592,Detailed Tracking,"A new process has been created:
 	New Process ID:	776
 	Image File Name:	C:\Program Files\SplunkUniversalForwarder\bin\splunk-netmon.exe
 	Creator Process ID:	556
 	User Name:	SECURITYNIK-XP$
 	Domain:		WORKGROUP
 	Logon ID:		(0x0,0x3E7)
 	Token Elevation Type:	%7
"
Information,2018-03-12 9:09:07 PM,Security,593,Detailed Tracking,"A process has exited:
 	Process ID:	1100
 	Image File Name:	C:\WINDOWS\system32\dumprep.exe
 	User Name:	SecurityNik
 	Domain:		SECURITYNIK-XP
 	Logon ID:		(0x0,0xA5B9)
 	Exit Status:		%6
"
Information,2018-03-12 9:09:06 PM,Security,593,Detailed Tracking,"A process has exited:
 	Process ID:	548
 	Image File Name:	C:\Program Files\SplunkUniversalForwarder\bin\splunk-admon.exe
 	User Name:	SECURITYNIK-XP$
 	Domain:		WORKGROUP
 	Logon ID:		(0x0,0x3E7)
 	Exit Status:		%6
"
Information,2018-03-12 9:09:06 PM,Security,592,Detailed Tracking,"A new process has been created:
 	New Process ID:	548
 	Image File Name:	C:\Program Files\SplunkUniversalForwarder\bin\splunk-admon.exe
 	Creator Process ID:	556
 	User Name:	SECURITYNIK-XP$
 	Domain:		WORKGROUP
 	Logon ID:		(0x0,0x3E7)
 	Token Elevation Type:	%7
"
Information,2018-03-12 9:09:04 PM,Security,593,Detailed Tracking,"A process has exited:
 	Process ID:	1396
 	Image File Name:	C:\WINDOWS\system32\wuauclt.exe
 	User Name:	SECURITYNIK-XP$
 	Domain:		WORKGROUP
 	Logon ID:		(0x0,0x3E7)
 	Exit Status:		%6
"
Information,2018-03-12 9:08:09 PM,Security,593,Detailed Tracking,"A process has exited:
 	Process ID:	4084
 	Image File Name:	C:\Program Files\SplunkUniversalForwarder\bin\splunk-winprintmon.exe
 	User Name:	SECURITYNIK-XP$
 	Domain:		WORKGROUP
 	Logon ID:		(0x0,0x3E7)
 	Exit Status:		%6
"
Information,2018-03-12 9:08:09 PM,Security,592,Detailed Tracking,"A new process has been created:
 	New Process ID:	4084
 	Image File Name:	C:\Program Files\SplunkUniversalForwarder\bin\splunk-winprintmon.exe
 	Creator Process ID:	556
 	User Name:	SECURITYNIK-XP$
 	Domain:		WORKGROUP
 	Logon ID:		(0x0,0x3E7)
 	Token Elevation Type:	%7
"
Information,2018-03-12 9:08:08 PM,Security,593,Detailed Tracking,"A process has exited:
 	Process ID:	4060
 	Image File Name:	C:\Program Files\SplunkUniversalForwarder\bin\splunk-regmon.exe
 	User Name:	SECURITYNIK-XP$
 	Domain:		WORKGROUP
 	Logon ID:		(0x0,0x3E7)
 	Exit Status:		%6
"
Information,2018-03-12 9:08:08 PM,Security,592,Detailed Tracking,"A new process has been created:
 	New Process ID:	4060
 	Image File Name:	C:\Program Files\SplunkUniversalForwarder\bin\splunk-regmon.exe
 	Creator Process ID:	556
 	User Name:	SECURITYNIK-XP$
 	Domain:		WORKGROUP
 	Logon ID:		(0x0,0x3E7)
 	Token Elevation Type:	%7
"
Information,2018-03-12 9:08:08 PM,Security,593,Detailed Tracking,"A process has exited:
 	Process ID:	4028
 	Image File Name:	C:\Program Files\SplunkUniversalForwarder\bin\splunk-netmon.exe
 	User Name:	SECURITYNIK-XP$
 	Domain:		WORKGROUP
 	Logon ID:		(0x0,0x3E7)
 	Exit Status:		%6
"
Information,2018-03-12 9:08:08 PM,Security,592,Detailed Tracking,"A new process has been created:
 	New Process ID:	4028
 	Image File Name:	C:\Program Files\SplunkUniversalForwarder\bin\splunk-netmon.exe
 	Creator Process ID:	556
 	User Name:	SECURITYNIK-XP$
 	Domain:		WORKGROUP
 	Logon ID:		(0x0,0x3E7)
 	Token Elevation Type:	%7
"
Information,2018-03-12 9:08:07 PM,Security,593,Detailed Tracking,"A process has exited:
 	Process ID:	3992
 	Image File Name:	C:\Program Files\SplunkUniversalForwarder\bin\splunk-admon.exe
 	User Name:	SECURITYNIK-XP$
 	Domain:		WORKGROUP
 	Logon ID:		(0x0,0x3E7)
 	Exit Status:		%6
"
Information,2018-03-12 9:08:07 PM,Security,592,Detailed Tracking,"A new process has been created:
 	New Process ID:	3992
 	Image File Name:	C:\Program Files\SplunkUniversalForwarder\bin\splunk-admon.exe
 	Creator Process ID:	556
 	User Name:	SECURITYNIK-XP$
 	Domain:		WORKGROUP
 	Logon ID:		(0x0,0x3E7)
 	Token Elevation Type:	%7
"
Information,2018-03-12 9:08:06 PM,Security,593,Detailed Tracking,"A process has exited:
 	Process ID:	3968
 	Image File Name:	C:\Program Files\SplunkUniversalForwarder\bin\splunk-MonitorNoHandle.exe
 	User Name:	SECURITYNIK-XP$
 	Domain:		WORKGROUP
 	Logon ID:		(0x0,0x3E7)
 	Exit Status:		%6
"
Information,2018-03-12 9:08:06 PM,Security,592,Detailed Tracking,"A new process has been created:
 	New Process ID:	3968
 	Image File Name:	C:\Program Files\SplunkUniversalForwarder\bin\splunk-MonitorNoHandle.exe
 	Creator Process ID:	556
 	User Name:	SECURITYNIK-XP$
 	Domain:		WORKGROUP
 	Logon ID:		(0x0,0x3E7)
 	Token Elevation Type:	%7
"
Information,2018-03-12 9:07:05 PM,Security,593,Detailed Tracking,"A process has exited:
 	Process ID:	3824
 	Image File Name:	C:\Program Files\SplunkUniversalForwarder\bin\splunk-winprintmon.exe
 	User Name:	SECURITYNIK-XP$
 	Domain:		WORKGROUP
 	Logon ID:		(0x0,0x3E7)
 	Exit Status:		%6
"
Information,2018-03-12 9:07:05 PM,Security,592,Detailed Tracking,"A new process has been created:
 	New Process ID:	3824
 	Image File Name:	C:\Program Files\SplunkUniversalForwarder\bin\splunk-winprintmon.exe
 	Creator Process ID:	556
 	User Name:	SECURITYNIK-XP$
 	Domain:		WORKGROUP
 	Logon ID:		(0x0,0x3E7)
 	Token Elevation Type:	%7
"
Information,2018-03-12 9:07:03 PM,Security,593,Detailed Tracking,"A process has exited:
 	Process ID:	3788
 	Image File Name:	C:\Program Files\SplunkUniversalForwarder\bin\splunk-regmon.exe
 	User Name:	SECURITYNIK-XP$
 	Domain:		WORKGROUP
 	Logon ID:		(0x0,0x3E7)
 	Exit Status:		%6
"
Information,2018-03-12 9:07:03 PM,Security,592,Detailed Tracking,"A new process has been created:
 	New Process ID:	3788
 	Image File Name:	C:\Program Files\SplunkUniversalForwarder\bin\splunk-regmon.exe
 	Creator Process ID:	556
 	User Name:	SECURITYNIK-XP$
 	Domain:		WORKGROUP
 	Logon ID:		(0x0,0x3E7)
 	Token Elevation Type:	%7
"
Information,2018-03-12 9:07:01 PM,Security,593,Detailed Tracking,"A process has exited:
 	Process ID:	3760
 	Image File Name:	C:\Program Files\SplunkUniversalForwarder\bin\splunk-netmon.exe
 	User Name:	SECURITYNIK-XP$
 	Domain:		WORKGROUP
 	Logon ID:		(0x0,0x3E7)
 	Exit Status:		%6
"
Information,2018-03-12 9:07:01 PM,Security,592,Detailed Tracking,"A new process has been created:
 	New Process ID:	3760
 	Image File Name:	C:\Program Files\SplunkUniversalForwarder\bin\splunk-netmon.exe
 	Creator Process ID:	556
 	User Name:	SECURITYNIK-XP$
 	Domain:		WORKGROUP
 	Logon ID:		(0x0,0x3E7)
 	Token Elevation Type:	%7
"
Information,2018-03-12 9:07:00 PM,Security,593,Detailed Tracking,"A process has exited:
 	Process ID:	3736
 	Image File Name:	C:\Program Files\SplunkUniversalForwarder\bin\splunk-admon.exe
 	User Name:	SECURITYNIK-XP$
 	Domain:		WORKGROUP
 	Logon ID:		(0x0,0x3E7)
 	Exit Status:		%6
"
Information,2018-03-12 9:07:00 PM,Security,592,Detailed Tracking,"A new process has been created:
 	New Process ID:	3736
 	Image File Name:	C:\Program Files\SplunkUniversalForwarder\bin\splunk-admon.exe
 	Creator Process ID:	556
 	User Name:	SECURITYNIK-XP$
 	Domain:		WORKGROUP
 	Logon ID:		(0x0,0x3E7)
 	Token Elevation Type:	%7
"
Information,2018-03-12 9:06:59 PM,Security,593,Detailed Tracking,"A process has exited:
 	Process ID:	3712
 	Image File Name:	C:\Program Files\SplunkUniversalForwarder\bin\splunk-MonitorNoHandle.exe
 	User Name:	SECURITYNIK-XP$
 	Domain:		WORKGROUP
 	Logon ID:		(0x0,0x3E7)
 	Exit Status:		%6
"
Information,2018-03-12 9:06:59 PM,Security,592,Detailed Tracking,"A new process has been created:
 	New Process ID:	3712
 	Image File Name:	C:\Program Files\SplunkUniversalForwarder\bin\splunk-MonitorNoHandle.exe
 	Creator Process ID:	556
 	User Name:	SECURITYNIK-XP$
 	Domain:		WORKGROUP
 	Logon ID:		(0x0,0x3E7)
 	Token Elevation Type:	%7
"
Information,2018-03-12 9:06:16 PM,Security,593,Detailed Tracking,"A process has exited:
 	Process ID:	2824
 	Image File Name:	C:\WINDOWS\system32\wbem\wmiprvse.exe
 	User Name:	NETWORK SERVICE
 	Domain:		NT AUTHORITY
 	Logon ID:		(0x0,0x3E4)
 	Exit Status:		%6
"
Information,2018-03-12 9:06:05 PM,Security,593,Detailed Tracking,"A process has exited:
 	Process ID:	3536
 	Image File Name:	C:\Program Files\SplunkUniversalForwarder\bin\splunk-winprintmon.exe
 	User Name:	SECURITYNIK-XP$
 	Domain:		WORKGROUP
 	Logon ID:		(0x0,0x3E7)
 	Exit Status:		%6
"
Information,2018-03-12 9:06:05 PM,Security,592,Detailed Tracking,"A new process has been created:
 	New Process ID:	3536
 	Image File Name:	C:\Program Files\SplunkUniversalForwarder\bin\splunk-winprintmon.exe
 	Creator Process ID:	556
 	User Name:	SECURITYNIK-XP$
 	Domain:		WORKGROUP
 	Logon ID:		(0x0,0x3E7)
 	Token Elevation Type:	%7
"
Information,2018-03-12 9:06:03 PM,Security,593,Detailed Tracking,"A process has exited:
 	Process ID:	3496
 	Image File Name:	C:\Program Files\SplunkUniversalForwarder\bin\splunk-regmon.exe
 	User Name:	SECURITYNIK-XP$
 	Domain:		WORKGROUP
 	Logon ID:		(0x0,0x3E7)
 	Exit Status:		%6
"
Information,2018-03-12 9:06:03 PM,Security,592,Detailed Tracking,"A new process has been created:
 	New Process ID:	3496
 	Image File Name:	C:\Program Files\SplunkUniversalForwarder\bin\splunk-regmon.exe
 	Creator Process ID:	556
 	User Name:	SECURITYNIK-XP$
 	Domain:		WORKGROUP
 	Logon ID:		(0x0,0x3E7)
 	Token Elevation Type:	%7
"
Information,2018-03-12 9:06:01 PM,Security,593,Detailed Tracking,"A process has exited:
 	Process ID:	3468
 	Image File Name:	C:\Program Files\SplunkUniversalForwarder\bin\splunk-netmon.exe
 	User Name:	SECURITYNIK-XP$
 	Domain:		WORKGROUP
 	Logon ID:		(0x0,0x3E7)
 	Exit Status:		%6
"
Information,2018-03-12 9:06:00 PM,Security,592,Detailed Tracking,"A new process has been created:
 	New Process ID:	3468
 	Image File Name:	C:\Program Files\SplunkUniversalForwarder\bin\splunk-netmon.exe
 	Creator Process ID:	556
 	User Name:	SECURITYNIK-XP$
 	Domain:		WORKGROUP
 	Logon ID:		(0x0,0x3E7)
 	Token Elevation Type:	%7
"
Information,2018-03-12 9:06:00 PM,Security,593,Detailed Tracking,"A process has exited:
 	Process ID:	3428
 	Image File Name:	C:\Program Files\SplunkUniversalForwarder\bin\splunk-admon.exe
 	User Name:	SECURITYNIK-XP$
 	Domain:		WORKGROUP
 	Logon ID:		(0x0,0x3E7)
 	Exit Status:		%6
"
Information,2018-03-12 9:06:00 PM,Security,592,Detailed Tracking,"A new process has been created:
 	New Process ID:	3428
 	Image File Name:	C:\Program Files\SplunkUniversalForwarder\bin\splunk-admon.exe
 	Creator Process ID:	556
 	User Name:	SECURITYNIK-XP$
 	Domain:		WORKGROUP
 	Logon ID:		(0x0,0x3E7)
 	Token Elevation Type:	%7
"
