Information,2018-03-12 9:05:59 PM,Security,593,Detailed Tracking,"A process has exited:
 	Process ID:	3404
 	Image File Name:	C:\Program Files\SplunkUniversalForwarder\bin\splunk-MonitorNoHandle.exe
 	User Name:	SECURITYNIK-XP$
 	Domain:		WORKGROUP
 	Logon ID:		(0x0,0x3E7)
 	Exit Status:		%6
"
Information,2018-03-12 9:05:59 PM,Security,592,Detailed Tracking,"A new process has been created:
 	New Process ID:	3404
 	Image File Name:	C:\Program Files\SplunkUniversalForwarder\bin\splunk-MonitorNoHandle.exe
 	Creator Process ID:	556
 	User Name:	SECURITYNIK-XP$
 	Domain:		WORKGROUP
 	Logon ID:		(0x0,0x3E7)
 	Token Elevation Type:	%7
"
Information,2018-03-12 9:05:05 PM,Security,593,Detailed Tracking,"A process has exited:
 	Process ID:	3144
 	Image File Name:	C:\Program Files\SplunkUniversalForwarder\bin\splunk-winprintmon.exe
 	User Name:	SECURITYNIK-XP$
 	Domain:		WORKGROUP
 	Logon ID:		(0x0,0x3E7)
 	Exit Status:		%6
"
Information,2018-03-12 9:05:05 PM,Security,592,Detailed Tracking,"A new process has been created:
 	New Process ID:	3144
 	Image File Name:	C:\Program Files\SplunkUniversalForwarder\bin\splunk-winprintmon.exe
 	Creator Process ID:	556
 	User Name:	SECURITYNIK-XP$
 	Domain:		WORKGROUP
 	Logon ID:		(0x0,0x3E7)
 	Token Elevation Type:	%7
"
Information,2018-03-12 9:05:03 PM,Security,593,Detailed Tracking,"A process has exited:
 	Process ID:	3104
 	Image File Name:	C:\Program Files\SplunkUniversalForwarder\bin\splunk-regmon.exe
 	User Name:	SECURITYNIK-XP$
 	Domain:		WORKGROUP
 	Logon ID:		(0x0,0x3E7)
 	Exit Status:		%6
"
Information,2018-03-12 9:05:03 PM,Security,592,Detailed Tracking,"A new process has been created:
 	New Process ID:	3104
 	Image File Name:	C:\Program Files\SplunkUniversalForwarder\bin\splunk-regmon.exe
 	Creator Process ID:	556
 	User Name:	SECURITYNIK-XP$
 	Domain:		WORKGROUP
 	Logon ID:		(0x0,0x3E7)
 	Token Elevation Type:	%7
"
Information,2018-03-12 9:05:01 PM,Security,593,Detailed Tracking,"A process has exited:
 	Process ID:	3020
 	Image File Name:	C:\Program Files\SplunkUniversalForwarder\bin\splunk-netmon.exe
 	User Name:	SECURITYNIK-XP$
 	Domain:		WORKGROUP
 	Logon ID:		(0x0,0x3E7)
 	Exit Status:		%6
"
Information,2018-03-12 9:05:01 PM,Security,592,Detailed Tracking,"A new process has been created:
 	New Process ID:	3020
 	Image File Name:	C:\Program Files\SplunkUniversalForwarder\bin\splunk-netmon.exe
 	Creator Process ID:	556
 	User Name:	SECURITYNIK-XP$
 	Domain:		WORKGROUP
 	Logon ID:		(0x0,0x3E7)
 	Token Elevation Type:	%7
"
Information,2018-03-12 9:05:00 PM,Security,593,Detailed Tracking,"A process has exited:
 	Process ID:	2996
 	Image File Name:	C:\Program Files\SplunkUniversalForwarder\bin\splunk-admon.exe
 	User Name:	SECURITYNIK-XP$
 	Domain:		WORKGROUP
 	Logon ID:		(0x0,0x3E7)
 	Exit Status:		%6
"
Information,2018-03-12 9:05:00 PM,Security,592,Detailed Tracking,"A new process has been created:
 	New Process ID:	2996
 	Image File Name:	C:\Program Files\SplunkUniversalForwarder\bin\splunk-admon.exe
 	Creator Process ID:	556
 	User Name:	SECURITYNIK-XP$
 	Domain:		WORKGROUP
 	Logon ID:		(0x0,0x3E7)
 	Token Elevation Type:	%7
"
Information,2018-03-12 9:04:59 PM,Security,593,Detailed Tracking,"A process has exited:
 	Process ID:	2972
 	Image File Name:	C:\Program Files\SplunkUniversalForwarder\bin\splunk-MonitorNoHandle.exe
 	User Name:	SECURITYNIK-XP$
 	Domain:		WORKGROUP
 	Logon ID:		(0x0,0x3E7)
 	Exit Status:		%6
"
Information,2018-03-12 9:04:59 PM,Security,592,Detailed Tracking,"A new process has been created:
 	New Process ID:	2972
 	Image File Name:	C:\Program Files\SplunkUniversalForwarder\bin\splunk-MonitorNoHandle.exe
 	Creator Process ID:	556
 	User Name:	SECURITYNIK-XP$
 	Domain:		WORKGROUP
 	Logon ID:		(0x0,0x3E7)
 	Token Elevation Type:	%7
"
Information,2018-03-12 9:04:56 PM,Security,576,Privilege Use,"Special privileges assigned to new logon:
 	User Name:	NETWORK SERVICE
 	Domain:		NT AUTHORITY
 	Logon ID:		(0x0,0x3E4)
 	Privileges:	SeAuditPrivilege
			SeAssignPrimaryTokenPrivilege
			SeChangeNotifyPrivilege"
Information,2018-03-12 9:04:56 PM,Security,528,Logon/Logoff,"Successful Logon:
 	User Name:	NETWORK SERVICE
 	Domain:		NT AUTHORITY
 	Logon ID:		(0x0,0x3E4)
 	Logon Type:	5
 	Logon Process:	Advapi  
 	Authentication Package:	Negotiate
 	Workstation Name:	
 	Logon GUID:	-
 	Caller User Name:	%9
 	Caller Domain:	%10
 	Caller Logon ID:	%11
 	Caller Process ID: %12
 	Transited Services: %13
 	Source Network Address:	%14
 	Source Port:	%15
 	Caller Process Name:	%16
"
Information,2018-03-12 9:04:56 PM,Security,577,Privilege Use,"Privileged Service Called:
 	Server:		NT Local Security Authority / Authentication Service
 	Service:		LsaRegisterLogonProcess()
 	Primary User Name:	SECURITYNIK-XP$
 	Primary Domain:	WORKGROUP
 	Primary Logon ID:	(0x0,0x3E7)
 	Client User Name:	SECURITYNIK-XP$
 	Client Domain:	WORKGROUP
 	Client Logon ID:	(0x0,0x3E7)
 	Privileges:	SeTcbPrivilege
 	Process ID:	%10
 	Process Name:	%11"
Information,2018-03-12 9:04:56 PM,Security,600,Detailed Tracking,"A process was assigned a primary token.
 Assigning Process Information:
 	Process ID:	972
 	Image File Name:	C:\WINDOWS\system32\svchost.exe
 	Primary User Name:	SECURITYNIK-XP$
 	Primary Domain:	WORKGROUP
 	Primary Logon ID:	(0x0,0x3E7)
 New Process Information:
 	Process ID:	2824
 	Image File Name:	C:\WINDOWS\system32\wbem\wmiprvse.exe
 	Target User Name:	NETWORK SERVICE
 	Target Domain:	NT AUTHORITY
 	Target Logon ID:	(0x0,0x3E4)
"
Information,2018-03-12 9:04:56 PM,Security,592,Detailed Tracking,"A new process has been created:
 	New Process ID:	2824
 	Image File Name:	C:\WINDOWS\system32\wbem\wmiprvse.exe
 	Creator Process ID:	972
 	User Name:	SECURITYNIK-XP$
 	Domain:		WORKGROUP
 	Logon ID:		(0x0,0x3E7)
 	Token Elevation Type:	%7
"
Information,2018-03-12 9:04:56 PM,Security,576,Privilege Use,"Special privileges assigned to new logon:
 	User Name:	NETWORK SERVICE
 	Domain:		NT AUTHORITY
 	Logon ID:		(0x0,0x3E4)
 	Privileges:	SeAuditPrivilege
			SeAssignPrimaryTokenPrivilege
			SeChangeNotifyPrivilege"
Information,2018-03-12 9:04:56 PM,Security,528,Logon/Logoff,"Successful Logon:
 	User Name:	NETWORK SERVICE
 	Domain:		NT AUTHORITY
 	Logon ID:		(0x0,0x3E4)
 	Logon Type:	5
 	Logon Process:	Advapi  
 	Authentication Package:	Negotiate
 	Workstation Name:	
 	Logon GUID:	-
 	Caller User Name:	%9
 	Caller Domain:	%10
 	Caller Logon ID:	%11
 	Caller Process ID: %12
 	Transited Services: %13
 	Source Network Address:	%14
 	Source Port:	%15
 	Caller Process Name:	%16
"
Information,2018-03-12 9:04:56 PM,Security,577,Privilege Use,"Privileged Service Called:
 	Server:		NT Local Security Authority / Authentication Service
 	Service:		LsaRegisterLogonProcess()
 	Primary User Name:	SECURITYNIK-XP$
 	Primary Domain:	WORKGROUP
 	Primary Logon ID:	(0x0,0x3E7)
 	Client User Name:	SECURITYNIK-XP$
 	Client Domain:	WORKGROUP
 	Client Logon ID:	(0x0,0x3E7)
 	Privileges:	SeTcbPrivilege
 	Process ID:	%10
 	Process Name:	%11"
Information,2018-03-12 9:04:05 PM,Security,593,Detailed Tracking,"A process has exited:
 	Process ID:	2612
 	Image File Name:	C:\Program Files\SplunkUniversalForwarder\bin\splunk-winprintmon.exe
 	User Name:	SECURITYNIK-XP$
 	Domain:		WORKGROUP
 	Logon ID:		(0x0,0x3E7)
 	Exit Status:		%6
"
Information,2018-03-12 9:04:04 PM,Security,592,Detailed Tracking,"A new process has been created:
 	New Process ID:	2612
 	Image File Name:	C:\Program Files\SplunkUniversalForwarder\bin\splunk-winprintmon.exe
 	Creator Process ID:	556
 	User Name:	SECURITYNIK-XP$
 	Domain:		WORKGROUP
 	Logon ID:		(0x0,0x3E7)
 	Token Elevation Type:	%7
"
Information,2018-03-12 9:04:03 PM,Security,592,Detailed Tracking,"A new process has been created:
 	New Process ID:	2576
 	Image File Name:	C:\Program Files\SplunkUniversalForwarder\bin\splunk-winevtlog.exe
 	Creator Process ID:	556
 	User Name:	SECURITYNIK-XP$
 	Domain:		WORKGROUP
 	Logon ID:		(0x0,0x3E7)
 	Token Elevation Type:	%7
"
Information,2018-03-12 9:04:03 PM,Security,593,Detailed Tracking,"A process has exited:
 	Process ID:	2552
 	Image File Name:	C:\Program Files\SplunkUniversalForwarder\bin\splunk-regmon.exe
 	User Name:	SECURITYNIK-XP$
 	Domain:		WORKGROUP
 	Logon ID:		(0x0,0x3E7)
 	Exit Status:		%6
"
Information,2018-03-12 9:04:02 PM,Security,592,Detailed Tracking,"A new process has been created:
 	New Process ID:	2552
 	Image File Name:	C:\Program Files\SplunkUniversalForwarder\bin\splunk-regmon.exe
 	Creator Process ID:	556
 	User Name:	SECURITYNIK-XP$
 	Domain:		WORKGROUP
 	Logon ID:		(0x0,0x3E7)
 	Token Elevation Type:	%7
"
Information,2018-03-12 9:04:01 PM,Security,593,Detailed Tracking,"A process has exited:
 	Process ID:	2512
 	Image File Name:	C:\Program Files\SplunkUniversalForwarder\bin\splunk-perfmon.exe
 	User Name:	SECURITYNIK-XP$
 	Domain:		WORKGROUP
 	Logon ID:		(0x0,0x3E7)
 	Exit Status:		%6
"
Information,2018-03-12 9:04:01 PM,Security,592,Detailed Tracking,"A new process has been created:
 	New Process ID:	2512
 	Image File Name:	C:\Program Files\SplunkUniversalForwarder\bin\splunk-perfmon.exe
 	Creator Process ID:	556
 	User Name:	SECURITYNIK-XP$
 	Domain:		WORKGROUP
 	Logon ID:		(0x0,0x3E7)
 	Token Elevation Type:	%7
"
Information,2018-03-12 9:04:01 PM,Security,593,Detailed Tracking,"A process has exited:
 	Process ID:	2468
 	Image File Name:	C:\Program Files\SplunkUniversalForwarder\bin\splunk-netmon.exe
 	User Name:	SECURITYNIK-XP$
 	Domain:		WORKGROUP
 	Logon ID:		(0x0,0x3E7)
 	Exit Status:		%6
"
Information,2018-03-12 9:04:00 PM,Security,592,Detailed Tracking,"A new process has been created:
 	New Process ID:	2468
 	Image File Name:	C:\Program Files\SplunkUniversalForwarder\bin\splunk-netmon.exe
 	Creator Process ID:	556
 	User Name:	SECURITYNIK-XP$
 	Domain:		WORKGROUP
 	Logon ID:		(0x0,0x3E7)
 	Token Elevation Type:	%7
"
Information,2018-03-12 9:04:00 PM,Security,593,Detailed Tracking,"A process has exited:
 	Process ID:	1564
 	Image File Name:	C:\WINDOWS\system32\userinit.exe
 	User Name:	SecurityNik
 	Domain:		SECURITYNIK-XP
 	Logon ID:		(0x0,0xA5B9)
 	Exit Status:		%6
"
Information,2018-03-12 9:03:59 PM,Security,593,Detailed Tracking,"A process has exited:
 	Process ID:	2200
 	Image File Name:	C:\Program Files\SplunkUniversalForwarder\bin\splunk-admon.exe
 	User Name:	SECURITYNIK-XP$
 	Domain:		WORKGROUP
 	Logon ID:		(0x0,0x3E7)
 	Exit Status:		%6
"
Information,2018-03-12 9:03:59 PM,Security,592,Detailed Tracking,"A new process has been created:
 	New Process ID:	2200
 	Image File Name:	C:\Program Files\SplunkUniversalForwarder\bin\splunk-admon.exe
 	Creator Process ID:	556
 	User Name:	SECURITYNIK-XP$
 	Domain:		WORKGROUP
 	Logon ID:		(0x0,0x3E7)
 	Token Elevation Type:	%7
"
Information,2018-03-12 9:03:59 PM,Security,593,Detailed Tracking,"A process has exited:
 	Process ID:	1808
 	Image File Name:	C:\WINDOWS\system\svchost.exe
 	User Name:	SecurityNik
 	Domain:		SECURITYNIK-XP
 	Logon ID:		(0x0,0xA5B9)
 	Exit Status:		%6
"
Information,2018-03-12 9:03:59 PM,Security,593,Detailed Tracking,"A process has exited:
 	Process ID:	1800
 	Image File Name:	C:\WINDOWS\system\svchost.exe
 	User Name:	SecurityNik
 	Domain:		SECURITYNIK-XP
 	Logon ID:		(0x0,0xA5B9)
 	Exit Status:		%6
"
Information,2018-03-12 9:03:59 PM,Security,593,Detailed Tracking,"A process has exited:
 	Process ID:	2172
 	Image File Name:	C:\Program Files\SplunkUniversalForwarder\bin\splunk-MonitorNoHandle.exe
 	User Name:	SECURITYNIK-XP$
 	Domain:		WORKGROUP
 	Logon ID:		(0x0,0x3E7)
 	Exit Status:		%6
"
Information,2018-03-12 9:03:58 PM,Security,592,Detailed Tracking,"A new process has been created:
 	New Process ID:	2172
 	Image File Name:	C:\Program Files\SplunkUniversalForwarder\bin\splunk-MonitorNoHandle.exe
 	Creator Process ID:	556
 	User Name:	SECURITYNIK-XP$
 	Domain:		WORKGROUP
 	Logon ID:		(0x0,0x3E7)
 	Token Elevation Type:	%7
"
Information,2018-03-12 9:03:58 PM,Security,515,System Event,"A trusted logon process has registered with the Local Security Authority. This logon process will be trusted to submit logon requests. 
 
 	Logon Process Name:	RASMAN
 	Caller User Name:	%2
 	Caller Domain:	%3
 	Caller Logon ID:	%4
"
Information,2018-03-12 9:03:58 PM,Security,577,Privilege Use,"Privileged Service Called:
 	Server:		NT Local Security Authority / Authentication Service
 	Service:		LsaRegisterLogonProcess()
 	Primary User Name:	SECURITYNIK-XP$
 	Primary Domain:	WORKGROUP
 	Primary Logon ID:	(0x0,0x3E7)
 	Client User Name:	SECURITYNIK-XP$
 	Client Domain:	WORKGROUP
 	Client Logon ID:	(0x0,0x3E7)
 	Privileges:	SeTcbPrivilege
 	Process ID:	%10
 	Process Name:	%11"
Information,2018-03-12 9:03:58 PM,Security,592,Detailed Tracking,"A new process has been created:
 	New Process ID:	1876
 	Image File Name:	C:\WINDOWS\system32\dwwin.exe
 	Creator Process ID:	1100
 	User Name:	SecurityNik
 	Domain:		SECURITYNIK-XP
 	Logon ID:		(0x0,0xA5B9)
 	Token Elevation Type:	%7
"
Information,2018-03-12 9:03:58 PM,Security,593,Detailed Tracking,"A process has exited:
 	Process ID:	1336
 	Image File Name:	C:\Program Files\SplunkUniversalForwarder\bin\splunk-wmi.exe
 	User Name:	SECURITYNIK-XP$
 	Domain:		WORKGROUP
 	Logon ID:		(0x0,0x3E7)
 	Exit Status:		%6
"
Information,2018-03-12 9:03:58 PM,Security,861,Detailed Tracking,"Windows Firewall did not apply the following rule: 
Rule: 
     Id:- 
     Name:C:\WINDOWS\system32\svchost.exe 
Reason: 1176 resolved to an empty set."
Information,2018-03-12 9:03:57 PM,Security,593,Detailed Tracking,"A process has exited:
 	Process ID:	1116
 	Image File Name:	C:\WINDOWS\system32\wscript.exe
 	User Name:	SecurityNik
 	Domain:		SECURITYNIK-XP
 	Logon ID:		(0x0,0xA5B9)
 	Exit Status:		%6
"
Information,2018-03-12 9:03:57 PM,Security,593,Detailed Tracking,"A process has exited:
 	Process ID:	628
 	Image File Name:	C:\WINDOWS\system32\wscript.exe
 	User Name:	SecurityNik
 	Domain:		SECURITYNIK-XP
 	Logon ID:		(0x0,0xA5B9)
 	Exit Status:		%6
"
Information,2018-03-12 9:03:57 PM,Security,592,Detailed Tracking,"A new process has been created:
 	New Process ID:	1800
 	Image File Name:	C:\WINDOWS\system\svchost.exe
 	Creator Process ID:	1116
 	User Name:	SecurityNik
 	Domain:		SECURITYNIK-XP
 	Logon ID:		(0x0,0xA5B9)
 	Token Elevation Type:	%7
"
Information,2018-03-12 9:03:57 PM,Security,592,Detailed Tracking,"A new process has been created:
 	New Process ID:	1808
 	Image File Name:	C:\WINDOWS\system\svchost.exe
 	Creator Process ID:	628
 	User Name:	SecurityNik
 	Domain:		SECURITYNIK-XP
 	Logon ID:		(0x0,0xA5B9)
 	Token Elevation Type:	%7
"
Information,2018-03-12 9:03:57 PM,Security,861,Detailed Tracking,"Windows Firewall did not apply the following rule: 
Rule: 
     Id:- 
     Name:C:\WINDOWS\system32\svchost.exe 
Reason: 1276 resolved to an empty set."
Information,2018-03-12 9:03:57 PM,Security,592,Detailed Tracking,"A new process has been created:
 	New Process ID:	1336
 	Image File Name:	C:\Program Files\SplunkUniversalForwarder\bin\splunk-wmi.exe
 	Creator Process ID:	556
 	User Name:	SECURITYNIK-XP$
 	Domain:		WORKGROUP
 	Logon ID:		(0x0,0x3E7)
 	Token Elevation Type:	%7
"
Information,2018-03-12 9:03:57 PM,Security,576,Privilege Use,"Special privileges assigned to new logon:
 	User Name:	LOCAL SERVICE
 	Domain:		NT AUTHORITY
 	Logon ID:		(0x0,0x3E5)
 	Privileges:	SeAuditPrivilege
			SeAssignPrimaryTokenPrivilege
			SeChangeNotifyPrivilege"
Information,2018-03-12 9:03:57 PM,Security,528,Logon/Logoff,"Successful Logon:
 	User Name:	LOCAL SERVICE
 	Domain:		NT AUTHORITY
 	Logon ID:		(0x0,0x3E5)
 	Logon Type:	5
 	Logon Process:	Advapi  
 	Authentication Package:	Negotiate
 	Workstation Name:	
 	Logon GUID:	-
 	Caller User Name:	%9
 	Caller Domain:	%10
 	Caller Logon ID:	%11
 	Caller Process ID: %12
 	Transited Services: %13
 	Source Network Address:	%14
 	Source Port:	%15
 	Caller Process Name:	%16
"
Information,2018-03-12 9:03:57 PM,Security,592,Detailed Tracking,"A new process has been created:
 	New Process ID:	1116
 	Image File Name:	C:\WINDOWS\system32\wscript.exe
 	Creator Process ID:	1604
 	User Name:	SecurityNik
 	Domain:		SECURITYNIK-XP
 	Logon ID:		(0x0,0xA5B9)
 	Token Elevation Type:	%7
"
Information,2018-03-12 9:03:57 PM,Security,593,Detailed Tracking,"A process has exited:
 	Process ID:	1044
 	Image File Name:	C:\WINDOWS\system32\dumprep.exe
 	User Name:	SecurityNik
 	Domain:		SECURITYNIK-XP
 	Logon ID:		(0x0,0xA5B9)
 	Exit Status:		%6
"
Information,2018-03-12 9:03:57 PM,Security,592,Detailed Tracking,"A new process has been created:
 	New Process ID:	1100
 	Image File Name:	C:\WINDOWS\system32\dumprep.exe
 	Creator Process ID:	1044
 	User Name:	SecurityNik
 	Domain:		SECURITYNIK-XP
 	Logon ID:		(0x0,0xA5B9)
 	Token Elevation Type:	%7
"
Information,2018-03-12 9:03:57 PM,Security,592,Detailed Tracking,"A new process has been created:
 	New Process ID:	1044
 	Image File Name:	C:\WINDOWS\system32\dumprep.exe
 	Creator Process ID:	1604
 	User Name:	SecurityNik
 	Domain:		SECURITYNIK-XP
 	Logon ID:		(0x0,0xA5B9)
 	Token Elevation Type:	%7
"
Information,2018-03-12 9:03:57 PM,Security,592,Detailed Tracking,"A new process has been created:
 	New Process ID:	628
 	Image File Name:	C:\WINDOWS\system32\wscript.exe
 	Creator Process ID:	1604
 	User Name:	SecurityNik
 	Domain:		SECURITYNIK-XP
 	Logon ID:		(0x0,0xA5B9)
 	Token Elevation Type:	%7
"
Information,2018-03-12 9:03:57 PM,Security,600,Detailed Tracking,"A process was assigned a primary token.
 Assigning Process Information:
 	Process ID:	1176
 	Image File Name:	C:\WINDOWS\system32\svchost.exe
 	Primary User Name:	SECURITYNIK-XP$
 	Primary Domain:	WORKGROUP
 	Primary Logon ID:	(0x0,0x3E7)
 New Process Information:
 	Process ID:	660
 	Image File Name:	C:\WINDOWS\system32\wscntfy.exe
 	Target User Name:	SecurityNik
 	Target Domain:	SECURITYNIK-XP
 	Target Logon ID:	(0x0,0xA5B9)
"
Information,2018-03-12 9:03:57 PM,Security,592,Detailed Tracking,"A new process has been created:
 	New Process ID:	640
 	Image File Name:	C:\WINDOWS\system32\VBoxTray.exe
 	Creator Process ID:	1604
 	User Name:	SecurityNik
 	Domain:		SECURITYNIK-XP
 	Logon ID:		(0x0,0xA5B9)
 	Token Elevation Type:	%7
"
Information,2018-03-12 9:03:57 PM,Security,592,Detailed Tracking,"A new process has been created:
 	New Process ID:	660
 	Image File Name:	C:\WINDOWS\system32\wscntfy.exe
 	Creator Process ID:	1176
 	User Name:	SECURITYNIK-XP$
 	Domain:		WORKGROUP
 	Logon ID:		(0x0,0x3E7)
 	Token Elevation Type:	%7
"
Information,2018-03-12 9:03:57 PM,Security,593,Detailed Tracking,"A process has exited:
 	Process ID:	608
 	Image File Name:	C:\WINDOWS\system32\verclsid.exe
 	User Name:	SecurityNik
 	Domain:		SECURITYNIK-XP
 	Logon ID:		(0x0,0xA5B9)
 	Exit Status:		%6
"
Information,2018-03-12 9:03:57 PM,Security,861,Detailed Tracking,"Windows Firewall did not apply the following rule: 
Rule: 
     Id:- 
     Name:C:\WINDOWS\system32\svchost.exe 
Reason: 1176 resolved to an empty set."
Information,2018-03-12 9:03:57 PM,Security,861,Detailed Tracking,"Windows Firewall did not apply the following rule: 
Rule: 
     Id:- 
     Name:C:\Program Files\SplunkUniversalForwarder\bin\splunkd.exe 
Reason: 556 resolved to an empty set."
Information,2018-03-12 9:03:57 PM,Security,861,Detailed Tracking,"Windows Firewall did not apply the following rule: 
Rule: 
     Id:- 
     Name:C:\WINDOWS\system32\lsass.exe 
Reason: 772 resolved to an empty set."
Information,2018-03-12 9:03:57 PM,Security,861,Detailed Tracking,"Windows Firewall did not apply the following rule: 
Rule: 
     Id:- 
     Name:C:\WINDOWS\system32\lsass.exe 
Reason: 772 resolved to an empty set."
Information,2018-03-12 9:03:57 PM,Security,850,Policy Change,"A change has been made to Windows Firewall exception list. A rule was added. 
 
Profile changed: Local Policy 
Added Rule: 
    Rule Id: Standard 
    Rule Name: All interfaces"
Information,2018-03-12 9:03:57 PM,Security,850,Policy Change,"A change has been made to Windows Firewall exception list. A rule was added. 
 
Profile changed: Local Policy 
Added Rule: 
    Rule Id: Standard 
    Rule Name: All interfaces"
Information,2018-03-12 9:03:57 PM,Security,850,Policy Change,"A change has been made to Windows Firewall exception list. A rule was added. 
 
Profile changed: Local Policy 
Added Rule: 
    Rule Id: Standard 
    Rule Name: All interfaces"
Information,2018-03-12 9:03:57 PM,Security,850,Policy Change,"A change has been made to Windows Firewall exception list. A rule was added. 
 
Profile changed: Local Policy 
Added Rule: 
    Rule Id: Standard 
    Rule Name: All interfaces"
Information,2018-03-12 9:03:57 PM,Security,850,Policy Change,"A change has been made to Windows Firewall exception list. A rule was added. 
 
Profile changed: Local Policy 
Added Rule: 
    Rule Id: Standard 
    Rule Name: All interfaces"
Information,2018-03-12 9:03:57 PM,Security,850,Policy Change,"A change has been made to Windows Firewall exception list. A rule was added. 
 
Profile changed: Local Policy 
Added Rule: 
    Rule Id: Standard 
    Rule Name: All interfaces"
Information,2018-03-12 9:03:57 PM,Security,850,Policy Change,"A change has been made to Windows Firewall exception list. A rule was added. 
 
Profile changed: Local Policy 
Added Rule: 
    Rule Id: Standard 
    Rule Name: All interfaces"
Information,2018-03-12 9:03:57 PM,Security,849,Policy Change,"A rule was listed when the Windows Firewall started. 
 
Profile used: Local Policy 
Rule: 
    Rule Id: Standard 
    Rule Name: Remote Assistance"
Information,2018-03-12 9:03:57 PM,Security,849,Policy Change,"A rule was listed when the Windows Firewall started. 
 
Profile used: Local Policy 
Rule: 
    Rule Id: Standard 
    Rule Name: Network Diagnostics for Windows XP"
Information,2018-03-12 9:03:57 PM,Security,848,Policy Change,"The following policy was active when the Windows Firewall started. 
 
Group Policy applied: No 
Profile used: Standard 
Operational mode: All interfaces 
Allow remote administration: Off 
Allow unicast responses to multicast/broadcast traffic: Disabled 
Security Logging: 
     Log dropped packets: Disabled 
     Log successful connections Disabled"
Information,2018-03-12 9:03:57 PM,Security,592,Detailed Tracking,"A new process has been created:
 	New Process ID:	608
 	Image File Name:	C:\WINDOWS\system32\verclsid.exe
 	Creator Process ID:	1604
 	User Name:	SecurityNik
 	Domain:		SECURITYNIK-XP
 	Logon ID:		(0x0,0xA5B9)
 	Token Elevation Type:	%7
"
Information,2018-03-12 9:03:57 PM,Security,593,Detailed Tracking,"A process has exited:
 	Process ID:	516
 	Image File Name:	C:\WINDOWS\system32\verclsid.exe
 	User Name:	SecurityNik
 	Domain:		SECURITYNIK-XP
 	Logon ID:		(0x0,0xA5B9)
 	Exit Status:		%6
"
Information,2018-03-12 9:03:56 PM,Security,592,Detailed Tracking,"A new process has been created:
 	New Process ID:	516
 	Image File Name:	C:\WINDOWS\system32\verclsid.exe
 	Creator Process ID:	1604
 	User Name:	SecurityNik
 	Domain:		SECURITYNIK-XP
 	Logon ID:		(0x0,0xA5B9)
 	Token Elevation Type:	%7
"
Information,2018-03-12 9:03:56 PM,Security,593,Detailed Tracking,"A process has exited:
 	Process ID:	1368
 	Image File Name:	C:\WINDOWS\system32\logonui.exe
 	User Name:	SECURITYNIK-XP$
 	Domain:		WORKGROUP
 	Logon ID:		(0x0,0x3E7)
 	Exit Status:		%6
"
Information,2018-03-12 9:03:56 PM,Security,600,Detailed Tracking,"A process was assigned a primary token.
 Assigning Process Information:
 	Process ID:	752
 	Image File Name:	C:\WINDOWS\system32\services.exe
 	Primary User Name:	SECURITYNIK-XP$
 	Primary Domain:	WORKGROUP
 	Primary Logon ID:	(0x0,0x3E7)
 New Process Information:
 	Process ID:	324
 	Image File Name:	C:\WINDOWS\system32\alg.exe
 	Target User Name:	LOCAL SERVICE
 	Target Domain:	NT AUTHORITY
 	Target Logon ID:	(0x0,0x3E5)
"
Information,2018-03-12 9:03:56 PM,Security,592,Detailed Tracking,"A new process has been created:
 	New Process ID:	324
 	Image File Name:	C:\WINDOWS\system32\alg.exe
 	Creator Process ID:	752
 	User Name:	SECURITYNIK-XP$
 	Domain:		WORKGROUP
 	Logon ID:		(0x0,0x3E7)
 	Token Elevation Type:	%7
"
Information,2018-03-12 9:03:56 PM,Security,576,Privilege Use,"Special privileges assigned to new logon:
 	User Name:	LOCAL SERVICE
 	Domain:		NT AUTHORITY
 	Logon ID:		(0x0,0x3E5)
 	Privileges:	SeAuditPrivilege
			SeAssignPrimaryTokenPrivilege
			SeChangeNotifyPrivilege"
Information,2018-03-12 9:03:56 PM,Security,528,Logon/Logoff,"Successful Logon:
 	User Name:	LOCAL SERVICE
 	Domain:		NT AUTHORITY
 	Logon ID:		(0x0,0x3E5)
 	Logon Type:	5
 	Logon Process:	Advapi  
 	Authentication Package:	Negotiate
 	Workstation Name:	
 	Logon GUID:	-
 	Caller User Name:	%9
 	Caller Domain:	%10
 	Caller Logon ID:	%11
 	Caller Process ID: %12
 	Transited Services: %13
 	Source Network Address:	%14
 	Source Port:	%15
 	Caller Process Name:	%16
"
Information,2018-03-12 9:03:56 PM,Security,593,Detailed Tracking,"A process has exited:
 	Process ID:	1152
 	Image File Name:	C:\WINDOWS\system32\cmd.exe
 	User Name:	SECURITYNIK-XP$
 	Domain:		WORKGROUP
 	Logon ID:		(0x0,0x3E7)
 	Exit Status:		%6
"
Information,2018-03-12 9:03:56 PM,Security,592,Detailed Tracking,"A new process has been created:
 	New Process ID:	1152
 	Image File Name:	C:\WINDOWS\system32\cmd.exe
 	Creator Process ID:	556
 	User Name:	SECURITYNIK-XP$
 	Domain:		WORKGROUP
 	Logon ID:		(0x0,0x3E7)
 	Token Elevation Type:	%7
"
Information,2018-03-12 9:03:56 PM,Security,593,Detailed Tracking,"A process has exited:
 	Process ID:	1872
 	Image File Name:	C:\WINDOWS\system32\cmd.exe
 	User Name:	SECURITYNIK-XP$
 	Domain:		WORKGROUP
 	Logon ID:		(0x0,0x3E7)
 	Exit Status:		%6
"
Information,2018-03-12 9:03:56 PM,Security,592,Detailed Tracking,"A new process has been created:
 	New Process ID:	1872
 	Image File Name:	C:\WINDOWS\system32\cmd.exe
 	Creator Process ID:	556
 	User Name:	SECURITYNIK-XP$
 	Domain:		WORKGROUP
 	Logon ID:		(0x0,0x3E7)
 	Token Elevation Type:	%7
"
Information,2018-03-12 9:03:56 PM,Security,593,Detailed Tracking,"A process has exited:
 	Process ID:	1868
 	Image File Name:	C:\WINDOWS\system32\cmd.exe
 	User Name:	SECURITYNIK-XP$
 	Domain:		WORKGROUP
 	Logon ID:		(0x0,0x3E7)
 	Exit Status:		%6
"
Information,2018-03-12 9:03:56 PM,Security,592,Detailed Tracking,"A new process has been created:
 	New Process ID:	1868
 	Image File Name:	C:\WINDOWS\system32\cmd.exe
 	Creator Process ID:	556
 	User Name:	SECURITYNIK-XP$
 	Domain:		WORKGROUP
 	Logon ID:		(0x0,0x3E7)
 	Token Elevation Type:	%7
"
Information,2018-03-12 9:03:55 PM,Security,593,Detailed Tracking,"A process has exited:
 	Process ID:	1948
 	Image File Name:	C:\WINDOWS\system32\cmd.exe
 	User Name:	SECURITYNIK-XP$
 	Domain:		WORKGROUP
 	Logon ID:		(0x0,0x3E7)
 	Exit Status:		%6
"
Information,2018-03-12 9:03:55 PM,Security,592,Detailed Tracking,"A new process has been created:
 	New Process ID:	1948
 	Image File Name:	C:\WINDOWS\system32\cmd.exe
 	Creator Process ID:	556
 	User Name:	SECURITYNIK-XP$
 	Domain:		WORKGROUP
 	Logon ID:		(0x0,0x3E7)
 	Token Elevation Type:	%7
"
Information,2018-03-12 9:03:55 PM,Security,593,Detailed Tracking,"A process has exited:
 	Process ID:	1920
 	Image File Name:	C:\WINDOWS\system32\cmd.exe
 	User Name:	SECURITYNIK-XP$
 	Domain:		WORKGROUP
 	Logon ID:		(0x0,0x3E7)
 	Exit Status:		%6
"
Information,2018-03-12 9:03:55 PM,Security,592,Detailed Tracking,"A new process has been created:
 	New Process ID:	1920
 	Image File Name:	C:\WINDOWS\system32\cmd.exe
 	Creator Process ID:	556
 	User Name:	SECURITYNIK-XP$
 	Domain:		WORKGROUP
 	Logon ID:		(0x0,0x3E7)
 	Token Elevation Type:	%7
"
Information,2018-03-12 9:03:55 PM,Security,593,Detailed Tracking,"A process has exited:
 	Process ID:	1908
 	Image File Name:	C:\WINDOWS\system32\cmd.exe
 	User Name:	SECURITYNIK-XP$
 	Domain:		WORKGROUP
 	Logon ID:		(0x0,0x3E7)
 	Exit Status:		%6
"
Information,2018-03-12 9:03:55 PM,Security,592,Detailed Tracking,"A new process has been created:
 	New Process ID:	1908
 	Image File Name:	C:\WINDOWS\system32\cmd.exe
 	Creator Process ID:	556
 	User Name:	SECURITYNIK-XP$
 	Domain:		WORKGROUP
 	Logon ID:		(0x0,0x3E7)
 	Token Elevation Type:	%7
"
Information,2018-03-12 9:03:55 PM,Security,593,Detailed Tracking,"A process has exited:
 	Process ID:	1896
 	Image File Name:	C:\WINDOWS\system32\cmd.exe
 	User Name:	SECURITYNIK-XP$
 	Domain:		WORKGROUP
 	Logon ID:		(0x0,0x3E7)
 	Exit Status:		%6
"
Information,2018-03-12 9:03:55 PM,Security,592,Detailed Tracking,"A new process has been created:
 	New Process ID:	1896
 	Image File Name:	C:\WINDOWS\system32\cmd.exe
 	Creator Process ID:	556
 	User Name:	SECURITYNIK-XP$
 	Domain:		WORKGROUP
 	Logon ID:		(0x0,0x3E7)
 	Token Elevation Type:	%7
"
Information,2018-03-12 9:03:55 PM,Security,593,Detailed Tracking,"A process has exited:
 	Process ID:	1268
 	Image File Name:	C:\WINDOWS\system32\cmd.exe
 	User Name:	SECURITYNIK-XP$
 	Domain:		WORKGROUP
 	Logon ID:		(0x0,0x3E7)
 	Exit Status:		%6
"
Information,2018-03-12 9:03:55 PM,Security,592,Detailed Tracking,"A new process has been created:
 	New Process ID:	1268
 	Image File Name:	C:\WINDOWS\system32\cmd.exe
 	Creator Process ID:	556
 	User Name:	SECURITYNIK-XP$
 	Domain:		WORKGROUP
 	Logon ID:		(0x0,0x3E7)
 	Token Elevation Type:	%7
"
Information,2018-03-12 9:03:54 PM,Security,593,Detailed Tracking,"A process has exited:
 	Process ID:	1792
 	Image File Name:	C:\WINDOWS\system32\cmd.exe
 	User Name:	SECURITYNIK-XP$
 	Domain:		WORKGROUP
 	Logon ID:		(0x0,0x3E7)
 	Exit Status:		%6
"
Information,2018-03-12 9:03:54 PM,Security,593,Detailed Tracking,"A process has exited:
 	Process ID:	1804
 	Image File Name:	C:\Program Files\SplunkUniversalForwarder\bin\splunk.exe
 	User Name:	SECURITYNIK-XP$
 	Domain:		WORKGROUP
 	Logon ID:		(0x0,0x3E7)
 	Exit Status:		%6
"
Information,2018-03-12 9:03:54 PM,Security,592,Detailed Tracking,"A new process has been created:
 	New Process ID:	1804
 	Image File Name:	C:\Program Files\SplunkUniversalForwarder\bin\splunk.exe
 	Creator Process ID:	1792
 	User Name:	SECURITYNIK-XP$
 	Domain:		WORKGROUP
 	Logon ID:		(0x0,0x3E7)
 	Token Elevation Type:	%7
"
Information,2018-03-12 9:03:54 PM,Security,592,Detailed Tracking,"A new process has been created:
 	New Process ID:	1792
 	Image File Name:	C:\WINDOWS\system32\cmd.exe
 	Creator Process ID:	556
 	User Name:	SECURITYNIK-XP$
 	Domain:		WORKGROUP
 	Logon ID:		(0x0,0x3E7)
 	Token Elevation Type:	%7
"
Information,2018-03-12 9:03:54 PM,Security,593,Detailed Tracking,"A process has exited:
 	Process ID:	1952
 	Image File Name:	C:\WINDOWS\system32\cmd.exe
 	User Name:	SECURITYNIK-XP$
 	Domain:		WORKGROUP
 	Logon ID:		(0x0,0x3E7)
 	Exit Status:		%6
"
Information,2018-03-12 9:03:54 PM,Security,593,Detailed Tracking,"A process has exited:
 	Process ID:	1960
 	Image File Name:	C:\Program Files\SplunkUniversalForwarder\bin\splunk.exe
 	User Name:	SECURITYNIK-XP$
 	Domain:		WORKGROUP
 	Logon ID:		(0x0,0x3E7)
 	Exit Status:		%6
"
Information,2018-03-12 9:03:54 PM,Security,593,Detailed Tracking,"A process has exited:
 	Process ID:	1216
 	Image File Name:	C:\WINDOWS\system32\cmd.exe
 	User Name:	SECURITYNIK-XP$
 	Domain:		WORKGROUP
 	Logon ID:		(0x0,0x3E7)
 	Exit Status:		%6
"
Information,2018-03-12 9:03:54 PM,Security,593,Detailed Tracking,"A process has exited:
 	Process ID:	1448
 	Image File Name:	C:\Program Files\SplunkUniversalForwarder\bin\btool.exe
 	User Name:	SECURITYNIK-XP$
 	Domain:		WORKGROUP
 	Logon ID:		(0x0,0x3E7)
 	Exit Status:		%6
"
Information,2018-03-12 9:03:54 PM,Security,593,Detailed Tracking,"A process has exited:
 	Process ID:	1496
 	Image File Name:	C:\Program Files\SplunkUniversalForwarder\bin\splunkd.exe
 	User Name:	SECURITYNIK-XP$
 	Domain:		WORKGROUP
 	Logon ID:		(0x0,0x3E7)
 	Exit Status:		%6
"
Information,2018-03-12 9:03:54 PM,Security,592,Detailed Tracking,"A new process has been created:
 	New Process ID:	1496
 	Image File Name:	C:\Program Files\SplunkUniversalForwarder\bin\splunkd.exe
 	Creator Process ID:	1448
 	User Name:	SECURITYNIK-XP$
 	Domain:		WORKGROUP
 	Logon ID:		(0x0,0x3E7)
 	Token Elevation Type:	%7
"
Information,2018-03-12 9:03:54 PM,Security,592,Detailed Tracking,"A new process has been created:
 	New Process ID:	1448
 	Image File Name:	C:\Program Files\SplunkUniversalForwarder\bin\btool.exe
 	Creator Process ID:	1216
 	User Name:	SECURITYNIK-XP$
 	Domain:		WORKGROUP
 	Logon ID:		(0x0,0x3E7)
 	Token Elevation Type:	%7
"
Information,2018-03-12 9:03:54 PM,Security,592,Detailed Tracking,"A new process has been created:
 	New Process ID:	1216
 	Image File Name:	C:\WINDOWS\system32\cmd.exe
 	Creator Process ID:	1960
 	User Name:	SECURITYNIK-XP$
 	Domain:		WORKGROUP
 	Logon ID:		(0x0,0x3E7)
 	Token Elevation Type:	%7
"
Information,2018-03-12 9:03:54 PM,Security,593,Detailed Tracking,"A process has exited:
 	Process ID:	1128
 	Image File Name:	C:\WINDOWS\system32\cmd.exe
 	User Name:	SECURITYNIK-XP$
 	Domain:		WORKGROUP
 	Logon ID:		(0x0,0x3E7)
 	Exit Status:		%6
"
Information,2018-03-12 9:03:54 PM,Security,593,Detailed Tracking,"A process has exited:
 	Process ID:	980
 	Image File Name:	C:\Program Files\SplunkUniversalForwarder\bin\btool.exe
 	User Name:	SECURITYNIK-XP$
 	Domain:		WORKGROUP
 	Logon ID:		(0x0,0x3E7)
 	Exit Status:		%6
"
Information,2018-03-12 9:03:54 PM,Security,593,Detailed Tracking,"A process has exited:
 	Process ID:	1000
 	Image File Name:	C:\Program Files\SplunkUniversalForwarder\bin\splunkd.exe
 	User Name:	SECURITYNIK-XP$
 	Domain:		WORKGROUP
 	Logon ID:		(0x0,0x3E7)
 	Exit Status:		%6
"
Information,2018-03-12 9:03:54 PM,Security,592,Detailed Tracking,"A new process has been created:
 	New Process ID:	1000
 	Image File Name:	C:\Program Files\SplunkUniversalForwarder\bin\splunkd.exe
 	Creator Process ID:	980
 	User Name:	SECURITYNIK-XP$
 	Domain:		WORKGROUP
 	Logon ID:		(0x0,0x3E7)
 	Token Elevation Type:	%7
"
Information,2018-03-12 9:03:54 PM,Security,592,Detailed Tracking,"A new process has been created:
 	New Process ID:	980
 	Image File Name:	C:\Program Files\SplunkUniversalForwarder\bin\btool.exe
 	Creator Process ID:	1128
 	User Name:	SECURITYNIK-XP$
 	Domain:		WORKGROUP
 	Logon ID:		(0x0,0x3E7)
 	Token Elevation Type:	%7
"
Information,2018-03-12 9:03:54 PM,Security,592,Detailed Tracking,"A new process has been created:
 	New Process ID:	1128
 	Image File Name:	C:\WINDOWS\system32\cmd.exe
 	Creator Process ID:	1960
 	User Name:	SECURITYNIK-XP$
 	Domain:		WORKGROUP
 	Logon ID:		(0x0,0x3E7)
 	Token Elevation Type:	%7
"
Information,2018-03-12 9:03:54 PM,Security,593,Detailed Tracking,"A process has exited:
 	Process ID:	940
 	Image File Name:	C:\Program Files\SplunkUniversalForwarder\bin\splunkd.exe
 	User Name:	SECURITYNIK-XP$
 	Domain:		WORKGROUP
 	Logon ID:		(0x0,0x3E7)
 	Exit Status:		%6
"
Information,2018-03-12 9:03:54 PM,Security,592,Detailed Tracking,"A new process has been created:
 	New Process ID:	940
 	Image File Name:	C:\Program Files\SplunkUniversalForwarder\bin\splunkd.exe
 	Creator Process ID:	1960
 	User Name:	SECURITYNIK-XP$
 	Domain:		WORKGROUP
 	Logon ID:		(0x0,0x3E7)
 	Token Elevation Type:	%7
"
Information,2018-03-12 9:03:54 PM,Security,593,Detailed Tracking,"A process has exited:
 	Process ID:	628
 	Image File Name:	C:\Program Files\SplunkUniversalForwarder\bin\btool.exe
 	User Name:	SECURITYNIK-XP$
 	Domain:		WORKGROUP
 	Logon ID:		(0x0,0x3E7)
 	Exit Status:		%6
"
Information,2018-03-12 9:03:54 PM,Security,593,Detailed Tracking,"A process has exited:
 	Process ID:	636
 	Image File Name:	C:\Program Files\SplunkUniversalForwarder\bin\splunkd.exe
 	User Name:	SECURITYNIK-XP$
 	Domain:		WORKGROUP
 	Logon ID:		(0x0,0x3E7)
 	Exit Status:		%6
"
Information,2018-03-12 9:03:54 PM,Security,592,Detailed Tracking,"A new process has been created:
 	New Process ID:	636
 	Image File Name:	C:\Program Files\SplunkUniversalForwarder\bin\splunkd.exe
 	Creator Process ID:	628
 	User Name:	SECURITYNIK-XP$
 	Domain:		WORKGROUP
 	Logon ID:		(0x0,0x3E7)
 	Token Elevation Type:	%7
"
Information,2018-03-12 9:03:54 PM,Security,592,Detailed Tracking,"A new process has been created:
 	New Process ID:	628
 	Image File Name:	C:\Program Files\SplunkUniversalForwarder\bin\btool.exe
 	Creator Process ID:	1960
 	User Name:	SECURITYNIK-XP$
 	Domain:		WORKGROUP
 	Logon ID:		(0x0,0x3E7)
 	Token Elevation Type:	%7
"
Information,2018-03-12 9:03:54 PM,Security,593,Detailed Tracking,"A process has exited:
 	Process ID:	532
 	Image File Name:	C:\Program Files\SplunkUniversalForwarder\bin\btool.exe
 	User Name:	SECURITYNIK-XP$
 	Domain:		WORKGROUP
 	Logon ID:		(0x0,0x3E7)
 	Exit Status:		%6
"
Information,2018-03-12 9:03:54 PM,Security,593,Detailed Tracking,"A process has exited:
 	Process ID:	548
 	Image File Name:	C:\Program Files\SplunkUniversalForwarder\bin\splunkd.exe
 	User Name:	SECURITYNIK-XP$
 	Domain:		WORKGROUP
 	Logon ID:		(0x0,0x3E7)
 	Exit Status:		%6
"
Information,2018-03-12 9:03:54 PM,Security,592,Detailed Tracking,"A new process has been created:
 	New Process ID:	548
 	Image File Name:	C:\Program Files\SplunkUniversalForwarder\bin\splunkd.exe
 	Creator Process ID:	532
 	User Name:	SECURITYNIK-XP$
 	Domain:		WORKGROUP
 	Logon ID:		(0x0,0x3E7)
 	Token Elevation Type:	%7
"
Information,2018-03-12 9:03:54 PM,Security,592,Detailed Tracking,"A new process has been created:
 	New Process ID:	532
 	Image File Name:	C:\Program Files\SplunkUniversalForwarder\bin\btool.exe
 	Creator Process ID:	1960
 	User Name:	SECURITYNIK-XP$
 	Domain:		WORKGROUP
 	Logon ID:		(0x0,0x3E7)
 	Token Elevation Type:	%7
"
Information,2018-03-12 9:03:54 PM,Security,593,Detailed Tracking,"A process has exited:
 	Process ID:	336
 	Image File Name:	C:\Program Files\SplunkUniversalForwarder\bin\btool.exe
 	User Name:	SECURITYNIK-XP$
 	Domain:		WORKGROUP
 	Logon ID:		(0x0,0x3E7)
 	Exit Status:		%6
"
Information,2018-03-12 9:03:54 PM,Security,593,Detailed Tracking,"A process has exited:
 	Process ID:	344
 	Image File Name:	C:\Program Files\SplunkUniversalForwarder\bin\splunkd.exe
 	User Name:	SECURITYNIK-XP$
 	Domain:		WORKGROUP
 	Logon ID:		(0x0,0x3E7)
 	Exit Status:		%6
"
Information,2018-03-12 9:03:53 PM,Security,592,Detailed Tracking,"A new process has been created:
 	New Process ID:	344
 	Image File Name:	C:\Program Files\SplunkUniversalForwarder\bin\splunkd.exe
 	Creator Process ID:	336
 	User Name:	SECURITYNIK-XP$
 	Domain:		WORKGROUP
 	Logon ID:		(0x0,0x3E7)
 	Token Elevation Type:	%7
"
Information,2018-03-12 9:03:53 PM,Security,592,Detailed Tracking,"A new process has been created:
 	New Process ID:	336
 	Image File Name:	C:\Program Files\SplunkUniversalForwarder\bin\btool.exe
 	Creator Process ID:	1960
 	User Name:	SECURITYNIK-XP$
 	Domain:		WORKGROUP
 	Logon ID:		(0x0,0x3E7)
 	Token Elevation Type:	%7
"
Information,2018-03-12 9:03:53 PM,Security,593,Detailed Tracking,"A process has exited:
 	Process ID:	264
 	Image File Name:	C:\Program Files\SplunkUniversalForwarder\bin\btool.exe
 	User Name:	SECURITYNIK-XP$
 	Domain:		WORKGROUP
 	Logon ID:		(0x0,0x3E7)
 	Exit Status:		%6
"
Information,2018-03-12 9:03:53 PM,Security,593,Detailed Tracking,"A process has exited:
 	Process ID:	272
 	Image File Name:	C:\Program Files\SplunkUniversalForwarder\bin\splunkd.exe
 	User Name:	SECURITYNIK-XP$
 	Domain:		WORKGROUP
 	Logon ID:		(0x0,0x3E7)
 	Exit Status:		%6
"
Information,2018-03-12 9:03:53 PM,Security,592,Detailed Tracking,"A new process has been created:
 	New Process ID:	272
 	Image File Name:	C:\Program Files\SplunkUniversalForwarder\bin\splunkd.exe
 	Creator Process ID:	264
 	User Name:	SECURITYNIK-XP$
 	Domain:		WORKGROUP
 	Logon ID:		(0x0,0x3E7)
 	Token Elevation Type:	%7
"
Information,2018-03-12 9:03:53 PM,Security,592,Detailed Tracking,"A new process has been created:
 	New Process ID:	264
 	Image File Name:	C:\Program Files\SplunkUniversalForwarder\bin\btool.exe
 	Creator Process ID:	1960
 	User Name:	SECURITYNIK-XP$
 	Domain:		WORKGROUP
 	Logon ID:		(0x0,0x3E7)
 	Token Elevation Type:	%7
"
Information,2018-03-12 9:03:53 PM,Security,593,Detailed Tracking,"A process has exited:
 	Process ID:	204
 	Image File Name:	C:\Program Files\SplunkUniversalForwarder\bin\btool.exe
 	User Name:	SECURITYNIK-XP$
 	Domain:		WORKGROUP
 	Logon ID:		(0x0,0x3E7)
 	Exit Status:		%6
"
Information,2018-03-12 9:03:53 PM,Security,593,Detailed Tracking,"A process has exited:
 	Process ID:	216
 	Image File Name:	C:\Program Files\SplunkUniversalForwarder\bin\splunkd.exe
 	User Name:	SECURITYNIK-XP$
 	Domain:		WORKGROUP
 	Logon ID:		(0x0,0x3E7)
 	Exit Status:		%6
"
Information,2018-03-12 9:03:53 PM,Security,592,Detailed Tracking,"A new process has been created:
 	New Process ID:	216
 	Image File Name:	C:\Program Files\SplunkUniversalForwarder\bin\splunkd.exe
 	Creator Process ID:	204
 	User Name:	SECURITYNIK-XP$
 	Domain:		WORKGROUP
 	Logon ID:		(0x0,0x3E7)
 	Token Elevation Type:	%7
"
Information,2018-03-12 9:03:53 PM,Security,592,Detailed Tracking,"A new process has been created:
 	New Process ID:	204
 	Image File Name:	C:\Program Files\SplunkUniversalForwarder\bin\btool.exe
 	Creator Process ID:	1960
 	User Name:	SECURITYNIK-XP$
 	Domain:		WORKGROUP
 	Logon ID:		(0x0,0x3E7)
 	Token Elevation Type:	%7
"
Information,2018-03-12 9:03:53 PM,Security,593,Detailed Tracking,"A process has exited:
 	Process ID:	2036
 	Image File Name:	C:\Program Files\SplunkUniversalForwarder\bin\splunkd.exe
 	User Name:	SECURITYNIK-XP$
 	Domain:		WORKGROUP
 	Logon ID:		(0x0,0x3E7)
 	Exit Status:		%6
"
Information,2018-03-12 9:03:53 PM,Security,592,Detailed Tracking,"A new process has been created:
 	New Process ID:	2036
 	Image File Name:	C:\Program Files\SplunkUniversalForwarder\bin\splunkd.exe
 	Creator Process ID:	1960
 	User Name:	SECURITYNIK-XP$
 	Domain:		WORKGROUP
 	Logon ID:		(0x0,0x3E7)
 	Token Elevation Type:	%7
"
Information,2018-03-12 9:03:53 PM,Security,593,Detailed Tracking,"A process has exited:
 	Process ID:	1968
 	Image File Name:	C:\Program Files\SplunkUniversalForwarder\bin\splunkd.exe
 	User Name:	SECURITYNIK-XP$
 	Domain:		WORKGROUP
 	Logon ID:		(0x0,0x3E7)
 	Exit Status:		%6
"
Information,2018-03-12 9:03:53 PM,Security,592,Detailed Tracking,"A new process has been created:
 	New Process ID:	1968
 	Image File Name:	C:\Program Files\SplunkUniversalForwarder\bin\splunkd.exe
 	Creator Process ID:	1960
 	User Name:	SECURITYNIK-XP$
 	Domain:		WORKGROUP
 	Logon ID:		(0x0,0x3E7)
 	Token Elevation Type:	%7
"
Information,2018-03-12 9:03:53 PM,Security,592,Detailed Tracking,"A new process has been created:
 	New Process ID:	1960
 	Image File Name:	C:\Program Files\SplunkUniversalForwarder\bin\splunk.exe
 	Creator Process ID:	1952
 	User Name:	SECURITYNIK-XP$
 	Domain:		WORKGROUP
 	Logon ID:		(0x0,0x3E7)
 	Token Elevation Type:	%7
"
Information,2018-03-12 9:03:53 PM,Security,592,Detailed Tracking,"A new process has been created:
 	New Process ID:	1952
 	Image File Name:	C:\WINDOWS\system32\cmd.exe
 	Creator Process ID:	556
 	User Name:	SECURITYNIK-XP$
 	Domain:		WORKGROUP
 	Logon ID:		(0x0,0x3E7)
 	Token Elevation Type:	%7
"
Information,2018-03-12 9:03:53 PM,Security,593,Detailed Tracking,"A process has exited:
 	Process ID:	1148
 	Image File Name:	C:\WINDOWS\system32\cmd.exe
 	User Name:	SECURITYNIK-XP$
 	Domain:		WORKGROUP
 	Logon ID:		(0x0,0x3E7)
 	Exit Status:		%6
"
Information,2018-03-12 9:03:53 PM,Security,593,Detailed Tracking,"A process has exited:
 	Process ID:	1220
 	Image File Name:	C:\Program Files\SplunkUniversalForwarder\bin\splunk.exe
 	User Name:	SECURITYNIK-XP$
 	Domain:		WORKGROUP
 	Logon ID:		(0x0,0x3E7)
 	Exit Status:		%6
"
Information,2018-03-12 9:03:53 PM,Security,593,Detailed Tracking,"A process has exited:
 	Process ID:	1856
 	Image File Name:	C:\WINDOWS\system32\cmd.exe
 	User Name:	SECURITYNIK-XP$
 	Domain:		WORKGROUP
 	Logon ID:		(0x0,0x3E7)
 	Exit Status:		%6
"
Information,2018-03-12 9:03:53 PM,Security,593,Detailed Tracking,"A process has exited:
 	Process ID:	1864
 	Image File Name:	C:\Program Files\SplunkUniversalForwarder\bin\btool.exe
 	User Name:	SECURITYNIK-XP$
 	Domain:		WORKGROUP
 	Logon ID:		(0x0,0x3E7)
 	Exit Status:		%6
"
Information,2018-03-12 9:03:52 PM,Security,593,Detailed Tracking,"A process has exited:
 	Process ID:	1872
 	Image File Name:	C:\Program Files\SplunkUniversalForwarder\bin\splunkd.exe
 	User Name:	SECURITYNIK-XP$
 	Domain:		WORKGROUP
 	Logon ID:		(0x0,0x3E7)
 	Exit Status:		%6
"
Information,2018-03-12 9:03:52 PM,Security,592,Detailed Tracking,"A new process has been created:
 	New Process ID:	1872
 	Image File Name:	C:\Program Files\SplunkUniversalForwarder\bin\splunkd.exe
 	Creator Process ID:	1864
 	User Name:	SECURITYNIK-XP$
 	Domain:		WORKGROUP
 	Logon ID:		(0x0,0x3E7)
 	Token Elevation Type:	%7
"
Information,2018-03-12 9:03:52 PM,Security,592,Detailed Tracking,"A new process has been created:
 	New Process ID:	1864
 	Image File Name:	C:\Program Files\SplunkUniversalForwarder\bin\btool.exe
 	Creator Process ID:	1856
 	User Name:	SECURITYNIK-XP$
 	Domain:		WORKGROUP
 	Logon ID:		(0x0,0x3E7)
 	Token Elevation Type:	%7
"
Information,2018-03-12 9:03:52 PM,Security,592,Detailed Tracking,"A new process has been created:
 	New Process ID:	1856
 	Image File Name:	C:\WINDOWS\system32\cmd.exe
 	Creator Process ID:	1220
 	User Name:	SECURITYNIK-XP$
 	Domain:		WORKGROUP
 	Logon ID:		(0x0,0x3E7)
 	Token Elevation Type:	%7
"
Information,2018-03-12 9:03:52 PM,Security,593,Detailed Tracking,"A process has exited:
 	Process ID:	1264
 	Image File Name:	C:\WINDOWS\system32\cmd.exe
 	User Name:	SECURITYNIK-XP$
 	Domain:		WORKGROUP
 	Logon ID:		(0x0,0x3E7)
 	Exit Status:		%6
"
Information,2018-03-12 9:03:52 PM,Security,593,Detailed Tracking,"A process has exited:
 	Process ID:	1312
 	Image File Name:	C:\Program Files\SplunkUniversalForwarder\bin\btool.exe
 	User Name:	SECURITYNIK-XP$
 	Domain:		WORKGROUP
 	Logon ID:		(0x0,0x3E7)
 	Exit Status:		%6
"
Information,2018-03-12 9:03:52 PM,Security,593,Detailed Tracking,"A process has exited:
 	Process ID:	1352
 	Image File Name:	C:\Program Files\SplunkUniversalForwarder\bin\splunkd.exe
 	User Name:	SECURITYNIK-XP$
 	Domain:		WORKGROUP
 	Logon ID:		(0x0,0x3E7)
 	Exit Status:		%6
"
Information,2018-03-12 9:03:52 PM,Security,592,Detailed Tracking,"A new process has been created:
 	New Process ID:	1396
 	Image File Name:	C:\WINDOWS\system32\wuauclt.exe
 	Creator Process ID:	1176
 	User Name:	SECURITYNIK-XP$
 	Domain:		WORKGROUP
 	Logon ID:		(0x0,0x3E7)
 	Token Elevation Type:	%7
"
Information,2018-03-12 9:03:52 PM,Security,592,Detailed Tracking,"A new process has been created:
 	New Process ID:	1352
 	Image File Name:	C:\Program Files\SplunkUniversalForwarder\bin\splunkd.exe
 	Creator Process ID:	1312
 	User Name:	SECURITYNIK-XP$
 	Domain:		WORKGROUP
 	Logon ID:		(0x0,0x3E7)
 	Token Elevation Type:	%7
"
Information,2018-03-12 9:03:52 PM,Security,592,Detailed Tracking,"A new process has been created:
 	New Process ID:	1312
 	Image File Name:	C:\Program Files\SplunkUniversalForwarder\bin\btool.exe
 	Creator Process ID:	1264
 	User Name:	SECURITYNIK-XP$
 	Domain:		WORKGROUP
 	Logon ID:		(0x0,0x3E7)
 	Token Elevation Type:	%7
"
Information,2018-03-12 9:03:52 PM,Security,592,Detailed Tracking,"A new process has been created:
 	New Process ID:	1264
 	Image File Name:	C:\WINDOWS\system32\cmd.exe
 	Creator Process ID:	1220
 	User Name:	SECURITYNIK-XP$
 	Domain:		WORKGROUP
 	Logon ID:		(0x0,0x3E7)
 	Token Elevation Type:	%7
"
Information,2018-03-12 9:03:52 PM,Security,592,Detailed Tracking,"A new process has been created:
 	New Process ID:	1220
 	Image File Name:	C:\Program Files\SplunkUniversalForwarder\bin\splunk.exe
 	Creator Process ID:	1148
 	User Name:	SECURITYNIK-XP$
 	Domain:		WORKGROUP
 	Logon ID:		(0x0,0x3E7)
 	Token Elevation Type:	%7
"
Information,2018-03-12 9:03:52 PM,Security,592,Detailed Tracking,"A new process has been created:
 	New Process ID:	1148
 	Image File Name:	C:\WINDOWS\system32\cmd.exe
 	Creator Process ID:	556
 	User Name:	SECURITYNIK-XP$
 	Domain:		WORKGROUP
 	Logon ID:		(0x0,0x3E7)
 	Token Elevation Type:	%7
"
Information,2018-03-12 9:03:49 PM,Security,593,Detailed Tracking,"A process has exited:
 	Process ID:	1000
 	Image File Name:	C:\WINDOWS\system32\cmd.exe
 	User Name:	SECURITYNIK-XP$
 	Domain:		WORKGROUP
 	Logon ID:		(0x0,0x3E7)
 	Exit Status:		%6
"
Information,2018-03-12 9:03:49 PM,Security,593,Detailed Tracking,"A process has exited:
 	Process ID:	1028
 	Image File Name:	C:\Program Files\SplunkUniversalForwarder\bin\splunk.exe
 	User Name:	SECURITYNIK-XP$
 	Domain:		WORKGROUP
 	Logon ID:		(0x0,0x3E7)
 	Exit Status:		%6
"
Information,2018-03-12 9:03:49 PM,Security,592,Detailed Tracking,"A new process has been created:
 	New Process ID:	1028
 	Image File Name:	C:\Program Files\SplunkUniversalForwarder\bin\splunk.exe
 	Creator Process ID:	1000
 	User Name:	SECURITYNIK-XP$
 	Domain:		WORKGROUP
 	Logon ID:		(0x0,0x3E7)
 	Token Elevation Type:	%7
"
