Information,2018-03-11 10:48:33 PM,Security,592,Detailed Tracking,"A new process has been created:
 	New Process ID:	1256
 	Image File Name:	C:\WINDOWS\system32\logon.scr
 	Creator Process ID:	708
 	User Name:	SECURITYNIK-XP$
 	Domain:		WORKGROUP
 	Logon ID:		(0x0,0x3E7)
 	Token Elevation Type:	%7
"
Information,2018-03-11 10:41:15 PM,Security,593,Detailed Tracking,"A process has exited:
 	Process ID:	664
 	Image File Name:	C:\WINDOWS\system32\wuauclt.exe
 	User Name:	SECURITYNIK-XP$
 	Domain:		WORKGROUP
 	Logon ID:		(0x0,0x3E7)
 	Exit Status:		%6
"
Information,2018-03-11 10:38:31 PM,Security,593,Detailed Tracking,"A process has exited:
 	Process ID:	1572
 	Image File Name:	C:\WINDOWS\system32\ipconfig.exe
 	User Name:	SecurityNik
 	Domain:		SECURITYNIK-XP
 	Logon ID:		(0x0,0xA6BC)
 	Exit Status:		%6
"
Information,2018-03-11 10:38:31 PM,Security,592,Detailed Tracking,"A new process has been created:
 	New Process ID:	1572
 	Image File Name:	C:\WINDOWS\system32\ipconfig.exe
 	Creator Process ID:	480
 	User Name:	SecurityNik
 	Domain:		SECURITYNIK-XP
 	Logon ID:		(0x0,0xA6BC)
 	Token Elevation Type:	%7
"
Information,2018-03-11 10:37:01 PM,Security,593,Detailed Tracking,"A process has exited:
 	Process ID:	160
 	Image File Name:	C:\WINDOWS\system32\logon.scr
 	User Name:	SecurityNik
 	Domain:		SECURITYNIK-XP
 	Logon ID:		(0x0,0xA6BC)
 	Exit Status:		%6
"
Information,2018-03-11 10:36:16 PM,Security,600,Detailed Tracking,"A process was assigned a primary token.
 Assigning Process Information:
 	Process ID:	708
 	Image File Name:	C:\WINDOWS\system32\winlogon.exe
 	Primary User Name:	SECURITYNIK-XP$
 	Primary Domain:	WORKGROUP
 	Primary Logon ID:	(0x0,0x3E7)
 New Process Information:
 	Process ID:	160
 	Image File Name:	C:\WINDOWS\system32\logon.scr
 	Target User Name:	SecurityNik
 	Target Domain:	SECURITYNIK-XP
 	Target Logon ID:	(0x0,0xA6BC)
"
Information,2018-03-11 10:36:16 PM,Security,592,Detailed Tracking,"A new process has been created:
 	New Process ID:	160
 	Image File Name:	C:\WINDOWS\system32\logon.scr
 	Creator Process ID:	708
 	User Name:	SECURITYNIK-XP$
 	Domain:		WORKGROUP
 	Logon ID:		(0x0,0x3E7)
 	Token Elevation Type:	%7
"
Information,2018-03-11 10:36:14 PM,Security,592,Detailed Tracking,"A new process has been created:
 	New Process ID:	664
 	Image File Name:	C:\WINDOWS\system32\wuauclt.exe
 	Creator Process ID:	1172
 	User Name:	SECURITYNIK-XP$
 	Domain:		WORKGROUP
 	Logon ID:		(0x0,0x3E7)
 	Token Elevation Type:	%7
"
Information,2018-03-11 10:26:15 PM,Security,592,Detailed Tracking,"A new process has been created:
 	New Process ID:	492
 	Image File Name:	C:\Program Files\Wireshark\dumpcap.exe
 	Creator Process ID:	1488
 	User Name:	SecurityNik
 	Domain:		SECURITYNIK-XP
 	Logon ID:		(0x0,0xA6BC)
 	Token Elevation Type:	%7
"
Information,2018-03-11 10:26:13 PM,Security,593,Detailed Tracking,"A process has exited:
 	Process ID:	988
 	Image File Name:	C:\Program Files\Wireshark\dumpcap.exe
 	User Name:	SecurityNik
 	Domain:		SECURITYNIK-XP
 	Logon ID:		(0x0,0xA6BC)
 	Exit Status:		%6
"
Information,2018-03-11 10:26:09 PM,Security,592,Detailed Tracking,"A new process has been created:
 	New Process ID:	988
 	Image File Name:	C:\Program Files\Wireshark\dumpcap.exe
 	Creator Process ID:	1488
 	User Name:	SecurityNik
 	Domain:		SECURITYNIK-XP
 	Logon ID:		(0x0,0xA6BC)
 	Token Elevation Type:	%7
"
Information,2018-03-11 10:26:09 PM,Security,593,Detailed Tracking,"A process has exited:
 	Process ID:	1700
 	Image File Name:	C:\Program Files\Wireshark\dumpcap.exe
 	User Name:	SecurityNik
 	Domain:		SECURITYNIK-XP
 	Logon ID:		(0x0,0xA6BC)
 	Exit Status:		%6
"
Information,2018-03-11 10:26:09 PM,Security,592,Detailed Tracking,"A new process has been created:
 	New Process ID:	1700
 	Image File Name:	C:\Program Files\Wireshark\dumpcap.exe
 	Creator Process ID:	1488
 	User Name:	SecurityNik
 	Domain:		SECURITYNIK-XP
 	Logon ID:		(0x0,0xA6BC)
 	Token Elevation Type:	%7
"
Information,2018-03-11 10:26:05 PM,Security,593,Detailed Tracking,"A process has exited:
 	Process ID:	224
 	Image File Name:	C:\WINDOWS\system32\logon.scr
 	User Name:	SecurityNik
 	Domain:		SECURITYNIK-XP
 	Logon ID:		(0x0,0xA6BC)
 	Exit Status:		%6
"
Information,2018-03-11 8:41:04 PM,Security,593,Detailed Tracking,"A process has exited:
 	Process ID:	1556
 	Image File Name:	C:\WINDOWS\system32\wuauclt.exe
 	User Name:	SECURITYNIK-XP$
 	Domain:		WORKGROUP
 	Logon ID:		(0x0,0x3E7)
 	Exit Status:		%6
"
Information,2018-03-11 8:36:03 PM,Security,592,Detailed Tracking,"A new process has been created:
 	New Process ID:	1556
 	Image File Name:	C:\WINDOWS\system32\wuauclt.exe
 	Creator Process ID:	1172
 	User Name:	SECURITYNIK-XP$
 	Domain:		WORKGROUP
 	Logon ID:		(0x0,0x3E7)
 	Token Elevation Type:	%7
"
Information,2018-03-11 6:49:05 PM,Security,600,Detailed Tracking,"A process was assigned a primary token.
 Assigning Process Information:
 	Process ID:	708
 	Image File Name:	C:\WINDOWS\system32\winlogon.exe
 	Primary User Name:	SECURITYNIK-XP$
 	Primary Domain:	WORKGROUP
 	Primary Logon ID:	(0x0,0x3E7)
 New Process Information:
 	Process ID:	224
 	Image File Name:	C:\WINDOWS\system32\logon.scr
 	Target User Name:	SecurityNik
 	Target Domain:	SECURITYNIK-XP
 	Target Logon ID:	(0x0,0xA6BC)
"
Information,2018-03-11 6:49:05 PM,Security,592,Detailed Tracking,"A new process has been created:
 	New Process ID:	224
 	Image File Name:	C:\WINDOWS\system32\logon.scr
 	Creator Process ID:	708
 	User Name:	SECURITYNIK-XP$
 	Domain:		WORKGROUP
 	Logon ID:		(0x0,0x3E7)
 	Token Elevation Type:	%7
"
Information,2018-03-11 6:40:53 PM,Security,593,Detailed Tracking,"A process has exited:
 	Process ID:	1256
 	Image File Name:	C:\WINDOWS\system32\wuauclt.exe
 	User Name:	SECURITYNIK-XP$
 	Domain:		WORKGROUP
 	Logon ID:		(0x0,0x3E7)
 	Exit Status:		%6
"
Information,2018-03-11 6:39:02 PM,Security,593,Detailed Tracking,"A process has exited:
 	Process ID:	768
 	Image File Name:	C:\Program Files\Wireshark\dumpcap.exe
 	User Name:	SecurityNik
 	Domain:		SECURITYNIK-XP
 	Logon ID:		(0x0,0xA6BC)
 	Exit Status:		%6
"
Information,2018-03-11 6:38:58 PM,Security,593,Detailed Tracking,"A process has exited:
 	Process ID:	488
 	Image File Name:	C:\WINDOWS\system32\ping.exe
 	User Name:	SecurityNik
 	Domain:		SECURITYNIK-XP
 	Logon ID:		(0x0,0xA6BC)
 	Exit Status:		%6
"
Information,2018-03-11 6:38:56 PM,Security,592,Detailed Tracking,"A new process has been created:
 	New Process ID:	488
 	Image File Name:	C:\WINDOWS\system32\ping.exe
 	Creator Process ID:	480
 	User Name:	SecurityNik
 	Domain:		SECURITYNIK-XP
 	Logon ID:		(0x0,0xA6BC)
 	Token Elevation Type:	%7
"
Information,2018-03-11 6:38:40 PM,Security,592,Detailed Tracking,"A new process has been created:
 	New Process ID:	768
 	Image File Name:	C:\Program Files\Wireshark\dumpcap.exe
 	Creator Process ID:	1488
 	User Name:	SecurityNik
 	Domain:		SECURITYNIK-XP
 	Logon ID:		(0x0,0xA6BC)
 	Token Elevation Type:	%7
"
Information,2018-03-11 6:38:40 PM,Security,593,Detailed Tracking,"A process has exited:
 	Process ID:	1592
 	Image File Name:	C:\Program Files\Wireshark\dumpcap.exe
 	User Name:	SecurityNik
 	Domain:		SECURITYNIK-XP
 	Logon ID:		(0x0,0xA6BC)
 	Exit Status:		%6
"
Information,2018-03-11 6:38:35 PM,Security,592,Detailed Tracking,"A new process has been created:
 	New Process ID:	1592
 	Image File Name:	C:\Program Files\Wireshark\dumpcap.exe
 	Creator Process ID:	1488
 	User Name:	SecurityNik
 	Domain:		SECURITYNIK-XP
 	Logon ID:		(0x0,0xA6BC)
 	Token Elevation Type:	%7
"
Information,2018-03-11 6:38:35 PM,Security,593,Detailed Tracking,"A process has exited:
 	Process ID:	644
 	Image File Name:	C:\Program Files\Wireshark\dumpcap.exe
 	User Name:	SecurityNik
 	Domain:		SECURITYNIK-XP
 	Logon ID:		(0x0,0xA6BC)
 	Exit Status:		%6
"
Information,2018-03-11 6:38:35 PM,Security,592,Detailed Tracking,"A new process has been created:
 	New Process ID:	644
 	Image File Name:	C:\Program Files\Wireshark\dumpcap.exe
 	Creator Process ID:	1488
 	User Name:	SecurityNik
 	Domain:		SECURITYNIK-XP
 	Logon ID:		(0x0,0xA6BC)
 	Token Elevation Type:	%7
"
Information,2018-03-11 6:33:06 PM,Security,577,Privilege Use,"Privileged Service Called:
 	Server:		Security
 	Service:		-
 	Primary User Name:	SecurityNik
 	Primary Domain:	SECURITYNIK-XP
 	Primary Logon ID:	(0x0,0xA6BC)
 	Client User Name:	-
 	Client Domain:	-
 	Client Logon ID:	-
 	Privileges:	SeProfileSingleProcessPrivilege
 	Process ID:	%10
 	Process Name:	%11"
Information,2018-03-11 6:33:05 PM,Security,592,Detailed Tracking,"A new process has been created:
 	New Process ID:	1488
 	Image File Name:	C:\Program Files\Wireshark\wireshark.exe
 	Creator Process ID:	1624
 	User Name:	SecurityNik
 	Domain:		SECURITYNIK-XP
 	Logon ID:		(0x0,0xA6BC)
 	Token Elevation Type:	%7
"
Information,2018-03-11 6:33:00 PM,Security,578,Privilege Use,"Privileged object operation:
 	Object Server:	EventLog
 	Object Handle:	11673488
 	Process ID:	752
 	Primary User Name:	SECURITYNIK-XP$
 	Primary Domain:	WORKGROUP
 	Primary Logon ID:	(0x0,0x3E7)
 	Client User Name:	SecurityNik
 	Client Domain:	SECURITYNIK-XP
 	Client Logon ID:	(0x0,0xA6BC)
 	Privileges:	SeSecurityPrivilege
 	Object Type:	%11
 	Object Name:	%12
 	Desired Access:	%13"
Information,2018-03-11 6:32:57 PM,Security,593,Detailed Tracking,"A process has exited:
 	Process ID:	484
 	Image File Name:	C:\WINDOWS\system32\logon.scr
 	User Name:	SecurityNik
 	Domain:		SECURITYNIK-XP
 	Logon ID:		(0x0,0xA6BC)
 	Exit Status:		%6
"
Information,2018-03-11 6:30:53 PM,Security,592,Detailed Tracking,"A new process has been created:
 	New Process ID:	1256
 	Image File Name:	C:\WINDOWS\system32\wuauclt.exe
 	Creator Process ID:	1172
 	User Name:	SECURITYNIK-XP$
 	Domain:		WORKGROUP
 	Logon ID:		(0x0,0x3E7)
 	Token Elevation Type:	%7
"
Information,2018-03-11 5:01:17 PM,Security,600,Detailed Tracking,"A process was assigned a primary token.
 Assigning Process Information:
 	Process ID:	708
 	Image File Name:	C:\WINDOWS\system32\winlogon.exe
 	Primary User Name:	SECURITYNIK-XP$
 	Primary Domain:	WORKGROUP
 	Primary Logon ID:	(0x0,0x3E7)
 New Process Information:
 	Process ID:	484
 	Image File Name:	C:\WINDOWS\system32\logon.scr
 	Target User Name:	SecurityNik
 	Target Domain:	SECURITYNIK-XP
 	Target Logon ID:	(0x0,0xA6BC)
"
Information,2018-03-11 5:01:17 PM,Security,592,Detailed Tracking,"A new process has been created:
 	New Process ID:	484
 	Image File Name:	C:\WINDOWS\system32\logon.scr
 	Creator Process ID:	708
 	User Name:	SECURITYNIK-XP$
 	Domain:		WORKGROUP
 	Logon ID:		(0x0,0x3E7)
 	Token Elevation Type:	%7
"
Information,2018-03-11 4:50:52 PM,Security,578,Privilege Use,"Privileged object operation:
 	Object Server:	EventLog
 	Object Handle:	11673488
 	Process ID:	752
 	Primary User Name:	SECURITYNIK-XP$
 	Primary Domain:	WORKGROUP
 	Primary Logon ID:	(0x0,0x3E7)
 	Client User Name:	SecurityNik
 	Client Domain:	SECURITYNIK-XP
 	Client Logon ID:	(0x0,0xA6BC)
 	Privileges:	SeSecurityPrivilege
 	Object Type:	%11
 	Object Name:	%12
 	Desired Access:	%13"
Information,2018-03-11 4:50:33 PM,Security,578,Privilege Use,"Privileged object operation:
 	Object Server:	EventLog
 	Object Handle:	11673488
 	Process ID:	752
 	Primary User Name:	SECURITYNIK-XP$
 	Primary Domain:	WORKGROUP
 	Primary Logon ID:	(0x0,0x3E7)
 	Client User Name:	SecurityNik
 	Client Domain:	SECURITYNIK-XP
 	Client Logon ID:	(0x0,0xA6BC)
 	Privileges:	SeSecurityPrivilege
 	Object Type:	%11
 	Object Name:	%12
 	Desired Access:	%13"
Information,2018-03-11 4:50:33 PM,Security,578,Privilege Use,"Privileged object operation:
 	Object Server:	EventLog
 	Object Handle:	11672728
 	Process ID:	752
 	Primary User Name:	SECURITYNIK-XP$
 	Primary Domain:	WORKGROUP
 	Primary Logon ID:	(0x0,0x3E7)
 	Client User Name:	SecurityNik
 	Client Domain:	SECURITYNIK-XP
 	Client Logon ID:	(0x0,0xA6BC)
 	Privileges:	SeSecurityPrivilege
 	Object Type:	%11
 	Object Name:	%12
 	Desired Access:	%13"
Information,2018-03-11 4:50:33 PM,Security,578,Privilege Use,"Privileged object operation:
 	Object Server:	EventLog
 	Object Handle:	11672728
 	Process ID:	752
 	Primary User Name:	SECURITYNIK-XP$
 	Primary Domain:	WORKGROUP
 	Primary Logon ID:	(0x0,0x3E7)
 	Client User Name:	SecurityNik
 	Client Domain:	SECURITYNIK-XP
 	Client Logon ID:	(0x0,0xA6BC)
 	Privileges:	SeSecurityPrivilege
 	Object Type:	%11
 	Object Name:	%12
 	Desired Access:	%13"
Information,2018-03-11 4:50:33 PM,Security,517,System Event,"The audit log was cleared 
 	Primary User Name:	SYSTEM
 	Primary Domain:	NT AUTHORITY
 	Primary Logon ID:	(0x0,0x3E7)
 	Client User Name:	SecurityNik
 	Client Domain:	SECURITYNIK-XP
 	Client Logon ID:	(0x0,0xA6BC)
 	Client Process ID:	%7
"
